#
# There is insufficient memory for the Java Runtime Environment to continue.
# Native memory allocation (malloc) failed to allocate 143654912 bytes for committing reserved memory.
# Possible reasons:
#   The system is out of physical RAM or swap space
#   In 32 bit mode, the process size limit was hit
# Possible solutions:
#   Reduce memory load on the system
#   Increase physical memory or swap space
#   Check if swap backing store is full
#   Use 64 bit Java on a 64 bit OS
#   Decrease Java heap size (-Xmx/-Xms)
#   Decrease number of Java threads
#   Decrease Java thread stack sizes (-Xss)
#   Set larger code cache with -XX:ReservedCodeCacheSize=
# This output file may be truncated or incomplete.
#
#  Out of Memory Error (os_linux.cpp:2798), pid=28374, tid=140623002728192
#
# JRE version: OpenJDK Runtime Environment (7.0_65-b32) (build 1.7.0_65-b32)
# Java VM: OpenJDK 64-Bit Server VM (24.65-b04 mixed mode linux-amd64 compressed oops)
# Derivative: IcedTea 2.5.3
# Distribution: Ubuntu 14.10, package 7u71-2.5.3-0ubuntu1
# Failed to write core dump. Core dumps have been disabled. To enable core dumping, try "ulimit -c unlimited" before starting Java again
#

---------------  T H R E A D  ---------------

Current thread (0x00007fe55413f000):  VMThread [stack: 0x00007fe5580ff000,0x00007fe558200000] [id=28383]

Stack: [0x00007fe5580ff000,0x00007fe558200000],  sp=0x00007fe5581fe480,  free space=1021k
Native frames: (J=compiled Java code, j=interpreted, Vv=VM code, C=native code)
V  [libjvm.so+0x980aa6]  VMError::report_and_die()+0x186
V  [libjvm.so+0x48fed2]  report_vm_out_of_memory(char const*, int, unsigned long, char const*)+0x92
V  [libjvm.so+0x7f480b]  os::pd_commit_memory(char*, unsigned long, unsigned long, bool)+0xeb
V  [libjvm.so+0x7eef1e]  os::commit_memory(char*, unsigned long, unsigned long, bool)+0x2e
V  [libjvm.so+0x86100b]  PSVirtualSpace::expand_by(unsigned long)+0x5b
V  [libjvm.so+0x84f80a]  PSOldGen::expand_by(unsigned long) [clone .part.29]+0x2a
V  [libjvm.so+0x84f9c0]  PSOldGen::expand(unsigned long) [clone .part.30]+0xc0
V  [libjvm.so+0x850958]  PSOldGen::resize(unsigned long)+0x198
V  [libjvm.so+0x857fc4]  PSParallelCompact::invoke_no_policy(bool) [clone .part.122]+0x994
V  [libjvm.so+0x85e925]  PSScavenge::invoke()+0x1a5
V  [libjvm.so+0x8163e3]  ParallelScavengeHeap::failed_mem_allocate(unsigned long)+0x63
V  [libjvm.so+0x982372]  VM_ParallelGCFailedAllocation::doit()+0x92
V  [libjvm.so+0x986be7]  VM_Operation::evaluate()+0x47
V  [libjvm.so+0x9851db]  VMThread::evaluate_operation(VM_Operation*)+0xab
V  [libjvm.so+0x985886]  VMThread::loop()+0x1e6
V  [libjvm.so+0x985d51]  VMThread::run()+0x81
V  [libjvm.so+0x7f14f2]  java_start(Thread*)+0xf2

VM_Operation (0x00007fe4fb0e8e90): ParallelGCFailedAllocation, mode: safepoint, requested by thread 0x00007fe4e4007800


---------------  P R O C E S S  ---------------

Java Threads: ( => current thread )
  0x00007fe504001800 JavaThread "http-bio-8080-exec-12" daemon [_thread_blocked, id=28460, stack(0x00007fe54821c000,0x00007fe54831d000)]
  0x00007fe4cc0b4800 JavaThread "http-bio-8080-exec-11" daemon [_thread_in_native, id=28454, stack(0x00007fe54831d000,0x00007fe54841e000)]
  0x00007fe4e4009800 JavaThread "http-bio-8080-exec-10" daemon [_thread_blocked, id=28452, stack(0x00007fe4faeef000,0x00007fe4faff0000)]
  0x00007fe4e4007800 JavaThread "http-bio-8080-exec-9" daemon [_thread_blocked, id=28451, stack(0x00007fe4faff0000,0x00007fe4fb0f1000)]
  0x00007fe4e4006000 JavaThread "http-bio-8080-exec-8" daemon [_thread_blocked, id=28450, stack(0x00007fe4fb0f1000,0x00007fe4fb1f2000)]
  0x00007fe4cc0d1000 JavaThread "http-bio-8080-exec-6" daemon [_thread_in_native, id=28447, stack(0x00007fe4fb2f3000,0x00007fe4fb3f4000)]
  0x0000000001387000 JavaThread "http-bio-8080-exec-5" daemon [_thread_in_native, id=28443, stack(0x00007fe4fb3f4000,0x00007fe4fb4f5000)]
  0x00007fe4e4003000 JavaThread "http-bio-8080-exec-4" daemon [_thread_in_native, id=28442, stack(0x00007fe4fb4f5000,0x00007fe4fb5f6000)]
  0x00007fe4d4176000 JavaThread "Thread-10" daemon [_thread_in_native, id=28440, stack(0x00007fe4fb5f6000,0x00007fe4fb6f7000)]
  0x00007fe4dc00f000 JavaThread "http-bio-8080-exec-3" daemon [_thread_in_native, id=28438, stack(0x00007fe4fb6f7000,0x00007fe4fb7f8000)]
  0x00007fe55400c800 JavaThread "DestroyJavaVM" [_thread_blocked, id=28378, stack(0x00007fe55d36e000,0x00007fe55d46f000)]
  0x00007fe554346000 JavaThread "Thread-8" [_thread_blocked, id=28435, stack(0x00007fe4fb7f8000,0x00007fe4fb8f9000)]
  0x00007fe4e4013800 JavaThread "http-bio-8080-exec-2" daemon [_thread_blocked, id=28434, stack(0x00007fe4fb8f9000,0x00007fe4fb9fa000)]
  0x00007fe554344000 JavaThread "http-bio-8080-AsyncTimeout" daemon [_thread_blocked, id=28432, stack(0x00007fe4fbafb000,0x00007fe4fbbfc000)]
  0x00007fe554354000 JavaThread "http-bio-8080-Acceptor-0" daemon [_thread_in_native, id=28431, stack(0x00007fe4fbbfc000,0x00007fe4fbcfd000)]
  0x00007fe554353000 JavaThread "ContainerBackgroundProcessor[StandardEngine[Tomcat]]" daemon [_thread_blocked, id=28430, stack(0x00007fe4fbcfd000,0x00007fe4fbdfe000)]
  0x00007fe508890000 JavaThread "fr.isima.webdev.Role.data" daemon [_thread_blocked, id=28427, stack(0x00007fe4fbdfe000,0x00007fe4fbeff000)]
  0x00007fe50882c800 JavaThread "net.sf.ehcache.CacheManager@5fc1a208" daemon [_thread_blocked, id=28426, stack(0x00007fe4fbeff000,0x00007fe4fc000000)]
  0x00007fe5086cf800 JavaThread "PoolCleaner[229080527:1422617104682]" daemon [_thread_blocked, id=28425, stack(0x00007fe54801a000,0x00007fe54811b000)]
  0x00007fe50808e800 JavaThread "FileSystemWatcher: files=#313 cl=groovy.lang.GroovyClassLoader@da77dcf" daemon [_thread_blocked, id=28420, stack(0x00007fe54811b000,0x00007fe54821c000)]
  0x00007fe554d77000 JavaThread "Thread-3" [_thread_in_native, id=28416, stack(0x00007fe548627000,0x00007fe548728000)]
  0x00007fe554750000 JavaThread "Thread-2" [_thread_blocked, id=28414, stack(0x00007fe54895b000,0x00007fe548a5c000)]
  0x00007fe5544e9000 JavaThread "NonBlockingInputStreamThread" daemon [_thread_blocked, id=28403, stack(0x00007fe55023b000,0x00007fe55033c000)]
  0x00007fe554314000 JavaThread "Service Thread" daemon [_thread_blocked, id=28389, stack(0x00007fe5506a9000,0x00007fe5507aa000)]
  0x00007fe554300000 JavaThread "C2 CompilerThread1" daemon [_thread_blocked, id=28388, stack(0x00007fe5507aa000,0x00007fe5508ab000)]
  0x00007fe554309000 JavaThread "C2 CompilerThread0" daemon [_thread_blocked, id=28387, stack(0x00007fe5508ab000,0x00007fe5509ac000)]
  0x00007fe554171000 JavaThread "Signal Dispatcher" daemon [_thread_blocked, id=28386, stack(0x00007fe550a2f000,0x00007fe550b30000)]
  0x00007fe554145800 JavaThread "Finalizer" daemon [_thread_blocked, id=28385, stack(0x00007fe550dfe000,0x00007fe550eff000)]
  0x00007fe554143800 JavaThread "Reference Handler" daemon [_thread_blocked, id=28384, stack(0x00007fe550eff000,0x00007fe551000000)]

Other Threads:
=>0x00007fe55413f000 VMThread [stack: 0x00007fe5580ff000,0x00007fe558200000] [id=28383]
  0x00007fe554326800 WatcherThread [stack: 0x00007fe5505a8000,0x00007fe5506a9000] [id=28390]

VM state:at safepoint (normal execution)

VM Mutex/Monitor currently owned by a thread:  ([mutex/lock_event])
[0x00007fe5540040f0] ExpandHeap_lock - owner thread: 0x00007fe55413f000
[0x00007fe554008c50] Threads_lock - owner thread: 0x00007fe55413f000
[0x00007fe554009150] Heap_lock - owner thread: 0x00007fe4e4007800

Heap
 PSYoungGen      total 204800K, used 22285K [0x00000000f0000000, 0x0000000100000000, 0x0000000100000000)
  eden space 146432K, 0% used [0x00000000f0000000,0x00000000f0000000,0x00000000f8f00000)
  from space 58368K, 38% used [0x00000000fc700000,0x00000000fdcc3458,0x0000000100000000)
  to   space 57344K, 0% used [0x00000000f8f00000,0x00000000f8f00000,0x00000000fc700000)
 ParOldGen       total 155648K, used 155226K [0x00000000d0000000, 0x00000000d9800000, 0x00000000f0000000)
  object space 155648K, 99% used [0x00000000d0000000,0x00000000d9796ae8,0x00000000d9800000)
 PSPermGen       total 88576K, used 88235K [0x00000000c0000000, 0x00000000c5680000, 0x00000000d0000000)
  object space 88576K, 99% used [0x00000000c0000000,0x00000000c562acb0,0x00000000c5680000)

Card table byte_map: [0x00007fe559b5e000,0x00007fe559d5f000] byte_map_base: 0x00007fe55955e000

Polling page: 0x00007fe55d48e000

Code Cache  [0x00007fe551000000, 0x00007fe551890000, 0x00007fe554000000)
 total_blobs=2614 nmethods=1911 adapters=653 free_code_cache=40520Kb largest_free_block=41355904

Compilation events (10 events):
Event: 410,007 Thread 0x00007fe554300000 2195             java.util.LinkedList::<init> (11 bytes)
Event: 410,014 Thread 0x00007fe554300000 nmethod 2195 0x00007fe551855b50 code [0x00007fe551855cc0, 0x00007fe551855f88]
Event: 410,023 Thread 0x00007fe554309000 2196             org.codehaus.groovy.classgen.asm.OptimizingStatementWriter$OptimizeFlagsCollector::shouldOptimize (8 bytes)
Event: 410,024 Thread 0x00007fe554309000 nmethod 2196 0x00007fe551855910 code [0x00007fe551855a40, 0x00007fe551855ab8]
Event: 410,036 Thread 0x00007fe554300000 2197             org.codehaus.groovy.classgen.asm.CompileStack::resetVariableIndex (35 bytes)
Event: 410,038 Thread 0x00007fe554300000 nmethod 2197 0x00007fe551855590 code [0x00007fe5518556c0, 0x00007fe551855798]
Event: 410,043 Thread 0x00007fe554309000 2198             org.codehaus.groovy.classgen.asm.WriterController::getCallSiteWriter (5 bytes)
Event: 410,043 Thread 0x00007fe554309000 nmethod 2198 0x00007fe551854c10 code [0x00007fe551854d40, 0x00007fe551854d98]
Event: 410,052 Thread 0x00007fe554300000 2199             org.codehaus.groovy.classgen.ExtendedVerifier::visitAnnotations (184 bytes)
Event: 410,054 Thread 0x00007fe554300000 nmethod 2199 0x00007fe551854910 code [0x00007fe551854a60, 0x00007fe551854b18]

GC Heap History (10 events):
Event: 321,570 GC heap after
Heap after GC invocations=64 (full 4):
 PSYoungGen      total 205312K, used 37163K [0x00000000f0000000, 0x0000000100000000, 0x0000000100000000)
  eden space 153600K, 0% used [0x00000000f0000000,0x00000000f0000000,0x00000000f9600000)
  from space 51712K, 71% used [0x00000000fcd80000,0x00000000ff1cace8,0x0000000100000000)
  to   space 54272K, 0% used [0x00000000f9600000,0x00000000f9600000,0x00000000fcb00000)
 ParOldGen       total 155648K, used 139368K [0x00000000d0000000, 0x00000000d9800000, 0x00000000f0000000)
  object space 155648K, 89% used [0x00000000d0000000,0x00000000d881a230,0x00000000d9800000)
 PSPermGen       total 87040K, used 86916K [0x00000000c0000000, 0x00000000c5500000, 0x00000000d0000000)
  object space 87040K, 99% used [0x00000000c0000000,0x00000000c54e12a8,0x00000000c5500000)
}
Event: 369,934 GC heap before
{Heap before GC invocations=65 (full 4):
 PSYoungGen      total 205312K, used 190763K [0x00000000f0000000, 0x0000000100000000, 0x0000000100000000)
  eden space 153600K, 100% used [0x00000000f0000000,0x00000000f9600000,0x00000000f9600000)
  from space 51712K, 71% used [0x00000000fcd80000,0x00000000ff1cace8,0x0000000100000000)
  to   space 54272K, 0% used [0x00000000f9600000,0x00000000f9600000,0x00000000fcb00000)
 ParOldGen       total 155648K, used 139368K [0x00000000d0000000, 0x00000000d9800000, 0x00000000f0000000)
  object space 155648K, 89% used [0x00000000d0000000,0x00000000d881a230,0x00000000d9800000)
 PSPermGen       total 87040K, used 86992K [0x00000000c0000000, 0x00000000c5500000, 0x00000000d0000000)
  object space 87040K, 99% used [0x00000000c0000000,0x00000000c54f4060,0x00000000c5500000)
Event: 370,039 GC heap after
Heap after GC invocations=65 (full 4):
 PSYoungGen      total 189952K, used 36151K [0x00000000f0000000, 0x0000000100000000, 0x0000000100000000)
  eden space 153600K, 0% used [0x00000000f0000000,0x00000000f0000000,0x00000000f9600000)
  from space 36352K, 99% used [0x00000000f9600000,0x00000000fb94dfb8,0x00000000fb980000)
  to   space 55808K, 0% used [0x00000000fc980000,0x00000000fc980000,0x0000000100000000)
 ParOldGen       total 155648K, used 143311K [0x00000000d0000000, 0x00000000d9800000, 0x00000000f0000000)
  object space 155648K, 92% used [0x00000000d0000000,0x00000000d8bf3f80,0x00000000d9800000)
 PSPermGen       total 87040K, used 86992K [0x00000000c0000000, 0x00000000c5500000, 0x00000000d0000000)
  object space 87040K, 99% used [0x00000000c0000000,0x00000000c54f4060,0x00000000c5500000)
}
Event: 371,120 GC heap before
{Heap before GC invocations=66 (full 4):
 PSYoungGen      total 189952K, used 189751K [0x00000000f0000000, 0x0000000100000000, 0x0000000100000000)
  eden space 153600K, 100% used [0x00000000f0000000,0x00000000f9600000,0x00000000f9600000)
  from space 36352K, 99% used [0x00000000f9600000,0x00000000fb94dfb8,0x00000000fb980000)
  to   space 55808K, 0% used [0x00000000fc980000,0x00000000fc980000,0x0000000100000000)
 ParOldGen       total 155648K, used 143311K [0x00000000d0000000, 0x00000000d9800000, 0x00000000f0000000)
  object space 155648K, 92% used [0x00000000d0000000,0x00000000d8bf3f80,0x00000000d9800000)
 PSPermGen       total 88064K, used 87711K [0x00000000c0000000, 0x00000000c5600000, 0x00000000d0000000)
  object space 88064K, 99% used [0x00000000c0000000,0x00000000c55a7e48,0x00000000c5600000)
Event: 371,150 GC heap after
Heap after GC invocations=66 (full 4):
 PSYoungGen      total 204288K, used 36542K [0x00000000f0000000, 0x0000000100000000, 0x0000000100000000)
  eden space 148480K, 0% used [0x00000000f0000000,0x00000000f0000000,0x00000000f9100000)
  from space 55808K, 65% used [0x00000000fc980000,0x00000000fed2fb30,0x0000000100000000)
  to   space 56832K, 0% used [0x00000000f9100000,0x00000000f9100000,0x00000000fc880000)
 ParOldGen       total 155648K, used 143311K [0x00000000d0000000, 0x00000000d9800000, 0x00000000f0000000)
  object space 155648K, 92% used [0x00000000d0000000,0x00000000d8bf3f80,0x00000000d9800000)
 PSPermGen       total 88064K, used 87711K [0x00000000c0000000, 0x00000000c5600000, 0x00000000d0000000)
  object space 88064K, 99% used [0x00000000c0000000,0x00000000c55a7e48,0x00000000c5600000)
}
Event: 371,541 GC heap before
{Heap before GC invocations=67 (full 4):
 PSYoungGen      total 204288K, used 185022K [0x00000000f0000000, 0x0000000100000000, 0x0000000100000000)
  eden space 148480K, 100% used [0x00000000f0000000,0x00000000f9100000,0x00000000f9100000)
  from space 55808K, 65% used [0x00000000fc980000,0x00000000fed2fb30,0x0000000100000000)
  to   space 56832K, 0% used [0x00000000f9100000,0x00000000f9100000,0x00000000fc880000)
 ParOldGen       total 155648K, used 143311K [0x00000000d0000000, 0x00000000d9800000, 0x00000000f0000000)
  object space 155648K, 92% used [0x00000000d0000000,0x00000000d8bf3f80,0x00000000d9800000)
 PSPermGen       total 88064K, used 87759K [0x00000000c0000000, 0x00000000c5600000, 0x00000000d0000000)
  object space 88064K, 99% used [0x00000000c0000000,0x00000000c55b3d00,0x00000000c5600000)
Event: 371,570 GC heap after
Heap after GC invocations=67 (full 4):
 PSYoungGen      total 188416K, used 39606K [0x00000000f0000000, 0x0000000100000000, 0x0000000100000000)
  eden space 148480K, 0% used [0x00000000f0000000,0x00000000f0000000,0x00000000f9100000)
  from space 39936K, 99% used [0x00000000f9100000,0x00000000fb7adae0,0x00000000fb800000)
  to   space 58368K, 0% used [0x00000000fc700000,0x00000000fc700000,0x0000000100000000)
 ParOldGen       total 155648K, used 143311K [0x00000000d0000000, 0x00000000d9800000, 0x00000000f0000000)
  object space 155648K, 92% used [0x00000000d0000000,0x00000000d8bf3f80,0x00000000d9800000)
 PSPermGen       total 88064K, used 87759K [0x00000000c0000000, 0x00000000c5600000, 0x00000000d0000000)
  object space 88064K, 99% used [0x00000000c0000000,0x00000000c55b3d00,0x00000000c5600000)
}
Event: 410,073 GC heap before
{Heap before GC invocations=68 (full 4):
 PSYoungGen      total 188416K, used 188086K [0x00000000f0000000, 0x0000000100000000, 0x0000000100000000)
  eden space 148480K, 100% used [0x00000000f0000000,0x00000000f9100000,0x00000000f9100000)
  from space 39936K, 99% used [0x00000000f9100000,0x00000000fb7adae0,0x00000000fb800000)
  to   space 58368K, 0% used [0x00000000fc700000,0x00000000fc700000,0x0000000100000000)
 ParOldGen       total 155648K, used 143311K [0x00000000d0000000, 0x00000000d9800000, 0x00000000f0000000)
  object space 155648K, 92% used [0x00000000d0000000,0x00000000d8bf3f80,0x00000000d9800000)
 PSPermGen       total 88576K, used 88299K [0x00000000c0000000, 0x00000000c5680000, 0x00000000d0000000)
  object space 88576K, 99% used [0x00000000c0000000,0x00000000c563aca0,0x00000000c5680000)
Event: 410,156 GC heap after
Heap after GC invocations=68 (full 4):
 PSYoungGen      total 204800K, used 33303K [0x00000000f0000000, 0x0000000100000000, 0x0000000100000000)
  eden space 146432K, 0% used [0x00000000f0000000,0x00000000f0000000,0x00000000f8f00000)
  from space 58368K, 57% used [0x00000000fc700000,0x00000000fe785f10,0x0000000100000000)
  to   space 57344K, 0% used [0x00000000f8f00000,0x00000000f8f00000,0x00000000fc700000)
 ParOldGen       total 155648K, used 152363K [0x00000000d0000000, 0x00000000d9800000, 0x00000000f0000000)
  object space 155648K, 97% used [0x00000000d0000000,0x00000000d94caf68,0x00000000d9800000)
 PSPermGen       total 88576K, used 88299K [0x00000000c0000000, 0x00000000c5680000, 0x00000000d0000000)
  object space 88576K, 99% used [0x00000000c0000000,0x00000000c563aca0,0x00000000c5680000)
}
Event: 410,156 GC heap before
{Heap before GC invocations=69 (full 5):
 PSYoungGen      total 204800K, used 33303K [0x00000000f0000000, 0x0000000100000000, 0x0000000100000000)
  eden space 146432K, 0% used [0x00000000f0000000,0x00000000f0000000,0x00000000f8f00000)
  from space 58368K, 57% used [0x00000000fc700000,0x00000000fe785f10,0x0000000100000000)
  to   space 57344K, 0% used [0x00000000f8f00000,0x00000000f8f00000,0x00000000fc700000)
 ParOldGen       total 155648K, used 152363K [0x00000000d0000000, 0x00000000d9800000, 0x00000000f0000000)
  object space 155648K, 97% used [0x00000000d0000000,0x00000000d94caf68,0x00000000d9800000)
 PSPermGen       total 88576K, used 88299K [0x00000000c0000000, 0x00000000c5680000, 0x00000000d0000000)
  object space 88576K, 99% used [0x00000000c0000000,0x00000000c563aca0,0x00000000c5680000)

Deoptimization events (10 events):
Event: 93,753 Thread 0x00007fe4e4004800 Uncommon trap: reason=class_check action=maybe_recompile pc=0x00007fe551672054 method=org.codehaus.groovy.runtime.callsite.PogoMetaMethodSite.nonParamCheck(Ljava/lang/Object;)Z @ 7
Event: 93,754 Thread 0x00007fe4e4004800 Uncommon trap: reason=class_check action=maybe_recompile pc=0x00007fe551672054 method=org.codehaus.groovy.runtime.callsite.PogoMetaMethodSite.nonParamCheck(Ljava/lang/Object;)Z @ 7
Event: 94,073 Thread 0x00007fe4e4006000 Uncommon trap: reason=unreached action=reinterpret pc=0x00007fe5515f3ff4 method=java.util.concurrent.locks.AbstractQueuedSynchronizer.release(I)Z @ 14
Event: 121,503 Thread 0x00007fe4dc00f000 Uncommon trap: reason=null_check action=make_not_entrant pc=0x00007fe5517fb15c method=org.codehaus.groovy.control.ResolveVisitor.transformVariableExpression(Lorg/codehaus/groovy/ast/expr/VariableExpression;)Lorg/codehaus/groovy/ast/expr/Expression; @ 11
Event: 126,072 Thread 0x00007fe504001800 Uncommon trap: reason=class_check action=maybe_recompile pc=0x00007fe551672054 method=org.codehaus.groovy.runtime.callsite.PogoMetaMethodSite.nonParamCheck(Ljava/lang/Object;)Z @ 7
Event: 126,421 Thread 0x00007fe4e4009800 Uncommon trap: reason=null_check action=make_not_entrant pc=0x00007fe551858900 method=com.googlecode.concurrentlinkedhashmap.ConcurrentLinkedHashMap.get(Ljava/lang/Object;)Ljava/lang/Object; @ 10
Event: 177,525 Thread 0x00007fe4e4013800 Uncommon trap: reason=null_check action=make_not_entrant pc=0x00007fe551855bb0 method=java.util.AbstractSet.equals(Ljava/lang/Object;)Z @ 8
Event: 177,525 Thread 0x00007fe4e4013800 Uncommon trap: reason=null_check action=make_not_entrant pc=0x00007fe551854b30 method=java.util.AbstractSet.equals(Ljava/lang/Object;)Z @ 8
Event: 370,205 Thread 0x00007fe4dc00f000 Uncommon trap: reason=null_check action=make_not_entrant pc=0x00007fe5518827c4 method=org.codehaus.groovy.control.OptimizerVisitor.setConstField(Lorg/codehaus/groovy/ast/expr/ConstantExpression;)V @ 45
Event: 372,698 Thread 0x00007fe4e4009800 Uncommon trap: reason=null_check action=make_not_entrant pc=0x00007fe55180b644 method=grails.util.Environment.getCurrent()Lgrails/util/Environment; @ 6

Internal exceptions (10 events):
Event: 409,722 Thread 0x00007fe4e4007800 Threw 0x00000000f6330578 at /build/buildd/openjdk-7-7u71-2.5.3/build/openjdk/hotspot/src/share/vm/prims/jvm.cpp:1284
Event: 409,722 Thread 0x00007fe4e4007800 Threw 0x00000000f6361670 at /build/buildd/openjdk-7-7u71-2.5.3/build/openjdk/hotspot/src/share/vm/prims/jvm.cpp:1284
Event: 409,722 Thread 0x00007fe4e4007800 Threw 0x00000000f6362f00 at /build/buildd/openjdk-7-7u71-2.5.3/build/openjdk/hotspot/src/share/vm/prims/jvm.cpp:1284
Event: 409,722 Thread 0x00007fe4e4007800 Threw 0x00000000f637f038 at /build/buildd/openjdk-7-7u71-2.5.3/build/openjdk/hotspot/src/share/vm/prims/jvm.cpp:1284
Event: 409,723 Thread 0x00007fe4e4007800 Threw 0x00000000f6380c78 at /build/buildd/openjdk-7-7u71-2.5.3/build/openjdk/hotspot/src/share/vm/prims/jvm.cpp:1284
Event: 409,723 Thread 0x00007fe4e4007800 Threw 0x00000000f6385f60 at /build/buildd/openjdk-7-7u71-2.5.3/build/openjdk/hotspot/src/share/vm/prims/jvm.cpp:1284
Event: 409,723 Thread 0x00007fe4e4007800 Threw 0x00000000f63998a0 at /build/buildd/openjdk-7-7u71-2.5.3/build/openjdk/hotspot/src/share/vm/prims/jvm.cpp:1284
Event: 409,723 Thread 0x00007fe4e4007800 Threw 0x00000000f63c5548 at /build/buildd/openjdk-7-7u71-2.5.3/build/openjdk/hotspot/src/share/vm/prims/jvm.cpp:1284
Event: 409,723 Thread 0x00007fe4e4007800 Threw 0x00000000f63c6bd8 at /build/buildd/openjdk-7-7u71-2.5.3/build/openjdk/hotspot/src/share/vm/prims/jvm.cpp:1284
Event: 409,723 Thread 0x00007fe4e4007800 Threw 0x00000000f63dfc58 at /build/buildd/openjdk-7-7u71-2.5.3/build/openjdk/hotspot/src/share/vm/prims/jvm.cpp:1284

Events (10 events):
Event: 409,720 loading class 0x00007fe4d40ede10 done
Event: 409,721 loading class 0x00007fe4d40ede80
Event: 409,721 loading class 0x00007fe4d40ede80 done
Event: 409,722 loading class 0x00007fe4d41818c0
Event: 409,722 loading class 0x00007fe4d41818c0 done
Event: 409,723 loading class 0x00007fe4d4181930
Event: 409,723 loading class 0x00007fe4d4181930 done
Event: 409,942 Thread 0x00007fe554309000 flushing nmethod 0x00007fe551854810
Event: 409,942 Thread 0x00007fe554309000 flushing nmethod 0x00007fe551855590
Event: 410,072 Executing VM operation: ParallelGCFailedAllocation


Dynamic libraries:
00400000-00401000 r-xp 00000000 08:01 2233750                            /usr/lib/jvm/java-7-openjdk-amd64/jre/bin/java
00600000-00601000 r--p 00000000 08:01 2233750                            /usr/lib/jvm/java-7-openjdk-amd64/jre/bin/java
00601000-00602000 rw-p 00001000 08:01 2233750                            /usr/lib/jvm/java-7-openjdk-amd64/jre/bin/java
0136c000-013cf000 rw-p 00000000 00:00 0                                  [heap]
c0000000-c5680000 rw-p 00000000 00:00 0 
c5680000-d0000000 rw-p 00000000 00:00 0 
d0000000-d9800000 rw-p 00000000 00:00 0 
e2100000-f0000000 rw-p 00000000 00:00 0 
f0000000-100000000 rw-p 00000000 00:00 0 
7fe4cc000000-7fe4cc14f000 rw-p 00000000 00:00 0 
7fe4cc14f000-7fe4d0000000 ---p 00000000 00:00 0 
7fe4d4000000-7fe4d421a000 rw-p 00000000 00:00 0 
7fe4d421a000-7fe4d8000000 ---p 00000000 00:00 0 
7fe4d8000000-7fe4d8042000 rw-p 00000000 00:00 0 
7fe4d8042000-7fe4dc000000 ---p 00000000 00:00 0 
7fe4dc000000-7fe4dc070000 rw-p 00000000 00:00 0 
7fe4dc070000-7fe4e0000000 ---p 00000000 00:00 0 
7fe4e0000000-7fe4e0029000 rw-p 00000000 00:00 0 
7fe4e0029000-7fe4e4000000 ---p 00000000 00:00 0 
7fe4e4000000-7fe4e4021000 rw-p 00000000 00:00 0 
7fe4e4021000-7fe4e8000000 ---p 00000000 00:00 0 
7fe4e8000000-7fe4e802c000 rw-p 00000000 00:00 0 
7fe4e802c000-7fe4ec000000 ---p 00000000 00:00 0 
7fe4ec000000-7fe4ec021000 rw-p 00000000 00:00 0 
7fe4ec021000-7fe4f0000000 ---p 00000000 00:00 0 
7fe4f0000000-7fe4f0021000 rw-p 00000000 00:00 0 
7fe4f0021000-7fe4f4000000 ---p 00000000 00:00 0 
7fe4f4000000-7fe4f4021000 rw-p 00000000 00:00 0 
7fe4f4021000-7fe4f8000000 ---p 00000000 00:00 0 
7fe4faeef000-7fe4faef2000 ---p 00000000 00:00 0 
7fe4faef2000-7fe4faff0000 rw-p 00000000 00:00 0                          [stack:28452]
7fe4faff0000-7fe4faff3000 ---p 00000000 00:00 0 
7fe4faff3000-7fe4fb0f1000 rw-p 00000000 00:00 0                          [stack:28451]
7fe4fb0f1000-7fe4fb0f4000 ---p 00000000 00:00 0 
7fe4fb0f4000-7fe4fb1f2000 rw-p 00000000 00:00 0                          [stack:28450]
7fe4fb1f2000-7fe4fb1f5000 ---p 00000000 00:00 0 
7fe4fb1f5000-7fe4fb2f3000 rw-p 00000000 00:00 0 
7fe4fb2f3000-7fe4fb2f6000 ---p 00000000 00:00 0 
7fe4fb2f6000-7fe4fb3f4000 rw-p 00000000 00:00 0                          [stack:28447]
7fe4fb3f4000-7fe4fb3f7000 ---p 00000000 00:00 0 
7fe4fb3f7000-7fe4fb4f5000 rw-p 00000000 00:00 0                          [stack:28443]
7fe4fb4f5000-7fe4fb4f8000 ---p 00000000 00:00 0 
7fe4fb4f8000-7fe4fb5f6000 rw-p 00000000 00:00 0                          [stack:28442]
7fe4fb5f6000-7fe4fb5f9000 ---p 00000000 00:00 0 
7fe4fb5f9000-7fe4fb6f7000 rw-p 00000000 00:00 0                          [stack:28440]
7fe4fb6f7000-7fe4fb6fa000 ---p 00000000 00:00 0 
7fe4fb6fa000-7fe4fb7f8000 rw-p 00000000 00:00 0                          [stack:28438]
7fe4fb7f8000-7fe4fb7fb000 ---p 00000000 00:00 0 
7fe4fb7fb000-7fe4fb8f9000 rw-p 00000000 00:00 0                          [stack:28435]
7fe4fb8f9000-7fe4fb8fc000 ---p 00000000 00:00 0 
7fe4fb8fc000-7fe4fb9fa000 rw-p 00000000 00:00 0                          [stack:28434]
7fe4fb9fa000-7fe4fb9fd000 ---p 00000000 00:00 0 
7fe4fb9fd000-7fe4fbafb000 rw-p 00000000 00:00 0 
7fe4fbafb000-7fe4fbafe000 ---p 00000000 00:00 0 
7fe4fbafe000-7fe4fbbfc000 rw-p 00000000 00:00 0                          [stack:28432]
7fe4fbbfc000-7fe4fbbff000 ---p 00000000 00:00 0 
7fe4fbbff000-7fe4fbcfd000 rw-p 00000000 00:00 0                          [stack:28431]
7fe4fbcfd000-7fe4fbd00000 ---p 00000000 00:00 0 
7fe4fbd00000-7fe4fbdfe000 rw-p 00000000 00:00 0                          [stack:28430]
7fe4fbdfe000-7fe4fbe01000 ---p 00000000 00:00 0 
7fe4fbe01000-7fe4fbeff000 rw-p 00000000 00:00 0                          [stack:28427]
7fe4fbeff000-7fe4fbf02000 ---p 00000000 00:00 0 
7fe4fbf02000-7fe4fc000000 rw-p 00000000 00:00 0                          [stack:28426]
7fe4fc000000-7fe4fc021000 rw-p 00000000 00:00 0 
7fe4fc021000-7fe500000000 ---p 00000000 00:00 0 
7fe500000000-7fe500021000 rw-p 00000000 00:00 0 
7fe500021000-7fe504000000 ---p 00000000 00:00 0 
7fe504000000-7fe504024000 rw-p 00000000 00:00 0 
7fe504024000-7fe508000000 ---p 00000000 00:00 0 
7fe508000000-7fe509023000 rw-p 00000000 00:00 0 
7fe509023000-7fe50c000000 ---p 00000000 00:00 0 
7fe50c000000-7fe50c021000 rw-p 00000000 00:00 0 
7fe50c021000-7fe510000000 ---p 00000000 00:00 0 
7fe510000000-7fe510021000 rw-p 00000000 00:00 0 
7fe510021000-7fe514000000 ---p 00000000 00:00 0 
7fe514000000-7fe514034000 rw-p 00000000 00:00 0 
7fe514034000-7fe518000000 ---p 00000000 00:00 0 
7fe518000000-7fe518021000 rw-p 00000000 00:00 0 
7fe518021000-7fe51c000000 ---p 00000000 00:00 0 
7fe51c000000-7fe51c021000 rw-p 00000000 00:00 0 
7fe51c021000-7fe520000000 ---p 00000000 00:00 0 
7fe520000000-7fe520021000 rw-p 00000000 00:00 0 
7fe520021000-7fe524000000 ---p 00000000 00:00 0 
7fe524000000-7fe5262cb000 rw-p 00000000 00:00 0 
7fe5262cb000-7fe528000000 ---p 00000000 00:00 0 
7fe528000000-7fe52a722000 rw-p 00000000 00:00 0 
7fe52a722000-7fe52c000000 ---p 00000000 00:00 0 
7fe52c000000-7fe52c021000 rw-p 00000000 00:00 0 
7fe52c021000-7fe530000000 ---p 00000000 00:00 0 
7fe530000000-7fe530021000 rw-p 00000000 00:00 0 
7fe530021000-7fe534000000 ---p 00000000 00:00 0 
7fe534000000-7fe53423e000 rw-p 00000000 00:00 0 
7fe53423e000-7fe538000000 ---p 00000000 00:00 0 
7fe538000000-7fe538021000 rw-p 00000000 00:00 0 
7fe538021000-7fe53c000000 ---p 00000000 00:00 0 
7fe53c000000-7fe53c043000 rw-p 00000000 00:00 0 
7fe53c043000-7fe540000000 ---p 00000000 00:00 0 
7fe540000000-7fe540041000 rw-p 00000000 00:00 0 
7fe540041000-7fe544000000 ---p 00000000 00:00 0 
7fe544000000-7fe544037000 rw-p 00000000 00:00 0 
7fe544037000-7fe548000000 ---p 00000000 00:00 0 
7fe54800f000-7fe548010000 rw-p 00000000 00:00 0 
7fe548010000-7fe54801a000 r--s 00203000 08:01 2233704                    /usr/lib/jvm/java-7-openjdk-amd64/jre/lib/charsets.jar
7fe54801a000-7fe54801d000 ---p 00000000 00:00 0 
7fe54801d000-7fe54811b000 rw-p 00000000 00:00 0                          [stack:28425]
7fe54811b000-7fe54811e000 ---p 00000000 00:00 0 
7fe54811e000-7fe54821c000 rw-p 00000000 00:00 0                          [stack:28420]
7fe54821c000-7fe54821f000 ---p 00000000 00:00 0 
7fe54821f000-7fe54831d000 rw-p 00000000 00:00 0                          [stack:28460]
7fe54831d000-7fe548320000 ---p 00000000 00:00 0 
7fe548320000-7fe54841e000 rw-p 00000000 00:00 0                          [stack:28454]
7fe54841e000-7fe548426000 r-xp 00000000 08:01 2231795                    /usr/lib/jvm/java-7-openjdk-amd64/jre/lib/amd64/libmanagement.so
7fe548426000-7fe548625000 ---p 00008000 08:01 2231795                    /usr/lib/jvm/java-7-openjdk-amd64/jre/lib/amd64/libmanagement.so
7fe548625000-7fe548626000 r--p 00007000 08:01 2231795                    /usr/lib/jvm/java-7-openjdk-amd64/jre/lib/amd64/libmanagement.so
7fe548626000-7fe548627000 rw-p 00008000 08:01 2231795                    /usr/lib/jvm/java-7-openjdk-amd64/jre/lib/amd64/libmanagement.so
7fe548627000-7fe54862a000 ---p 00000000 00:00 0 
7fe54862a000-7fe548728000 rw-p 00000000 00:00 0                          [stack:28416]
7fe548728000-7fe54872b000 r--s 00012000 08:01 5374156                    /root/.gvm/grails/2.4.4/lib/javax.servlet/javax.servlet-api/jars/javax.servlet-api-3.0.1.jar
7fe54872b000-7fe54873c000 r--s 000d2000 08:01 5505270                    /root/.m2/repository/org/liquibase/liquibase-core/2.0.5/liquibase-core-2.0.5.jar
7fe54873c000-7fe54873e000 r--s 00013000 08:01 5377081                    /root/.gvm/grails/2.4.4/dist/grails-databinding-2.4.4.jar
7fe54873e000-7fe548743000 r--s 00040000 08:01 5377543                    /root/.gvm/grails/2.4.4/dist/grails-project-api-2.4.4.jar
7fe548743000-7fe548746000 r--s 0000f000 08:01 5505269                    /root/.m2/repository/org/hibernate/hibernate-commons-annotations/3.2.0.Final/hibernate-commons-annotations-3.2.0.Final.jar
7fe548746000-7fe548750000 r--s 0005f000 08:01 5505265                    /root/.m2/repository/org/hibernate/hibernate-entitymanager/3.6.10.Final/hibernate-entitymanager-3.6.10.Final.jar
7fe548750000-7fe548757000 r--s 00040000 08:01 5505263                    /root/.m2/repository/org/hibernate/hibernate-validator/4.1.0.Final/hibernate-validator-4.1.0.Final.jar
7fe548757000-7fe54875a000 r--s 00009000 08:01 5505262                    /root/.m2/repository/javax/validation/validation-api/1.0.0.GA/validation-api-1.0.0.GA.jar
7fe54875a000-7fe54878c000 r--s 002c9000 08:01 5505261                    /root/.m2/repository/org/hibernate/hibernate-core/3.6.10.Final/hibernate-core-3.6.10.Final.jar
7fe54878c000-7fe54879a000 r--s 0007f000 08:01 5374102                    /root/.gvm/grails/2.4.4/lib/commons-collections/commons-collections/jars/commons-collections-3.2.1.jar
7fe54879a000-7fe5487a0000 r--s 0004c000 08:01 5505260                    /root/.m2/repository/org/grails/grails-datastore-simple/3.1.2.RELEASE/grails-datastore-simple-3.1.2.RELEASE.jar
7fe5487a0000-7fe5487a2000 r--s 0000a000 08:01 5505255                    /root/.m2/repository/org/grails/grails-datastore-gorm-plugin-support/3.1.2.RELEASE/grails-datastore-gorm-plugin-support-3.1.2.RELEASE.jar
7fe5487a2000-7fe5487aa000 r--s 00052000 08:01 5505253                    /root/.m2/repository/org/springframework/spring-orm/4.0.7.RELEASE/spring-orm-4.0.7.RELEASE.jar
7fe5487aa000-7fe5487af000 r--s 00048000 08:01 5505251                    /root/.m2/repository/dom4j/dom4j/1.6.1/dom4j-1.6.1.jar
7fe5487af000-7fe5487b4000 r--s 00068000 08:01 5505249                    /root/.m2/repository/antlr/antlr/2.7.7/antlr-2.7.7.jar
7fe5487b4000-7fe5487ba000 r--s 00041000 08:01 5505247                    /root/.m2/repository/org/grails/grails-datastore-gorm-hibernate-core/3.1.2.RELEASE/grails-datastore-gorm-hibernate-core-3.1.2.RELEASE.jar
7fe5487ba000-7fe5487c2000 r--s 00054000 08:01 5505245                    /root/.m2/repository/org/grails/grails-datastore-gorm-hibernate/3.1.2.RELEASE/grails-datastore-gorm-hibernate-3.1.2.RELEASE.jar
7fe5487c2000-7fe5487cc000 r--s 00081000 08:01 5505243                    /root/.m2/repository/org/grails/grails-datastore-gorm/3.1.2.RELEASE/grails-datastore-gorm-3.1.2.RELEASE.jar
7fe5487cc000-7fe5487cd000 r--s 00003000 08:01 5374169                    /root/.gvm/grails/2.4.4/lib/javax.transaction/jta/jars/jta-1.1.jar
7fe5487cd000-7fe5487d8000 r--s 00053000 08:01 5378327                    /root/.m2/repository/org/grails/grails-datastore-core/3.1.2.RELEASE/grails-datastore-core-3.1.2.RELEASE.jar
7fe5487d8000-7fe5487ee000 r--s 000e6000 08:01 5505241                    /root/.m2/repository/net/sf/ehcache/ehcache-core/2.4.8/ehcache-core-2.4.8.jar
7fe5487ee000-7fe5487ef000 r--s 00002000 08:01 5505237                    /root/.m2/repository/org/hibernate/hibernate-ehcache/3.6.10.Final/hibernate-ehcache-3.6.10.Final.jar
7fe5487ef000-7fe5487f4000 r--s 0002e000 08:01 5374561                    /root/.gvm/grails/2.4.4/lib/org.springframework/spring-expression/jars/spring-expression-4.0.7.RELEASE.jar
7fe5487f4000-7fe5487fe000 r--s 0004a000 08:01 5505235                    /root/.m2/repository/org/springframework/security/spring-security-web/3.2.3.RELEASE/spring-security-web-3.2.3.RELEASE.jar
7fe5487fe000-7fe548809000 r--s 0004d000 08:01 5505228                    /root/.m2/repository/org/springframework/security/spring-security-core/3.2.3.RELEASE/spring-security-core-3.2.3.RELEASE.jar
7fe548809000-7fe54880d000 r--s 00027000 08:01 5374110                    /root/.gvm/grails/2.4.4/lib/commons-io/commons-io/jars/commons-io-2.2.jar
7fe54880d000-7fe54881a000 r--s 00109000 08:01 5378325                    /root/.m2/repository/org/mozilla/rhino/1.7R4/rhino-1.7R4.jar
7fe54881a000-7fe548823000 r--s 000a5000 08:01 5378323                    /root/.m2/repository/org/javassist/javassist/3.17.1-GA/javassist-3.17.1-GA.jar
7fe548823000-7fe548825000 r--s 00085000 08:01 5377564                    /root/.gvm/grails/2.4.4/dist/grails-resources-2.4.4.jar
7fe548825000-7fe548832000 r--s 00189000 08:01 5374077                    /root/.gvm/grails/2.4.4/lib/com.h2database/h2/jars/h2-1.3.176.jar
7fe548832000-7fe548834000 r--s 0000e000 08:01 5377396                    /root/.gvm/grails/2.4.4/dist/grails-plugin-mimetypes-2.4.4.jar
7fe548834000-7fe548835000 r--s 0000a000 08:01 5374017                    /root/.gvm/grails/2.4.4/lib/asm/asm/jars/asm-3.3.1.jar
7fe548835000-7fe54883c000 r--s 00040000 08:01 5374033                    /root/.gvm/grails/2.4.4/lib/cglib/cglib/jars/cglib-2.2.2.jar
7fe54883c000-7fe54883f000 r--s 00018000 08:01 5377291                    /root/.gvm/grails/2.4.4/dist/grails-plugin-domain-class-2.4.4.jar
7fe54883f000-7fe548843000 r--s 00021000 08:01 5377228                    /root/.gvm/grails/2.4.4/dist/grails-plugin-converters-2.4.4.jar
7fe548843000-7fe548844000 r--s 0000e000 08:01 5374331                    /root/.gvm/grails/2.4.4/lib/org.codehaus.jsr166-mirror/jsr166y/jars/jsr166y-1.7.0.jar
7fe548844000-7fe548860000 r--s 00136000 08:01 5374317                    /root/.gvm/grails/2.4.4/lib/org.codehaus.gpars/gpars/jars/gpars-1.2.1.jar
7fe548860000-7fe548862000 r--s 00011000 08:01 5377018                    /root/.gvm/grails/2.4.4/dist/grails-async-2.4.4.jar
7fe548862000-7fe548864000 r--s 0000e000 08:01 5377165                    /root/.gvm/grails/2.4.4/dist/grails-plugin-async-2.4.4.jar
7fe548864000-7fe548868000 r--s 00019000 08:01 5374063                    /root/.gvm/grails/2.4.4/lib/com.googlecode.concurrentlinkedhashmap/concurrentlinkedhashmap-lru/jars/concurrentlinkedhashmap-lru-1.4.jar
7fe548868000-7fe54886c000 r--s 00028000 08:01 5374121                    /root/.gvm/grails/2.4.4/lib/commons-validator/commons-validator/jars/commons-validator-1.4.0.jar
7fe54886c000-7fe54886f000 r--s 00012000 08:01 5377648                    /root/.gvm/grails/2.4.4/dist/grails-validation-2.4.4.jar
7fe54886f000-7fe548871000 r--s 0000e000 08:01 5377501                    /root/.gvm/grails/2.4.4/dist/grails-plugin-url-mappings-2.4.4.jar
7fe548871000-7fe548872000 r--s 00006000 08:01 5377459                    /root/.gvm/grails/2.4.4/dist/grails-plugin-servlets-2.4.4.jar
7fe548872000-7fe548879000 r--s 00036000 08:01 5374582                    /root/.gvm/grails/2.4.4/lib/org.springframework/spring-tx/jars/spring-tx-4.0.7.RELEASE.jar
7fe548879000-7fe54887b000 r--s 00009000 08:01 5377438                    /root/.gvm/grails/2.4.4/dist/grails-plugin-services-2.4.4.jar
7fe54887b000-7fe54887c000 r--s 00001000 08:01 5374477                    /root/.gvm/grails/2.4.4/lib/org.slf4j/jul-to-slf4j/jars/jul-to-slf4j-1.7.5.jar
7fe54887c000-7fe54887e000 r--s 0000c000 08:01 5377795                    /root/.gvm/grails/2.4.4/dist/grails-web-gsp-taglib-2.4.4.jar
7fe54887e000-7fe54887f000 r--s 00000000 08:01 5377144                    /root/.gvm/grails/2.4.4/dist/grails-logging-2.4.4.jar
7fe54887f000-7fe548885000 r--s 00033000 08:01 5374095                    /root/.gvm/grails/2.4.4/lib/commons-codec/commons-codec/jars/commons-codec-1.6.jar
7fe548885000-7fe548894000 r--s 00096000 08:01 5374589                    /root/.gvm/grails/2.4.4/lib/org.springframework/spring-web/jars/spring-web-4.0.7.RELEASE.jar
7fe548894000-7fe548899000 r--s 0002e000 08:01 5377123                    /root/.gvm/grails/2.4.4/dist/grails-encoder-2.4.4.jar
7fe548899000-7fe54889b000 r--s 00012000 08:01 5377186                    /root/.gvm/grails/2.4.4/dist/grails-plugin-codecs-2.4.4.jar
7fe54889b000-7fe5488a1000 r--s 00058000 08:01 5377333                    /root/.gvm/grails/2.4.4/dist/grails-plugin-gsp-2.4.4.jar
7fe5488a1000-7fe5488a3000 r--s 0000b000 08:01 5377312                    /root/.gvm/grails/2.4.4/dist/grails-plugin-filters-2.4.4.jar
7fe5488a3000-7fe5488a8000 r--s 00041000 08:01 5374117                    /root/.gvm/grails/2.4.4/lib/commons-lang/commons-lang/jars/commons-lang-2.6.jar
7fe5488a8000-7fe5488a9000 r--s 00005000 08:01 5377354                    /root/.gvm/grails/2.4.4/dist/grails-plugin-i18n-2.4.4.jar
7fe5488a9000-7fe5488ae000 r--s 00017000 08:01 5374453                    /root/.gvm/grails/2.4.4/lib/org.hibernate.javax.persistence/hibernate-jpa-2.1-api/jars/hibernate-jpa-2.1-api-1.0.0.Final.jar
7fe5488ae000-7fe5488b0000 r--s 00000000 08:01 5374012                    /root/.gvm/grails/2.4.4/lib/aopalliance/aopalliance/jars/aopalliance-1.0.jar
7fe5488b0000-7fe5488bc000 r--s 00098000 08:01 5374536                    /root/.gvm/grails/2.4.4/lib/org.springframework/spring-beans/jars/spring-beans-4.0.7.RELEASE.jar
7fe5488bc000-7fe5488d0000 r--s 000db000 08:01 5374554                    /root/.gvm/grails/2.4.4/lib/org.springframework/spring-core/jars/spring-core-4.0.7.RELEASE.jar
7fe5488d0000-7fe5488d3000 r--s 00041000 08:01 5374624                    /root/.gvm/grails/2.4.4/lib/xalan/serializer/jars/serializer-2.7.1.jar
7fe5488d3000-7fe5488d5000 r--s 00009000 08:01 5377606                    /root/.gvm/grails/2.4.4/dist/grails-spring-2.4.4.jar
7fe5488d5000-7fe5488e2000 r--s 000a6000 08:01 5377060                    /root/.gvm/grails/2.4.4/dist/grails-core-2.4.4.jar
7fe5488e2000-7fe5488e7000 r--s 0002a000 08:01 5374042                    /root/.gvm/grails/2.4.4/lib/com.google.code.gson/gson/jars/gson-2.2.4.jar
7fe5488e7000-7fe5488eb000 r--s 00019000 08:01 5374288                    /root/.gvm/grails/2.4.4/lib/org.aspectj/aspectjrt/jars/aspectjrt-1.8.2.jar
7fe5488eb000-7fe548903000 r--s 001ae000 08:01 5374292                    /root/.gvm/grails/2.4.4/lib/org.aspectj/aspectjweaver/jars/aspectjweaver-1.8.2.jar
7fe548903000-7fe548905000 r--s 0001d000 08:01 5377711                    /root/.gvm/grails/2.4.4/dist/grails-web-databinding-2.4.4.jar
7fe548905000-7fe548907000 r--s 0000b000 08:01 5374529                    /root/.gvm/grails/2.4.4/lib/org.springframework/spring-aspects/jars/spring-aspects-4.0.7.RELEASE.jar
7fe548907000-7fe54890d000 r--s 00027000 08:01 5374197                    /root/.gvm/grails/2.4.4/lib/opensymphony/sitemesh/jars/sitemesh-2.4.jar
7fe54890d000-7fe54890f000 r--s 0000b000 08:01 5377858                    /root/.gvm/grails/2.4.4/dist/grails-web-sitemesh-2.4.4.jar
7fe54890f000-7fe548913000 r--s 00023000 08:01 5377879                    /root/.gvm/grails/2.4.4/dist/grails-web-url-mappings-2.4.4.jar
7fe548913000-7fe548915000 r--s 00009000 08:01 5377837                    /root/.gvm/grails/2.4.4/dist/grails-web-mvc-2.4.4.jar
7fe548915000-7fe548919000 r--s 0001e000 08:01 5374547                    /root/.gvm/grails/2.4.4/lib/org.springframework/spring-context-support/jars/spring-context-support-4.0.7.RELEASE.jar
7fe548919000-7fe548925000 r--s 00096000 08:01 5374593                    /root/.gvm/grails/2.4.4/lib/org.springframework/spring-webmvc/jars/spring-webmvc-4.0.7.RELEASE.jar
7fe548925000-7fe54892a000 r--s 00030000 08:01 5377690                    /root/.gvm/grails/2.4.4/dist/grails-web-common-2.4.4.jar
7fe54892a000-7fe54892c000 r--s 0000f000 08:01 5374106                    /root/.gvm/grails/2.4.4/lib/commons-fileupload/commons-fileupload/jars/commons-fileupload-1.3.1.jar
7fe54892c000-7fe548930000 r--s 00024000 08:01 5377816                    /root/.gvm/grails/2.4.4/dist/grails-web-jsp-2.4.4.jar
7fe548930000-7fe548937000 r--s 0004f000 08:01 5377774                    /root/.gvm/grails/2.4.4/dist/grails-web-gsp-2.4.4.jar
7fe548937000-7fe548939000 r--s 00009000 08:01 5377669                    /root/.gvm/grails/2.4.4/dist/grails-web-2.4.4.jar
7fe548939000-7fe54893b000 r--s 00008000 08:01 5377522                    /root/.gvm/grails/2.4.4/dist/grails-plugin-validation-2.4.4.jar
7fe54893b000-7fe548944000 r--s 0004e000 08:01 5374525                    /root/.gvm/grails/2.4.4/lib/org.springframework/spring-aop/jars/spring-aop-4.0.7.RELEASE.jar
7fe548944000-7fe54895b000 r--s 000d8000 08:01 5374543                    /root/.gvm/grails/2.4.4/lib/org.springframework/spring-context/jars/spring-context-4.0.7.RELEASE.jar
7fe54895b000-7fe54895e000 ---p 00000000 00:00 0 
7fe54895e000-7fe548a5c000 rw-p 00000000 00:00 0                          [stack:28414]
7fe548a5c000-7fe548a6d000 r-xp 00000000 08:01 2233692                    /usr/lib/jvm/java-7-openjdk-amd64/jre/lib/amd64/libnio.so
7fe548a6d000-7fe548c6c000 ---p 00011000 08:01 2233692                    /usr/lib/jvm/java-7-openjdk-amd64/jre/lib/amd64/libnio.so
7fe548c6c000-7fe548c6d000 r--p 00010000 08:01 2233692                    /usr/lib/jvm/java-7-openjdk-amd64/jre/lib/amd64/libnio.so
7fe548c6d000-7fe548c6e000 rw-p 00011000 08:01 2233692                    /usr/lib/jvm/java-7-openjdk-amd64/jre/lib/amd64/libnio.so
7fe548c6e000-7fe548cda000 r-xp 00000000 08:01 8655031                    /lib/x86_64-linux-gnu/libpcre.so.3.13.1
7fe548cda000-7fe548ed9000 ---p 0006c000 08:01 8655031                    /lib/x86_64-linux-gnu/libpcre.so.3.13.1
7fe548ed9000-7fe548eda000 r--p 0006b000 08:01 8655031                    /lib/x86_64-linux-gnu/libpcre.so.3.13.1
7fe548eda000-7fe548edb000 rw-p 0006c000 08:01 8655031                    /lib/x86_64-linux-gnu/libpcre.so.3.13.1
7fe548edb000-7fe548ee2000 r-xp 00000000 08:01 2237396                    /usr/lib/x86_64-linux-gnu/libffi.so.6.0.2
7fe548ee2000-7fe5490e1000 ---p 00007000 08:01 2237396                    /usr/lib/x86_64-linux-gnu/libffi.so.6.0.2
7fe5490e1000-7fe5490e2000 r--p 00006000 08:01 2237396                    /usr/lib/x86_64-linux-gnu/libffi.so.6.0.2
7fe5490e2000-7fe5490e3000 rw-p 00007000 08:01 2237396                    /usr/lib/x86_64-linux-gnu/libffi.so.6.0.2
7fe5490e3000-7fe5490fa000 r-xp 00000000 08:01 8654900                    /lib/x86_64-linux-gnu/libresolv-2.19.so
7fe5490fa000-7fe5492fa000 ---p 00017000 08:01 8654900                    /lib/x86_64-linux-gnu/libresolv-2.19.so
7fe5492fa000-7fe5492fb000 r--p 00017000 08:01 8654900                    /lib/x86_64-linux-gnu/libresolv-2.19.so
7fe5492fb000-7fe5492fc000 rw-p 00018000 08:01 8654900                    /lib/x86_64-linux-gnu/libresolv-2.19.so
7fe5492fc000-7fe5492fe000 rw-p 00000000 00:00 0 
7fe5492fe000-7fe54931f000 r-xp 00000000 08:01 8655058                    /lib/x86_64-linux-gnu/libselinux.so.1
7fe54931f000-7fe54951e000 ---p 00021000 08:01 8655058                    /lib/x86_64-linux-gnu/libselinux.so.1
7fe54951e000-7fe54951f000 r--p 00020000 08:01 8655058                    /lib/x86_64-linux-gnu/libselinux.so.1
7fe54951f000-7fe549520000 rw-p 00021000 08:01 8655058                    /lib/x86_64-linux-gnu/libselinux.so.1
7fe549520000-7fe549522000 rw-p 00000000 00:00 0 
7fe549522000-7fe549525000 r-xp 00000000 08:01 2228632                    /usr/lib/x86_64-linux-gnu/libgmodule-2.0.so.0.4200.1
7fe549525000-7fe549724000 ---p 00003000 08:01 2228632                    /usr/lib/x86_64-linux-gnu/libgmodule-2.0.so.0.4200.1
7fe549724000-7fe549725000 r--p 00002000 08:01 2228632                    /usr/lib/x86_64-linux-gnu/libgmodule-2.0.so.0.4200.1
7fe549725000-7fe549726000 rw-p 00003000 08:01 2228632                    /usr/lib/x86_64-linux-gnu/libgmodule-2.0.so.0.4200.1
7fe549726000-7fe549832000 r-xp 00000000 08:01 8654887                    /lib/x86_64-linux-gnu/libglib-2.0.so.0.4200.1
7fe549832000-7fe549a32000 ---p 0010c000 08:01 8654887                    /lib/x86_64-linux-gnu/libglib-2.0.so.0.4200.1
7fe549a32000-7fe549a33000 r--p 0010c000 08:01 8654887                    /lib/x86_64-linux-gnu/libglib-2.0.so.0.4200.1
7fe549a33000-7fe549a34000 rw-p 0010d000 08:01 8654887                    /lib/x86_64-linux-gnu/libglib-2.0.so.0.4200.1
7fe549a34000-7fe549a35000 rw-p 00000000 00:00 0 
7fe549a35000-7fe549a85000 r-xp 00000000 08:01 2228612                    /usr/lib/x86_64-linux-gnu/libgobject-2.0.so.0.4200.1
7fe549a85000-7fe549c85000 ---p 00050000 08:01 2228612                    /usr/lib/x86_64-linux-gnu/libgobject-2.0.so.0.4200.1
7fe549c85000-7fe549c86000 r--p 00050000 08:01 2228612                    /usr/lib/x86_64-linux-gnu/libgobject-2.0.so.0.4200.1
7fe549c86000-7fe549c87000 rw-p 00051000 08:01 2228612                    /usr/lib/x86_64-linux-gnu/libgobject-2.0.so.0.4200.1
7fe549c87000-7fe549df8000 r-xp 00000000 08:01 2228630                    /usr/lib/x86_64-linux-gnu/libgio-2.0.so.0.4200.1
7fe549df8000-7fe549ff8000 ---p 00171000 08:01 2228630                    /usr/lib/x86_64-linux-gnu/libgio-2.0.so.0.4200.1
7fe549ff8000-7fe549ffc000 r--p 00171000 08:01 2228630                    /usr/lib/x86_64-linux-gnu/libgio-2.0.so.0.4200.1
7fe549ffc000-7fe549ffe000 rw-p 00175000 08:01 2228630                    /usr/lib/x86_64-linux-gnu/libgio-2.0.so.0.4200.1
7fe549ffe000-7fe54c000000 rw-p 00000000 00:00 0 
7fe54c000000-7fe54c045000 rw-p 00000000 00:00 0 
7fe54c045000-7fe550000000 ---p 00000000 00:00 0 
7fe550000000-7fe550001000 r--s 00005000 08:01 5377249                    /root/.gvm/grails/2.4.4/dist/grails-plugin-databinding-2.4.4.jar
7fe550001000-7fe550005000 r--s 00020000 08:01 5377207                    /root/.gvm/grails/2.4.4/dist/grails-plugin-controllers-2.4.4.jar
7fe550005000-7fe550007000 r--s 00008000 08:01 5374275                    /root/.gvm/grails/2.4.4/lib/org.apache.tomcat/tomcat-juli/jars/tomcat-juli-7.0.50.jar
7fe550007000-7fe550009000 r--s 0001d000 08:01 5374270                    /root/.gvm/grails/2.4.4/lib/org.apache.tomcat/tomcat-jdbc/jars/tomcat-jdbc-7.0.50.jar
7fe550009000-7fe550013000 r--s 0005e000 08:01 5374568                    /root/.gvm/grails/2.4.4/lib/org.springframework/spring-jdbc/jars/spring-jdbc-4.0.7.RELEASE.jar
7fe550013000-7fe550015000 r--s 0000d000 08:01 5377270                    /root/.gvm/grails/2.4.4/dist/grails-plugin-datasource-2.4.4.jar
7fe550015000-7fe550019000 r--s 00038000 08:01 5377417                    /root/.gvm/grails/2.4.4/dist/grails-plugin-rest-2.4.4.jar
7fe550019000-7fe550022000 r--s 000b9000 08:01 2233703                    /usr/lib/jvm/java-7-openjdk-amd64/jre/lib/resources.jar
7fe550022000-7fe550023000 r--s 00000000 08:01 5377753                    /root/.gvm/grails/2.4.4/dist/grails-web-fileupload-2.4.4.jar
7fe550023000-7fe55003a000 r-xp 00000000 08:01 2231865                    /usr/lib/jvm/java-7-openjdk-amd64/jre/lib/amd64/libnet.so
7fe55003a000-7fe550239000 ---p 00017000 08:01 2231865                    /usr/lib/jvm/java-7-openjdk-amd64/jre/lib/amd64/libnet.so
7fe550239000-7fe55023a000 r--p 00016000 08:01 2231865                    /usr/lib/jvm/java-7-openjdk-amd64/jre/lib/amd64/libnet.so
7fe55023a000-7fe55023b000 rw-p 00017000 08:01 2231865                    /usr/lib/jvm/java-7-openjdk-amd64/jre/lib/amd64/libnet.so
7fe55023b000-7fe55023e000 ---p 00000000 00:00 0 
7fe55023e000-7fe55033c000 rw-p 00000000 00:00 0                          [stack:28403]
7fe55033c000-7fe550343000 r--s 00000000 08:01 2500327                    /usr/lib/x86_64-linux-gnu/gconv/gconv-modules.cache
7fe550343000-7fe550369000 r--p 00000000 08:01 2631639                    /usr/share/locale-langpack/fr/LC_MESSAGES/libc.mo
7fe550369000-7fe55036a000 r-xp 00000000 08:01 6422614                    /tmp/libjansi-64-7980445531648314073.so
7fe55036a000-7fe550569000 ---p 00001000 08:01 6422614                    /tmp/libjansi-64-7980445531648314073.so
7fe550569000-7fe55056a000 rw-p 00000000 08:01 6422614                    /tmp/libjansi-64-7980445531648314073.so
7fe55056a000-7fe55056d000 ---p 00000000 00:00 0 
7fe55056d000-7fe5505a3000 rw-p 00000000 00:00 0 
7fe5505a3000-7fe5505a8000 r--s 0004c000 08:01 2233700                    /usr/lib/jvm/java-7-openjdk-amd64/jre/lib/jsse.jar
7fe5505a8000-7fe5505a9000 ---p 00000000 00:00 0 
7fe5505a9000-7fe5506a9000 rw-p 00000000 00:00 0                          [stack:28390]
7fe5506a9000-7fe5506ac000 ---p 00000000 00:00 0 
7fe5506ac000-7fe5507aa000 rw-p 00000000 00:00 0                          [stack:28389]
7fe5507aa000-7fe5507ad000 ---p 00000000 00:00 0 
7fe5507ad000-7fe5508ab000 rw-p 00000000 00:00 0                          [stack:28388]
7fe5508ab000-7fe5508ae000 ---p 00000000 00:00 0 
7fe5508ae000-7fe5509ac000 rw-p 00000000 00:00 0                          [stack:28387]
7fe5509ac000-7fe5509b3000 r--s 00060000 08:01 5374600                    /root/.gvm/grails/2.4.4/lib/org.springframework/springloaded/jars/springloaded-1.2.1.RELEASE.jar
7fe5509b3000-7fe5509c3000 r--s 0019c000 08:01 5378119                    /root/.m2/repository/org/eclipse/jdt/core/compiler/ecj/3.7.2/ecj-3.7.2.jar
7fe5509c3000-7fe5509e5000 r--s 0026b000 08:01 5378118                    /root/.m2/repository/org/apache/tomcat/embed/tomcat-embed-core/7.0.55/tomcat-embed-core-7.0.55.jar
7fe5509e5000-7fe5509ea000 r--s 0002f000 08:01 5378115                    /root/.m2/repository/org/apache/tomcat/embed/tomcat-embed-websocket/7.0.55/tomcat-embed-websocket-7.0.55.jar
7fe5509ea000-7fe5509ec000 r--s 00013000 08:01 5378113                    /root/.m2/repository/org/apache/tomcat/embed/tomcat-embed-logging-log4j/7.0.55/tomcat-embed-logging-log4j-7.0.55.jar
7fe5509ec000-7fe5509ef000 r--s 00028000 08:01 5378111                    /root/.m2/repository/org/apache/tomcat/embed/tomcat-embed-el/7.0.55/tomcat-embed-el-7.0.55.jar
7fe5509ef000-7fe5509f8000 r--s 0009f000 08:01 5378109                    /root/.m2/repository/org/apache/tomcat/embed/tomcat-embed-jasper/7.0.55/tomcat-embed-jasper-7.0.55.jar
7fe5509f8000-7fe5509fa000 r--s 0000c000 08:01 5378107                    /root/.m2/repository/org/apache/tomcat/tomcat-catalina-ant/7.0.55/tomcat-catalina-ant-7.0.55.jar
7fe5509fa000-7fe5509fc000 r--s 0001a000 08:01 5374422                    /root/.gvm/grails/2.4.4/lib/org.fusesource.jansi/jansi/jars/jansi-1.11.jar
7fe5509fc000-7fe550a11000 r--s 00116000 08:01 5374227                    /root/.gvm/grails/2.4.4/lib/org.apache.ivy/ivy/jars/ivy-2.3.0.jar
7fe550a11000-7fe550a2f000 r--s 001bd000 08:01 5374201                    /root/.gvm/grails/2.4.4/lib/org.apache.ant/ant/jars/ant-1.8.4.jar
7fe550a2f000-7fe550a32000 ---p 00000000 00:00 0 
7fe550a32000-7fe550b30000 rw-p 00000000 00:00 0                          [stack:28386]
7fe550b30000-7fe550dfe000 r--p 00000000 08:01 2236330                    /usr/lib/locale/locale-archive
7fe550dfe000-7fe550e01000 ---p 00000000 00:00 0 
7fe550e01000-7fe550eff000 rw-p 00000000 00:00 0                          [stack:28385]
7fe550eff000-7fe550f02000 ---p 00000000 00:00 0 
7fe550f02000-7fe551000000 rw-p 00000000 00:00 0                          [stack:28384]
7fe551000000-7fe551890000 rwxp 00000000 00:00 0 
7fe551890000-7fe554dbf000 rw-p 00000000 00:00 0 
7fe554dbf000-7fe558000000 ---p 00000000 00:00 0 
7fe558000000-7fe558001000 r--s 00013000 08:01 1314317                    /home/mohammed/IdeaProjects/stackOverFLow/target/work/plugins/tomcat-7.0.55/grails-plugin-tomcat-7.0.55.jar
7fe558001000-7fe558004000 r--s 00018000 08:01 5374204                    /root/.gvm/grails/2.4.4/lib/org.apache.ant/ant-junit/jars/ant-junit-1.8.4.jar
7fe558004000-7fe558005000 r--s 00001000 08:01 5374210                    /root/.gvm/grails/2.4.4/lib/org.apache.ant/ant-trax/jars/ant-trax-1.7.1.jar
7fe558005000-7fe558009000 r--s 00031000 08:01 5374174                    /root/.gvm/grails/2.4.4/lib/jline/jline/jars/jline-2.12.jar
7fe558009000-7fe55800b000 r--s 00005000 08:01 5374483                    /root/.gvm/grails/2.4.4/lib/org.slf4j/slf4j-api/jars/slf4j-api-1.7.5.jar
7fe55800b000-7fe558019000 r--s 000db000 08:01 5377039                    /root/.gvm/grails/2.4.4/dist/grails-bootstrap-2.4.4.jar
7fe558019000-7fe558022000 r--s 0006f000 08:01 5374189                    /root/.gvm/grails/2.4.4/lib/log4j/log4j/jars/log4j-1.2.17.jar
7fe558022000-7fe558025000 r--s 0000d000 08:01 5377375                    /root/.gvm/grails/2.4.4/dist/grails-plugin-log4j-2.4.4.jar
7fe558025000-7fe55802a000 r--s 00050000 08:01 5374309                    /root/.gvm/grails/2.4.4/lib/org.codehaus.gant/gant_groovy1.8/jars/gant_groovy1.8-1.9.6.jar
7fe55802a000-7fe558095000 r--s 00685000 08:01 5374324                    /root/.gvm/grails/2.4.4/lib/org.codehaus.groovy/groovy-all/jars/groovy-all-2.3.7.jar
7fe558095000-7fe5580ff000 r--s 0069e000 08:01 2632485                    /usr/lib/jvm/java-7-openjdk-amd64/lib/tools.jar
7fe5580ff000-7fe558100000 ---p 00000000 00:00 0 
7fe558100000-7fe559158000 rw-p 00000000 00:00 0                          [stack:28383]
7fe559158000-7fe559309000 r--s 01d25000 08:01 2233737                    /usr/lib/jvm/java-7-openjdk-amd64/jre/lib/rt.jar
7fe559309000-7fe5595da000 rw-p 00000000 00:00 0 
7fe5595da000-7fe5595db000 ---p 00000000 00:00 0 
7fe5595db000-7fe5596db000 rw-p 00000000 00:00 0                          [stack:28382]
7fe5596db000-7fe5596dc000 ---p 00000000 00:00 0 
7fe5596dc000-7fe5597dc000 rw-p 00000000 00:00 0                          [stack:28381]
7fe5597dc000-7fe5597dd000 ---p 00000000 00:00 0 
7fe5597dd000-7fe5598dd000 rw-p 00000000 00:00 0                          [stack:28380]
7fe5598dd000-7fe5598de000 ---p 00000000 00:00 0 
7fe5598de000-7fe559a0a000 rw-p 00000000 00:00 0                          [stack:28379]
7fe559a0a000-7fe559a5e000 rw-p 00000000 00:00 0 
7fe559a5e000-7fe559aaa000 rw-p 00000000 00:00 0 
7fe559aaa000-7fe559ab6000 ---p 00000000 00:00 0 
7fe559ab6000-7fe559b5e000 rw-p 00000000 00:00 0 
7fe559b5e000-7fe559b8a000 rw-p 00000000 00:00 0 
7fe559b8a000-7fe559bde000 rw-p 00000000 00:00 0 
7fe559bde000-7fe559c2a000 rw-p 00000000 00:00 0 
7fe559c2a000-7fe559c36000 ---p 00000000 00:00 0 
7fe559c36000-7fe559cde000 rw-p 00000000 00:00 0 
7fe559cde000-7fe559d5e000 rw-p 00000000 00:00 0 
7fe559d5e000-7fe559d5f000 rw-p 00000000 00:00 0 
7fe559d5f000-7fe559d67000 r-xp 00000000 08:01 2231804                    /usr/lib/jvm/java-7-openjdk-amd64/jre/lib/amd64/libzip.so
7fe559d67000-7fe559f66000 ---p 00008000 08:01 2231804                    /usr/lib/jvm/java-7-openjdk-amd64/jre/lib/amd64/libzip.so
7fe559f66000-7fe559f67000 r--p 00007000 08:01 2231804                    /usr/lib/jvm/java-7-openjdk-amd64/jre/lib/amd64/libzip.so
7fe559f67000-7fe559f68000 rw-p 00008000 08:01 2231804                    /usr/lib/jvm/java-7-openjdk-amd64/jre/lib/amd64/libzip.so
7fe559f68000-7fe559f73000 r-xp 00000000 08:01 8654976                    /lib/x86_64-linux-gnu/libnss_files-2.19.so
7fe559f73000-7fe55a172000 ---p 0000b000 08:01 8654976                    /lib/x86_64-linux-gnu/libnss_files-2.19.so
7fe55a172000-7fe55a173000 r--p 0000a000 08:01 8654976                    /lib/x86_64-linux-gnu/libnss_files-2.19.so
7fe55a173000-7fe55a174000 rw-p 0000b000 08:01 8654976                    /lib/x86_64-linux-gnu/libnss_files-2.19.so
7fe55a174000-7fe55a17f000 r-xp 00000000 08:01 8654897                    /lib/x86_64-linux-gnu/libnss_nis-2.19.so
7fe55a17f000-7fe55a37e000 ---p 0000b000 08:01 8654897                    /lib/x86_64-linux-gnu/libnss_nis-2.19.so
7fe55a37e000-7fe55a37f000 r--p 0000a000 08:01 8654897                    /lib/x86_64-linux-gnu/libnss_nis-2.19.so
7fe55a37f000-7fe55a380000 rw-p 0000b000 08:01 8654897                    /lib/x86_64-linux-gnu/libnss_nis-2.19.so
7fe55a380000-7fe55a397000 r-xp 00000000 08:01 8654996                    /lib/x86_64-linux-gnu/libnsl-2.19.so
7fe55a397000-7fe55a596000 ---p 00017000 08:01 8654996                    /lib/x86_64-linux-gnu/libnsl-2.19.so
7fe55a596000-7fe55a597000 r--p 00016000 08:01 8654996                    /lib/x86_64-linux-gnu/libnsl-2.19.so
7fe55a597000-7fe55a598000 rw-p 00017000 08:01 8654996                    /lib/x86_64-linux-gnu/libnsl-2.19.so
7fe55a598000-7fe55a59a000 rw-p 00000000 00:00 0 
7fe55a59a000-7fe55a5a3000 r-xp 00000000 08:01 8654933                    /lib/x86_64-linux-gnu/libnss_compat-2.19.so
7fe55a5a3000-7fe55a7a2000 ---p 00009000 08:01 8654933                    /lib/x86_64-linux-gnu/libnss_compat-2.19.so
7fe55a7a2000-7fe55a7a3000 r--p 00008000 08:01 8654933                    /lib/x86_64-linux-gnu/libnss_compat-2.19.so
7fe55a7a3000-7fe55a7a4000 rw-p 00009000 08:01 8654933                    /lib/x86_64-linux-gnu/libnss_compat-2.19.so
7fe55a7a4000-7fe55a7ae000 r-xp 00000000 08:01 2233685                    /usr/lib/jvm/java-7-openjdk-amd64/jre/lib/amd64/libinstrument.so
7fe55a7ae000-7fe55a9ad000 ---p 0000a000 08:01 2233685                    /usr/lib/jvm/java-7-openjdk-amd64/jre/lib/amd64/libinstrument.so
7fe55a9ad000-7fe55a9ae000 r--p 00009000 08:01 2233685                    /usr/lib/jvm/java-7-openjdk-amd64/jre/lib/amd64/libinstrument.so
7fe55a9ae000-7fe55a9af000 rw-p 0000a000 08:01 2233685                    /usr/lib/jvm/java-7-openjdk-amd64/jre/lib/amd64/libinstrument.so
7fe55a9af000-7fe55a9dc000 r-xp 00000000 08:01 2231787                    /usr/lib/jvm/java-7-openjdk-amd64/jre/lib/amd64/libjava.so
7fe55a9dc000-7fe55abdb000 ---p 0002d000 08:01 2231787                    /usr/lib/jvm/java-7-openjdk-amd64/jre/lib/amd64/libjava.so
7fe55abdb000-7fe55abdc000 r--p 0002c000 08:01 2231787                    /usr/lib/jvm/java-7-openjdk-amd64/jre/lib/amd64/libjava.so
7fe55abdc000-7fe55abde000 rw-p 0002d000 08:01 2231787                    /usr/lib/jvm/java-7-openjdk-amd64/jre/lib/amd64/libjava.so
7fe55abde000-7fe55abef000 r-xp 00000000 08:01 2233677                    /usr/lib/jvm/java-7-openjdk-amd64/jre/lib/amd64/libverify.so
7fe55abef000-7fe55adee000 ---p 00011000 08:01 2233677                    /usr/lib/jvm/java-7-openjdk-amd64/jre/lib/amd64/libverify.so
7fe55adee000-7fe55adf0000 r--p 00010000 08:01 2233677                    /usr/lib/jvm/java-7-openjdk-amd64/jre/lib/amd64/libverify.so
7fe55adf0000-7fe55adf1000 rw-p 00012000 08:01 2233677                    /usr/lib/jvm/java-7-openjdk-amd64/jre/lib/amd64/libverify.so
7fe55adf1000-7fe55adf8000 r-xp 00000000 08:01 8654974                    /lib/x86_64-linux-gnu/librt-2.19.so
7fe55adf8000-7fe55aff7000 ---p 00007000 08:01 8654974                    /lib/x86_64-linux-gnu/librt-2.19.so
7fe55aff7000-7fe55aff8000 r--p 00006000 08:01 8654974                    /lib/x86_64-linux-gnu/librt-2.19.so
7fe55aff8000-7fe55aff9000 rw-p 00007000 08:01 8654974                    /lib/x86_64-linux-gnu/librt-2.19.so
7fe55aff9000-7fe55b00f000 r-xp 00000000 08:01 8654949                    /lib/x86_64-linux-gnu/libgcc_s.so.1
7fe55b00f000-7fe55b20e000 ---p 00016000 08:01 8654949                    /lib/x86_64-linux-gnu/libgcc_s.so.1
7fe55b20e000-7fe55b20f000 r--p 00015000 08:01 8654949                    /lib/x86_64-linux-gnu/libgcc_s.so.1
7fe55b20f000-7fe55b210000 rw-p 00016000 08:01 8654949                    /lib/x86_64-linux-gnu/libgcc_s.so.1
7fe55b210000-7fe55b315000 r-xp 00000000 08:01 8654975                    /lib/x86_64-linux-gnu/libm-2.19.so
7fe55b315000-7fe55b514000 ---p 00105000 08:01 8654975                    /lib/x86_64-linux-gnu/libm-2.19.so
7fe55b514000-7fe55b515000 r--p 00104000 08:01 8654975                    /lib/x86_64-linux-gnu/libm-2.19.so
7fe55b515000-7fe55b516000 rw-p 00105000 08:01 8654975                    /lib/x86_64-linux-gnu/libm-2.19.so
7fe55b516000-7fe55b606000 r-xp 00000000 08:01 2237967                    /usr/lib/x86_64-linux-gnu/libstdc++.so.6.0.20
7fe55b606000-7fe55b806000 ---p 000f0000 08:01 2237967                    /usr/lib/x86_64-linux-gnu/libstdc++.so.6.0.20
7fe55b806000-7fe55b80e000 r--p 000f0000 08:01 2237967                    /usr/lib/x86_64-linux-gnu/libstdc++.so.6.0.20
7fe55b80e000-7fe55b810000 rw-p 000f8000 08:01 2237967                    /usr/lib/x86_64-linux-gnu/libstdc++.so.6.0.20
7fe55b810000-7fe55b825000 rw-p 00000000 00:00 0 
7fe55b825000-7fe55c372000 r-xp 00000000 08:01 2233690                    /usr/lib/jvm/java-7-openjdk-amd64/jre/lib/amd64/server/libjvm.so
7fe55c372000-7fe55c572000 ---p 00b4d000 08:01 2233690                    /usr/lib/jvm/java-7-openjdk-amd64/jre/lib/amd64/server/libjvm.so
7fe55c572000-7fe55c611000 r--p 00b4d000 08:01 2233690                    /usr/lib/jvm/java-7-openjdk-amd64/jre/lib/amd64/server/libjvm.so
7fe55c611000-7fe55c634000 rw-p 00bec000 08:01 2233690                    /usr/lib/jvm/java-7-openjdk-amd64/jre/lib/amd64/server/libjvm.so
7fe55c634000-7fe55c661000 rw-p 00000000 00:00 0 
7fe55c661000-7fe55c679000 r-xp 00000000 08:01 8655093                    /lib/x86_64-linux-gnu/libz.so.1.2.8
7fe55c679000-7fe55c878000 ---p 00018000 08:01 8655093                    /lib/x86_64-linux-gnu/libz.so.1.2.8
7fe55c878000-7fe55c879000 r--p 00017000 08:01 8655093                    /lib/x86_64-linux-gnu/libz.so.1.2.8
7fe55c879000-7fe55c87a000 rw-p 00018000 08:01 8655093                    /lib/x86_64-linux-gnu/libz.so.1.2.8
7fe55c87a000-7fe55c893000 r-xp 00000000 08:01 8654999                    /lib/x86_64-linux-gnu/libpthread-2.19.so
7fe55c893000-7fe55ca92000 ---p 00019000 08:01 8654999                    /lib/x86_64-linux-gnu/libpthread-2.19.so
7fe55ca92000-7fe55ca93000 r--p 00018000 08:01 8654999                    /lib/x86_64-linux-gnu/libpthread-2.19.so
7fe55ca93000-7fe55ca94000 rw-p 00019000 08:01 8654999                    /lib/x86_64-linux-gnu/libpthread-2.19.so
7fe55ca94000-7fe55ca98000 rw-p 00000000 00:00 0 
7fe55ca98000-7fe55ca9b000 r-xp 00000000 08:01 8654928                    /lib/x86_64-linux-gnu/libdl-2.19.so
7fe55ca9b000-7fe55cc9a000 ---p 00003000 08:01 8654928                    /lib/x86_64-linux-gnu/libdl-2.19.so
7fe55cc9a000-7fe55cc9b000 r--p 00002000 08:01 8654928                    /lib/x86_64-linux-gnu/libdl-2.19.so
7fe55cc9b000-7fe55cc9c000 rw-p 00003000 08:01 8654928                    /lib/x86_64-linux-gnu/libdl-2.19.so
7fe55cc9c000-7fe55ce56000 r-xp 00000000 08:01 8654997                    /lib/x86_64-linux-gnu/libc-2.19.so
7fe55ce56000-7fe55d056000 ---p 001ba000 08:01 8654997                    /lib/x86_64-linux-gnu/libc-2.19.so
7fe55d056000-7fe55d05a000 r--p 001ba000 08:01 8654997                    /lib/x86_64-linux-gnu/libc-2.19.so
7fe55d05a000-7fe55d05c000 rw-p 001be000 08:01 8654997                    /lib/x86_64-linux-gnu/libc-2.19.so
7fe55d05c000-7fe55d061000 rw-p 00000000 00:00 0 
7fe55d061000-7fe55d06e000 r-xp 00000000 08:01 2233695                    /usr/lib/jvm/java-7-openjdk-amd64/jre/lib/amd64/jli/libjli.so
7fe55d06e000-7fe55d26d000 ---p 0000d000 08:01 2233695                    /usr/lib/jvm/java-7-openjdk-amd64/jre/lib/amd64/jli/libjli.so
7fe55d26d000-7fe55d26e000 r--p 0000c000 08:01 2233695                    /usr/lib/jvm/java-7-openjdk-amd64/jre/lib/amd64/jli/libjli.so
7fe55d26e000-7fe55d26f000 rw-p 0000d000 08:01 2233695                    /usr/lib/jvm/java-7-openjdk-amd64/jre/lib/amd64/jli/libjli.so
7fe55d26f000-7fe55d292000 r-xp 00000000 08:01 8654923                    /lib/x86_64-linux-gnu/ld-2.19.so
7fe55d292000-7fe55d294000 r--s 00013000 08:01 5374281                    /root/.gvm/grails/2.4.4/lib/org.apache.tomcat.embed/tomcat-embed-logging-log4j/jars/tomcat-embed-logging-log4j-7.0.50.jar
7fe55d294000-7fe55d296000 r--s 00003000 08:01 5374471                    /root/.gvm/grails/2.4.4/lib/org.slf4j/jcl-over-slf4j/jars/jcl-over-slf4j-1.7.5.jar
7fe55d296000-7fe55d29a000 r--s 00034000 08:01 2233707                    /usr/lib/jvm/java-7-openjdk-amd64/jre/lib/ext/sunjce_provider.jar
7fe55d29a000-7fe55d2d1000 rw-p 00000000 00:00 0 
7fe55d2d1000-7fe55d36e000 rw-p 00000000 00:00 0 
7fe55d36e000-7fe55d371000 ---p 00000000 00:00 0 
7fe55d371000-7fe55d474000 rw-p 00000000 00:00 0                          [stack:28378]
7fe55d474000-7fe55d475000 r--s 00004000 08:01 5374207                    /root/.gvm/grails/2.4.4/lib/org.apache.ant/ant-launcher/jars/ant-launcher-1.8.4.jar
7fe55d475000-7fe55d477000 r--s 00012000 08:01 2233706                    /usr/lib/jvm/java-7-openjdk-amd64/jre/lib/ext/zipfs.jar
7fe55d477000-7fe55d47a000 r--s 0000f000 08:01 2233709                    /usr/lib/jvm/java-7-openjdk-amd64/jre/lib/ext/icedtea-sound.jar
7fe55d47a000-7fe55d47b000 r--s 00002000 08:01 2233708                    /usr/lib/jvm/java-7-openjdk-amd64/jre/lib/ext/dnsns.jar
7fe55d47b000-7fe55d47d000 r--s 00006000 08:01 2494101                    /usr/share/java/java-atk-wrapper.jar
7fe55d47d000-7fe55d481000 r--s 0003c000 08:01 2233710                    /usr/lib/jvm/java-7-openjdk-amd64/jre/lib/ext/sunpkcs11.jar
7fe55d481000-7fe55d485000 r--s 00085000 08:01 2233705                    /usr/lib/jvm/java-7-openjdk-amd64/jre/lib/ext/localedata.jar
7fe55d485000-7fe55d48d000 rw-s 00000000 08:01 6422613                    /tmp/hsperfdata_root/28374
7fe55d48d000-7fe55d48e000 rw-p 00000000 00:00 0 
7fe55d48e000-7fe55d48f000 ---p 00000000 00:00 0 
7fe55d48f000-7fe55d491000 rw-p 00000000 00:00 0 
7fe55d491000-7fe55d492000 r--p 00022000 08:01 8654923                    /lib/x86_64-linux-gnu/ld-2.19.so
7fe55d492000-7fe55d493000 rw-p 00023000 08:01 8654923                    /lib/x86_64-linux-gnu/ld-2.19.so
7fe55d493000-7fe55d494000 rw-p 00000000 00:00 0 
7fff62844000-7fff62866000 rw-p 00000000 00:00 0                          [stack]
7fff62922000-7fff62924000 r-xp 00000000 00:00 0                          [vdso]
7fff62924000-7fff62926000 r--p 00000000 00:00 0                          [vvar]
ffffffffff600000-ffffffffff601000 r-xp 00000000 00:00 0                  [vsyscall]

VM Arguments:
jvm_args: -Dfile.encoding=UTF-8 -Xmx768M -Xms64M -XX:MaxPermSize=256m -Dgrails.fork.parent.process.port=39450 -Dgrails.fork.active=true -Dgrails.build.execution.context=/tmp/stackOverFLow1027848357732589021grails-execution-context -Dgrails.home=/root/.gvm/grails/2.4.4 -javaagent:/root/.gvm/grails/2.4.4/lib/org.springframework/springloaded/jars/springloaded-1.2.1.RELEASE.jar -Xverify:none -Dspringloaded.synchronize=true -Djdk.reflect.allowGetCallerClass=true -Dspringloaded=profile=grails;cacheDir=/root/.grails/2.4.4 
java_command: org.grails.plugins.tomcat.fork.ForkedTomcatServer
Launcher Type: SUN_STANDARD

Environment Variables:
JAVA_HOME=/usr/lib/jvm/java-7-openjdk-amd64
PATH=/root/.gvm/vertx/current/bin:/root/.gvm/springboot/current/bin:/root/.gvm/lazybones/current/bin:/root/.gvm/jbake/current/bin:/root/.gvm/groovyserv/current/bin:/root/.gvm/groovy/current/bin:/root/.gvm/griffon/current/bin:/root/.gvm/grails/current/bin:/root/.gvm/gradle/current/bin:/root/.gvm/glide/current/bin:/root/.gvm/gaiden/current/bin:/root/.gvm/crash/current/bin:/root/.gvm/asciidoctorj/current/bin:/usr/local/sbin:/usr/local/bin:/usr/sbin:/usr/bin:/sbin:/bin:/usr/games:/usr/local/games
USERNAME=root
SHELL=/bin/bash
DISPLAY=:0

Signal Handlers:
SIGSEGV: [libjvm.so+0x981590], sa_mask[0]=0x7ffbfeff, sa_flags=0x10000004
SIGBUS: [libjvm.so+0x981590], sa_mask[0]=0x7ffbfeff, sa_flags=0x10000004
SIGFPE: [libjvm.so+0x7efd60], sa_mask[0]=0x7ffbfeff, sa_flags=0x10000004
SIGPIPE: [libjvm.so+0x7efd60], sa_mask[0]=0x7ffbfeff, sa_flags=0x10000004
SIGXFSZ: [libjvm.so+0x7efd60], sa_mask[0]=0x7ffbfeff, sa_flags=0x10000004
SIGILL: [libjvm.so+0x7efd60], sa_mask[0]=0x7ffbfeff, sa_flags=0x10000004
SIGUSR1: SIG_DFL, sa_mask[0]=0x00000000, sa_flags=0x00000000
SIGUSR2: [libjvm.so+0x7efbe0], sa_mask[0]=0x00000004, sa_flags=0x10000004
SIGHUP: [libjvm.so+0x7efde0], sa_mask[0]=0x7ffbfeff, sa_flags=0x10000004
SIGINT: [libjvm.so+0x7efde0], sa_mask[0]=0x7ffbfeff, sa_flags=0x10000004
SIGTERM: [libjvm.so+0x7efde0], sa_mask[0]=0x7ffbfeff, sa_flags=0x10000004
SIGQUIT: [libjvm.so+0x7efde0], sa_mask[0]=0x7ffbfeff, sa_flags=0x10000004
SIGTRAP: SIG_DFL, sa_mask[0]=0x00000000, sa_flags=0x00000000


---------------  S Y S T E M  ---------------

OS:Ubuntu 14.10 (utopic)
uname:Linux 3.16.0-23-generic #31-Ubuntu SMP Tue Oct 21 17:56:17 UTC 2014 x86_64
libc:glibc 2.19 NPTL 2.19 
rlimit: STACK 8192k, CORE 0k, NPROC 14594, NOFILE 4096, AS infinity
load average:2,82 1,53 1,13

/proc/meminfo:
MemTotal:        3766904 kB
MemFree:          105092 kB
MemAvailable:      83904 kB
Buffers:            3472 kB
Cached:           228364 kB
SwapCached:            0 kB
Active:          3258704 kB
Inactive:         157372 kB
Active(anon):    3223156 kB
Inactive(anon):   107288 kB
Active(file):      35548 kB
Inactive(file):    50084 kB
Unevictable:          64 kB
Mlocked:              64 kB
SwapTotal:             0 kB
SwapFree:              0 kB
Dirty:               292 kB
Writeback:             0 kB
AnonPages:       3184752 kB
Mapped:           129556 kB
Shmem:            145800 kB
Slab:              77848 kB
SReclaimable:      40924 kB
SUnreclaim:        36924 kB
KernelStack:       10688 kB
PageTables:        44024 kB
NFS_Unstable:          0 kB
Bounce:                0 kB
WritebackTmp:          0 kB
CommitLimit:     1883452 kB
Committed_AS:    5611376 kB
VmallocTotal:   34359738367 kB
VmallocUsed:      348064 kB
VmallocChunk:   34359316572 kB
HardwareCorrupted:     0 kB
AnonHugePages:   1581056 kB
HugePages_Total:       0
HugePages_Free:        0
HugePages_Rsvd:        0
HugePages_Surp:        0
Hugepagesize:       2048 kB
DirectMap4k:       59752 kB
DirectMap2M:     3852288 kB


CPU:total 4 (2 cores per cpu, 2 threads per core) family 6 model 58 stepping 9, cmov, cx8, fxsr, mmx, sse, sse2, sse3, ssse3, sse4.1, sse4.2, popcnt, avx, aes, erms, ht, tsc, tscinvbit, tscinv

/proc/cpuinfo:
processor	: 0
vendor_id	: GenuineIntel
cpu family	: 6
model		: 58
model name	: Intel(R) Core(TM) i5-3320M CPU @ 2.60GHz
stepping	: 9
microcode	: 0x12
cpu MHz		: 1264.351
cache size	: 3072 KB
physical id	: 0
siblings	: 4
core id		: 0
cpu cores	: 2
apicid		: 0
initial apicid	: 0
fpu		: yes
fpu_exception	: yes
cpuid level	: 13
wp		: yes
flags		: fpu vme de pse tsc msr pae mce cx8 apic sep mtrr pge mca cmov pat pse36 clflush dts acpi mmx fxsr sse sse2 ss ht tm pbe syscall nx rdtscp lm constant_tsc arch_perfmon pebs bts rep_good nopl xtopology nonstop_tsc aperfmperf eagerfpu pni pclmulqdq dtes64 monitor ds_cpl vmx smx est tm2 ssse3 cx16 xtpr pdcm pcid sse4_1 sse4_2 x2apic popcnt tsc_deadline_timer aes xsave avx f16c rdrand lahf_lm ida arat epb xsaveopt pln pts dtherm tpr_shadow vnmi flexpriority ept vpid fsgsbase smep erms
bogomips	: 5188.00
clflush size	: 64
cache_alignment	: 64
address sizes	: 36 bits physical, 48 bits virtual
power management:

processor	: 1
vendor_id	: GenuineIntel
cpu family	: 6
model		: 58
model name	: Intel(R) Core(TM) i5-3320M CPU @ 2.60GHz
stepping	: 9
microcode	: 0x12
cpu MHz		: 1205.750
cache size	: 3072 KB
physical id	: 0
siblings	: 4
core id		: 0
cpu cores	: 2
apicid		: 1
initial apicid	: 1
fpu		: yes
fpu_exception	: yes
cpuid level	: 13
wp		: yes
flags		: fpu vme de pse tsc msr pae mce cx8 apic sep mtrr pge mca cmov pat pse36 clflush dts acpi mmx fxsr sse sse2 ss ht tm pbe syscall nx rdtscp lm constant_tsc arch_perfmon pebs bts rep_good nopl xtopology nonstop_tsc aperfmperf eagerfpu pni pclmulqdq dtes64 monitor ds_cpl vmx smx est tm2 ssse3 cx16 xtpr pdcm pcid sse4_1 sse4_2 x2apic popcnt tsc_deadline_timer aes xsave avx f16c rdrand lahf_lm ida arat epb xsaveopt pln pts dtherm tpr_shadow vnmi flexpriority ept vpid fsgsbase smep erms
bogomips	: 5188.00
clflush size	: 64
cache_alignment	: 64
address sizes	: 36 bits physical, 48 bits virtual
power management:

processor	: 2
vendor_id	: GenuineIntel
cpu family	: 6
model		: 58
model name	: Intel(R) Core(TM) i5-3320M CPU @ 2.60GHz
stepping	: 9
microcode	: 0x12
cpu MHz		: 1451.937
cache size	: 3072 KB
physical id	: 0
siblings	: 4
core id		: 1
cpu cores	: 2
apicid		: 2
initial apicid	: 2
fpu		: yes
fpu_exception	: yes
cpuid level	: 13
wp		: yes
flags		: fpu vme de pse tsc msr pae mce cx8 apic sep mtrr pge mca cmov pat pse36 clflush dts acpi mmx fxsr sse sse2 ss ht tm pbe syscall nx rdtscp lm constant_tsc arch_perfmon pebs bts rep_good nopl xtopology nonstop_tsc aperfmperf eagerfpu pni pclmulqdq dtes64 monitor ds_cpl vmx smx est tm2 ssse3 cx16 xtpr pdcm pcid sse4_1 sse4_2 x2apic popcnt tsc_deadline_timer aes xsave avx f16c rdrand lahf_lm ida arat epb xsaveopt pln pts dtherm tpr_shadow vnmi flexpriority ept vpid fsgsbase smep erms
bogomips	: 5188.00
clflush size	: 64
cache_alignment	: 64
address sizes	: 36 bits physical, 48 bits virtual
power management:

processor	: 3
vendor_id	: GenuineIntel
cpu family	: 6
model		: 58
model name	: Intel(R) Core(TM) i5-3320M CPU @ 2.60GHz
stepping	: 9
microcode	: 0x12
cpu MHz		: 1333.210
cache size	: 3072 KB
physical id	: 0
siblings	: 4
core id		: 1
cpu cores	: 2
apicid		: 3
initial apicid	: 3
fpu		: yes
fpu_exception	: yes
cpuid level	: 13
wp		: yes
flags		: fpu vme de pse tsc msr pae mce cx8 apic sep mtrr pge mca cmov pat pse36 clflush dts acpi mmx fxsr sse sse2 ss ht tm pbe syscall nx rdtscp lm constant_tsc arch_perfmon pebs bts rep_good nopl xtopology nonstop_tsc aperfmperf eagerfpu pni pclmulqdq dtes64 monitor ds_cpl vmx smx est tm2 ssse3 cx16 xtpr pdcm pcid sse4_1 sse4_2 x2apic popcnt tsc_deadline_timer aes xsave avx f16c rdrand lahf_lm ida arat epb xsaveopt pln pts dtherm tpr_shadow vnmi flexpriority ept vpid fsgsbase smep erms
bogomips	: 5188.00
clflush size	: 64
cache_alignment	: 64
address sizes	: 36 bits physical, 48 bits virtual
power management:



Memory: 4k page, physical 3766904k(105092k free), swap 0k(0k free)

vm_info: OpenJDK 64-Bit Server VM (24.65-b04) for linux-amd64 JRE (1.7.0_65-b32), built on Oct 22 2014 04:20:25 by "buildd" with gcc 4.9.1

time: Fri Jan 30 12:31:35 2015
elapsed time: 411 seconds

