#
# There is insufficient memory for the Java Runtime Environment to continue.
# Native memory allocation (malloc) failed to allocate 536870912 bytes for committing reserved memory.
# Possible reasons:
#   The system is out of physical RAM or swap space
#   In 32 bit mode, the process size limit was hit
# Possible solutions:
#   Reduce memory load on the system
#   Increase physical memory or swap space
#   Check if swap backing store is full
#   Use 64 bit Java on a 64 bit OS
#   Decrease Java heap size (-Xmx/-Xms)
#   Decrease number of Java threads
#   Decrease Java thread stack sizes (-Xss)
#   Set larger code cache with -XX:ReservedCodeCacheSize=
# This output file may be truncated or incomplete.
#
#  Out of Memory Error (os_linux.cpp:2798), pid=6645, tid=139830636058368
#
# JRE version:  (7.0_65-b32) (build )
# Java VM: OpenJDK 64-Bit Server VM (24.65-b04 mixed mode linux-amd64 compressed oops)
# Derivative: IcedTea 2.5.3
# Distribution: Ubuntu 14.10, package 7u71-2.5.3-0ubuntu1
# Failed to write core dump. Core dumps have been disabled. To enable core dumping, try "ulimit -c unlimited" before starting Java again
#

---------------  T H R E A D  ---------------

Current thread (0x00007f2cd400a800):  JavaThread "Unknown thread" [_thread_in_vm, id=6647, stack(0x00007f2cdb541000,0x00007f2cdb642000)]

Stack: [0x00007f2cdb541000,0x00007f2cdb642000],  sp=0x00007f2cdb640570,  free space=1021k
Native frames: (J=compiled Java code, j=interpreted, Vv=VM code, C=native code)
V  [libjvm.so+0x980aa6]  VMError::report_and_die()+0x186
V  [libjvm.so+0x48fed2]  report_vm_out_of_memory(char const*, int, unsigned long, char const*)+0x92
V  [libjvm.so+0x7f480b]  os::pd_commit_memory(char*, unsigned long, unsigned long, bool)+0xeb
V  [libjvm.so+0x7eef1e]  os::commit_memory(char*, unsigned long, unsigned long, bool)+0x2e
V  [libjvm.so+0x86100b]  PSVirtualSpace::expand_by(unsigned long)+0x5b
V  [libjvm.so+0x84ff3b]  PSOldGen::initialize(ReservedSpace, unsigned long, char const*, int)+0xab
V  [libjvm.so+0x2a4a55]  AdjoiningGenerations::AdjoiningGenerations(ReservedSpace, unsigned long, unsigned long, unsigned long, unsigned long, unsigned long, unsigned long, unsigned long)+0x365
V  [libjvm.so+0x815364]  ParallelScavengeHeap::initialize()+0x594
V  [libjvm.so+0x94b067]  Universe::initialize_heap()+0xc7
V  [libjvm.so+0x94b3b6]  universe_init()+0x76
V  [libjvm.so+0x5b025f]  init_globals()+0x5f
V  [libjvm.so+0x92c4ef]  Threads::create_vm(JavaVMInitArgs*, bool*)+0x36f
V  [libjvm.so+0x61f360]  JNI_CreateJavaVM+0x60
C  [libjli.so+0x2b8e]


---------------  P R O C E S S  ---------------

Java Threads: ( => current thread )

Other Threads:

=>0x00007f2cd400a800 (exited) JavaThread "Unknown thread" [_thread_in_vm, id=6647, stack(0x00007f2cdb541000,0x00007f2cdb642000)]

VM state:not at safepoint (not fully initialized)

VM Mutex/Monitor currently owned by a thread: None

GC Heap History (0 events):
No events

Deoptimization events (0 events):
No events

Internal exceptions (0 events):
No events

Events (0 events):
No events


Dynamic libraries:
00400000-00401000 r-xp 00000000 08:01 2233750                            /usr/lib/jvm/java-7-openjdk-amd64/jre/bin/java
00600000-00601000 r--p 00000000 08:01 2233750                            /usr/lib/jvm/java-7-openjdk-amd64/jre/bin/java
00601000-00602000 rw-p 00001000 08:01 2233750                            /usr/lib/jvm/java-7-openjdk-amd64/jre/bin/java
018ad000-018ce000 rw-p 00000000 00:00 0                                  [heap]
c0000000-d0000000 rw-p 00000000 00:00 0 
f0000000-100000000 rw-p 00000000 00:00 0 
7f2cd0c9f000-7f2cd0dff000 rw-p 00000000 00:00 0 
7f2cd0dff000-7f2cd0f7f000 rw-p 00000000 00:00 0 
7f2cd0f7f000-7f2cd1000000 rw-p 00000000 00:00 0 
7f2cd1000000-7f2cd1270000 rwxp 00000000 00:00 0 
7f2cd1270000-7f2cd4023000 rw-p 00000000 00:00 0 
7f2cd4023000-7f2cd8000000 ---p 00000000 00:00 0 
7f2cd8062000-7f2cd813b000 rw-p 00000000 00:00 0 
7f2cd813b000-7f2cd8143000 r-xp 00000000 08:01 2231804                    /usr/lib/jvm/java-7-openjdk-amd64/jre/lib/amd64/libzip.so
7f2cd8143000-7f2cd8342000 ---p 00008000 08:01 2231804                    /usr/lib/jvm/java-7-openjdk-amd64/jre/lib/amd64/libzip.so
7f2cd8342000-7f2cd8343000 r--p 00007000 08:01 2231804                    /usr/lib/jvm/java-7-openjdk-amd64/jre/lib/amd64/libzip.so
7f2cd8343000-7f2cd8344000 rw-p 00008000 08:01 2231804                    /usr/lib/jvm/java-7-openjdk-amd64/jre/lib/amd64/libzip.so
7f2cd8344000-7f2cd834f000 r-xp 00000000 08:01 8655213                    /lib/x86_64-linux-gnu/libnss_files-2.19.so
7f2cd834f000-7f2cd854e000 ---p 0000b000 08:01 8655213                    /lib/x86_64-linux-gnu/libnss_files-2.19.so
7f2cd854e000-7f2cd854f000 r--p 0000a000 08:01 8655213                    /lib/x86_64-linux-gnu/libnss_files-2.19.so
7f2cd854f000-7f2cd8550000 rw-p 0000b000 08:01 8655213                    /lib/x86_64-linux-gnu/libnss_files-2.19.so
7f2cd8550000-7f2cd855b000 r-xp 00000000 08:01 8655205                    /lib/x86_64-linux-gnu/libnss_nis-2.19.so
7f2cd855b000-7f2cd875a000 ---p 0000b000 08:01 8655205                    /lib/x86_64-linux-gnu/libnss_nis-2.19.so
7f2cd875a000-7f2cd875b000 r--p 0000a000 08:01 8655205                    /lib/x86_64-linux-gnu/libnss_nis-2.19.so
7f2cd875b000-7f2cd875c000 rw-p 0000b000 08:01 8655205                    /lib/x86_64-linux-gnu/libnss_nis-2.19.so
7f2cd875c000-7f2cd8773000 r-xp 00000000 08:01 8650771                    /lib/x86_64-linux-gnu/libnsl-2.19.so
7f2cd8773000-7f2cd8972000 ---p 00017000 08:01 8650771                    /lib/x86_64-linux-gnu/libnsl-2.19.so
7f2cd8972000-7f2cd8973000 r--p 00016000 08:01 8650771                    /lib/x86_64-linux-gnu/libnsl-2.19.so
7f2cd8973000-7f2cd8974000 rw-p 00017000 08:01 8650771                    /lib/x86_64-linux-gnu/libnsl-2.19.so
7f2cd8974000-7f2cd8976000 rw-p 00000000 00:00 0 
7f2cd8976000-7f2cd897f000 r-xp 00000000 08:01 8655023                    /lib/x86_64-linux-gnu/libnss_compat-2.19.so
7f2cd897f000-7f2cd8b7e000 ---p 00009000 08:01 8655023                    /lib/x86_64-linux-gnu/libnss_compat-2.19.so
7f2cd8b7e000-7f2cd8b7f000 r--p 00008000 08:01 8655023                    /lib/x86_64-linux-gnu/libnss_compat-2.19.so
7f2cd8b7f000-7f2cd8b80000 rw-p 00009000 08:01 8655023                    /lib/x86_64-linux-gnu/libnss_compat-2.19.so
7f2cd8b80000-7f2cd8bad000 r-xp 00000000 08:01 2231787                    /usr/lib/jvm/java-7-openjdk-amd64/jre/lib/amd64/libjava.so
7f2cd8bad000-7f2cd8dac000 ---p 0002d000 08:01 2231787                    /usr/lib/jvm/java-7-openjdk-amd64/jre/lib/amd64/libjava.so
7f2cd8dac000-7f2cd8dad000 r--p 0002c000 08:01 2231787                    /usr/lib/jvm/java-7-openjdk-amd64/jre/lib/amd64/libjava.so
7f2cd8dad000-7f2cd8daf000 rw-p 0002d000 08:01 2231787                    /usr/lib/jvm/java-7-openjdk-amd64/jre/lib/amd64/libjava.so
7f2cd8daf000-7f2cd8dc0000 r-xp 00000000 08:01 2233677                    /usr/lib/jvm/java-7-openjdk-amd64/jre/lib/amd64/libverify.so
7f2cd8dc0000-7f2cd8fbf000 ---p 00011000 08:01 2233677                    /usr/lib/jvm/java-7-openjdk-amd64/jre/lib/amd64/libverify.so
7f2cd8fbf000-7f2cd8fc1000 r--p 00010000 08:01 2233677                    /usr/lib/jvm/java-7-openjdk-amd64/jre/lib/amd64/libverify.so
7f2cd8fc1000-7f2cd8fc2000 rw-p 00012000 08:01 2233677                    /usr/lib/jvm/java-7-openjdk-amd64/jre/lib/amd64/libverify.so
7f2cd8fc2000-7f2cd8fc9000 r-xp 00000000 08:01 8655204                    /lib/x86_64-linux-gnu/librt-2.19.so
7f2cd8fc9000-7f2cd91c8000 ---p 00007000 08:01 8655204                    /lib/x86_64-linux-gnu/librt-2.19.so
7f2cd91c8000-7f2cd91c9000 r--p 00006000 08:01 8655204                    /lib/x86_64-linux-gnu/librt-2.19.so
7f2cd91c9000-7f2cd91ca000 rw-p 00007000 08:01 8655204                    /lib/x86_64-linux-gnu/librt-2.19.so
7f2cd91ca000-7f2cd91e0000 r-xp 00000000 08:01 8654949                    /lib/x86_64-linux-gnu/libgcc_s.so.1
7f2cd91e0000-7f2cd93df000 ---p 00016000 08:01 8654949                    /lib/x86_64-linux-gnu/libgcc_s.so.1
7f2cd93df000-7f2cd93e0000 r--p 00015000 08:01 8654949                    /lib/x86_64-linux-gnu/libgcc_s.so.1
7f2cd93e0000-7f2cd93e1000 rw-p 00016000 08:01 8654949                    /lib/x86_64-linux-gnu/libgcc_s.so.1
7f2cd93e1000-7f2cd94e6000 r-xp 00000000 08:01 8655206                    /lib/x86_64-linux-gnu/libm-2.19.so
7f2cd94e6000-7f2cd96e5000 ---p 00105000 08:01 8655206                    /lib/x86_64-linux-gnu/libm-2.19.so
7f2cd96e5000-7f2cd96e6000 r--p 00104000 08:01 8655206                    /lib/x86_64-linux-gnu/libm-2.19.so
7f2cd96e6000-7f2cd96e7000 rw-p 00105000 08:01 8655206                    /lib/x86_64-linux-gnu/libm-2.19.so
7f2cd96e7000-7f2cd97d7000 r-xp 00000000 08:01 2237967                    /usr/lib/x86_64-linux-gnu/libstdc++.so.6.0.20
7f2cd97d7000-7f2cd99d7000 ---p 000f0000 08:01 2237967                    /usr/lib/x86_64-linux-gnu/libstdc++.so.6.0.20
7f2cd99d7000-7f2cd99df000 r--p 000f0000 08:01 2237967                    /usr/lib/x86_64-linux-gnu/libstdc++.so.6.0.20
7f2cd99df000-7f2cd99e1000 rw-p 000f8000 08:01 2237967                    /usr/lib/x86_64-linux-gnu/libstdc++.so.6.0.20
7f2cd99e1000-7f2cd99f6000 rw-p 00000000 00:00 0 
7f2cd99f6000-7f2cda543000 r-xp 00000000 08:01 2233690                    /usr/lib/jvm/java-7-openjdk-amd64/jre/lib/amd64/server/libjvm.so
7f2cda543000-7f2cda743000 ---p 00b4d000 08:01 2233690                    /usr/lib/jvm/java-7-openjdk-amd64/jre/lib/amd64/server/libjvm.so
7f2cda743000-7f2cda7e2000 r--p 00b4d000 08:01 2233690                    /usr/lib/jvm/java-7-openjdk-amd64/jre/lib/amd64/server/libjvm.so
7f2cda7e2000-7f2cda805000 rw-p 00bec000 08:01 2233690                    /usr/lib/jvm/java-7-openjdk-amd64/jre/lib/amd64/server/libjvm.so
7f2cda805000-7f2cda832000 rw-p 00000000 00:00 0 
7f2cda832000-7f2cda84a000 r-xp 00000000 08:01 8655093                    /lib/x86_64-linux-gnu/libz.so.1.2.8
7f2cda84a000-7f2cdaa49000 ---p 00018000 08:01 8655093                    /lib/x86_64-linux-gnu/libz.so.1.2.8
7f2cdaa49000-7f2cdaa4a000 r--p 00017000 08:01 8655093                    /lib/x86_64-linux-gnu/libz.so.1.2.8
7f2cdaa4a000-7f2cdaa4b000 rw-p 00018000 08:01 8655093                    /lib/x86_64-linux-gnu/libz.so.1.2.8
7f2cdaa4b000-7f2cdaa63000 r-xp 00000000 08:01 8655024                    /lib/x86_64-linux-gnu/libpthread-2.19.so
7f2cdaa63000-7f2cdac63000 ---p 00018000 08:01 8655024                    /lib/x86_64-linux-gnu/libpthread-2.19.so
7f2cdac63000-7f2cdac64000 r--p 00018000 08:01 8655024                    /lib/x86_64-linux-gnu/libpthread-2.19.so
7f2cdac64000-7f2cdac65000 rw-p 00019000 08:01 8655024                    /lib/x86_64-linux-gnu/libpthread-2.19.so
7f2cdac65000-7f2cdac69000 rw-p 00000000 00:00 0 
7f2cdac69000-7f2cdac6c000 r-xp 00000000 08:01 8655217                    /lib/x86_64-linux-gnu/libdl-2.19.so
7f2cdac6c000-7f2cdae6b000 ---p 00003000 08:01 8655217                    /lib/x86_64-linux-gnu/libdl-2.19.so
7f2cdae6b000-7f2cdae6c000 r--p 00002000 08:01 8655217                    /lib/x86_64-linux-gnu/libdl-2.19.so
7f2cdae6c000-7f2cdae6d000 rw-p 00003000 08:01 8655217                    /lib/x86_64-linux-gnu/libdl-2.19.so
7f2cdae6d000-7f2cdb027000 r-xp 00000000 08:01 8650767                    /lib/x86_64-linux-gnu/libc-2.19.so
7f2cdb027000-7f2cdb227000 ---p 001ba000 08:01 8650767                    /lib/x86_64-linux-gnu/libc-2.19.so
7f2cdb227000-7f2cdb22b000 r--p 001ba000 08:01 8650767                    /lib/x86_64-linux-gnu/libc-2.19.so
7f2cdb22b000-7f2cdb22d000 rw-p 001be000 08:01 8650767                    /lib/x86_64-linux-gnu/libc-2.19.so
7f2cdb22d000-7f2cdb232000 rw-p 00000000 00:00 0 
7f2cdb232000-7f2cdb23f000 r-xp 00000000 08:01 2233695                    /usr/lib/jvm/java-7-openjdk-amd64/jre/lib/amd64/jli/libjli.so
7f2cdb23f000-7f2cdb43e000 ---p 0000d000 08:01 2233695                    /usr/lib/jvm/java-7-openjdk-amd64/jre/lib/amd64/jli/libjli.so
7f2cdb43e000-7f2cdb43f000 r--p 0000c000 08:01 2233695                    /usr/lib/jvm/java-7-openjdk-amd64/jre/lib/amd64/jli/libjli.so
7f2cdb43f000-7f2cdb440000 rw-p 0000d000 08:01 2233695                    /usr/lib/jvm/java-7-openjdk-amd64/jre/lib/amd64/jli/libjli.so
7f2cdb440000-7f2cdb463000 r-xp 00000000 08:01 8655208                    /lib/x86_64-linux-gnu/ld-2.19.so
7f2cdb481000-7f2cdb48b000 rw-p 00000000 00:00 0 
7f2cdb48b000-7f2cdb541000 rw-p 00000000 00:00 0 
7f2cdb541000-7f2cdb544000 ---p 00000000 00:00 0 
7f2cdb544000-7f2cdb647000 rw-p 00000000 00:00 0                          [stack:6647]
7f2cdb654000-7f2cdb656000 rw-p 00000000 00:00 0 
7f2cdb656000-7f2cdb65e000 rw-s 00000000 08:01 6422558                    /tmp/hsperfdata_mohammed/6645
7f2cdb65e000-7f2cdb65f000 rw-p 00000000 00:00 0 
7f2cdb65f000-7f2cdb660000 r--p 00000000 00:00 0 
7f2cdb660000-7f2cdb662000 rw-p 00000000 00:00 0 
7f2cdb662000-7f2cdb663000 r--p 00022000 08:01 8655208                    /lib/x86_64-linux-gnu/ld-2.19.so
7f2cdb663000-7f2cdb664000 rw-p 00023000 08:01 8655208                    /lib/x86_64-linux-gnu/ld-2.19.so
7f2cdb664000-7f2cdb665000 rw-p 00000000 00:00 0 
7fff5793f000-7fff57960000 rw-p 00000000 00:00 0                          [stack]
7fff579fc000-7fff579fe000 r-xp 00000000 00:00 0                          [vdso]
7fff579fe000-7fff57a00000 r--p 00000000 00:00 0                          [vvar]
ffffffffff600000-ffffffffff601000 r-xp 00000000 00:00 0                  [vsyscall]

VM Arguments:
jvm_args: -Dgrails.home=/home/mohammed/Téléchargements/grails-2.4.3 -Dbase.dir=/home/mohammed/IdeaProjects/stackOverFLow -Dtools.jar=/usr/lib/jvm/java-7-openjdk-amd64/lib/tools.jar -Dgroovy.starter.conf=/home/mohammed/Téléchargements/grails-2.4.3/conf/groovy-starter.conf -Xmx768M -Xms768M -XX:MaxPermSize=256m -XX:PermSize=256m -Dfile.encoding=UTF-8 
java_command: org.codehaus.groovy.grails.cli.support.GrailsStarter --main org.codehaus.groovy.grails.cli.GrailsScriptRunner --conf /home/mohammed/Téléchargements/grails-2.4.3/conf/groovy-starter.conf idea-print-project-settings -plain-output
Launcher Type: SUN_STANDARD

Environment Variables:
JAVA_HOME=/usr/lib/jvm/java-7-openjdk-amd64
CLASSPATH=/home/mohammed/Téléchargements/idea-IU-139.659.2/bin/../lib/bootstrap.jar:/home/mohammed/Téléchargements/idea-IU-139.659.2/bin/../lib/extensions.jar:/home/mohammed/Téléchargements/idea-IU-139.659.2/bin/../lib/util.jar:/home/mohammed/Téléchargements/idea-IU-139.659.2/bin/../lib/jdom.jar:/home/mohammed/Téléchargements/idea-IU-139.659.2/bin/../lib/log4j.jar:/home/mohammed/Téléchargements/idea-IU-139.659.2/bin/../lib/trove4j.jar:/home/mohammed/Téléchargements/idea-IU-139.659.2/bin/../lib/jna.jar:/usr/lib/jvm/java-7-openjdk-amd64/lib/tools.jar
PATH=/usr/local/sbin:/usr/local/bin:/usr/sbin:/usr/bin:/sbin:/bin:/usr/games:/usr/local/games
LD_LIBRARY_PATH=/home/mohammed/Téléchargements/idea-IU-139.659.2/bin:
SHELL=/bin/bash
DISPLAY=:0

Signal Handlers:
SIGSEGV: [libjvm.so+0x981590], sa_mask[0]=0x7ffbfeff, sa_flags=0x10000004
SIGBUS: [libjvm.so+0x981590], sa_mask[0]=0x7ffbfeff, sa_flags=0x10000004
SIGFPE: [libjvm.so+0x7efd60], sa_mask[0]=0x7ffbfeff, sa_flags=0x10000004
SIGPIPE: [libjvm.so+0x7efd60], sa_mask[0]=0x7ffbfeff, sa_flags=0x10000004
SIGXFSZ: [libjvm.so+0x7efd60], sa_mask[0]=0x7ffbfeff, sa_flags=0x10000004
SIGILL: [libjvm.so+0x7efd60], sa_mask[0]=0x7ffbfeff, sa_flags=0x10000004
SIGUSR1: SIG_DFL, sa_mask[0]=0x00000000, sa_flags=0x00000000
SIGUSR2: [libjvm.so+0x7efbe0], sa_mask[0]=0x00000004, sa_flags=0x10000004
SIGHUP: SIG_DFL, sa_mask[0]=0x00000000, sa_flags=0x00000000
SIGINT: SIG_DFL, sa_mask[0]=0x00000000, sa_flags=0x00000000
SIGTERM: SIG_DFL, sa_mask[0]=0x00000000, sa_flags=0x00000000
SIGQUIT: SIG_DFL, sa_mask[0]=0x00000000, sa_flags=0x00000000
SIGTRAP: SIG_DFL, sa_mask[0]=0x00000000, sa_flags=0x00000000


---------------  S Y S T E M  ---------------

OS:Ubuntu 14.10 (utopic)
uname:Linux 3.16.0-23-generic #31-Ubuntu SMP Tue Oct 21 17:56:17 UTC 2014 x86_64
libc:glibc 2.19 NPTL 2.19 
rlimit: STACK 8192k, CORE 0k, NPROC 14594, NOFILE 4096, AS infinity
load average:0.46 0.83 0.83

/proc/meminfo:
MemTotal:        3766904 kB
MemFree:          253572 kB
MemAvailable:     429884 kB
Buffers:           24564 kB
Cached:           399084 kB
SwapCached:            0 kB
Active:          3070096 kB
Inactive:         267916 kB
Active(anon):    2927036 kB
Inactive(anon):    85916 kB
Active(file):     143060 kB
Inactive(file):   182000 kB
Unevictable:          64 kB
Mlocked:              64 kB
SwapTotal:             0 kB
SwapFree:              0 kB
Dirty:                32 kB
Writeback:             0 kB
AnonPages:       2914488 kB
Mapped:           170392 kB
Shmem:             98588 kB
Slab:              73576 kB
SReclaimable:      40376 kB
SUnreclaim:        33200 kB
KernelStack:        8624 kB
PageTables:        31112 kB
NFS_Unstable:          0 kB
Bounce:                0 kB
WritebackTmp:          0 kB
CommitLimit:     1883452 kB
Committed_AS:    5000104 kB
VmallocTotal:   34359738367 kB
VmallocUsed:      348032 kB
VmallocChunk:   34359347964 kB
HardwareCorrupted:     0 kB
AnonHugePages:   1835008 kB
HugePages_Total:       0
HugePages_Free:        0
HugePages_Rsvd:        0
HugePages_Surp:        0
Hugepagesize:       2048 kB
DirectMap4k:       80232 kB
DirectMap2M:     3831808 kB


CPU:total 4 (2 cores per cpu, 2 threads per core) family 6 model 58 stepping 9, cmov, cx8, fxsr, mmx, sse, sse2, sse3, ssse3, sse4.1, sse4.2, popcnt, avx, aes, erms, ht, tsc, tscinvbit, tscinv

/proc/cpuinfo:
processor	: 0
vendor_id	: GenuineIntel
cpu family	: 6
model		: 58
model name	: Intel(R) Core(TM) i5-3320M CPU @ 2.60GHz
stepping	: 9
microcode	: 0x12
cpu MHz		: 3101.210
cache size	: 3072 KB
physical id	: 0
siblings	: 4
core id		: 0
cpu cores	: 2
apicid		: 0
initial apicid	: 0
fpu		: yes
fpu_exception	: yes
cpuid level	: 13
wp		: yes
flags		: fpu vme de pse tsc msr pae mce cx8 apic sep mtrr pge mca cmov pat pse36 clflush dts acpi mmx fxsr sse sse2 ss ht tm pbe syscall nx rdtscp lm constant_tsc arch_perfmon pebs bts rep_good nopl xtopology nonstop_tsc aperfmperf eagerfpu pni pclmulqdq dtes64 monitor ds_cpl vmx smx est tm2 ssse3 cx16 xtpr pdcm pcid sse4_1 sse4_2 x2apic popcnt tsc_deadline_timer aes xsave avx f16c rdrand lahf_lm ida arat epb xsaveopt pln pts dtherm tpr_shadow vnmi flexpriority ept vpid fsgsbase smep erms
bogomips	: 5187.62
clflush size	: 64
cache_alignment	: 64
address sizes	: 36 bits physical, 48 bits virtual
power management:

processor	: 1
vendor_id	: GenuineIntel
cpu family	: 6
model		: 58
model name	: Intel(R) Core(TM) i5-3320M CPU @ 2.60GHz
stepping	: 9
microcode	: 0x12
cpu MHz		: 3148.539
cache size	: 3072 KB
physical id	: 0
siblings	: 4
core id		: 0
cpu cores	: 2
apicid		: 1
initial apicid	: 1
fpu		: yes
fpu_exception	: yes
cpuid level	: 13
wp		: yes
flags		: fpu vme de pse tsc msr pae mce cx8 apic sep mtrr pge mca cmov pat pse36 clflush dts acpi mmx fxsr sse sse2 ss ht tm pbe syscall nx rdtscp lm constant_tsc arch_perfmon pebs bts rep_good nopl xtopology nonstop_tsc aperfmperf eagerfpu pni pclmulqdq dtes64 monitor ds_cpl vmx smx est tm2 ssse3 cx16 xtpr pdcm pcid sse4_1 sse4_2 x2apic popcnt tsc_deadline_timer aes xsave avx f16c rdrand lahf_lm ida arat epb xsaveopt pln pts dtherm tpr_shadow vnmi flexpriority ept vpid fsgsbase smep erms
bogomips	: 5187.62
clflush size	: 64
cache_alignment	: 64
address sizes	: 36 bits physical, 48 bits virtual
power management:

processor	: 2
vendor_id	: GenuineIntel
cpu family	: 6
model		: 58
model name	: Intel(R) Core(TM) i5-3320M CPU @ 2.60GHz
stepping	: 9
microcode	: 0x12
cpu MHz		: 3100.296
cache size	: 3072 KB
physical id	: 0
siblings	: 4
core id		: 1
cpu cores	: 2
apicid		: 2
initial apicid	: 2
fpu		: yes
fpu_exception	: yes
cpuid level	: 13
wp		: yes
flags		: fpu vme de pse tsc msr pae mce cx8 apic sep mtrr pge mca cmov pat pse36 clflush dts acpi mmx fxsr sse sse2 ss ht tm pbe syscall nx rdtscp lm constant_tsc arch_perfmon pebs bts rep_good nopl xtopology nonstop_tsc aperfmperf eagerfpu pni pclmulqdq dtes64 monitor ds_cpl vmx smx est tm2 ssse3 cx16 xtpr pdcm pcid sse4_1 sse4_2 x2apic popcnt tsc_deadline_timer aes xsave avx f16c rdrand lahf_lm ida arat epb xsaveopt pln pts dtherm tpr_shadow vnmi flexpriority ept vpid fsgsbase smep erms
bogomips	: 5187.62
clflush size	: 64
cache_alignment	: 64
address sizes	: 36 bits physical, 48 bits virtual
power management:

processor	: 3
vendor_id	: GenuineIntel
cpu family	: 6
model		: 58
model name	: Intel(R) Core(TM) i5-3320M CPU @ 2.60GHz
stepping	: 9
microcode	: 0x12
cpu MHz		: 3101.820
cache size	: 3072 KB
physical id	: 0
siblings	: 4
core id		: 1
cpu cores	: 2
apicid		: 3
initial apicid	: 3
fpu		: yes
fpu_exception	: yes
cpuid level	: 13
wp		: yes
flags		: fpu vme de pse tsc msr pae mce cx8 apic sep mtrr pge mca cmov pat pse36 clflush dts acpi mmx fxsr sse sse2 ss ht tm pbe syscall nx rdtscp lm constant_tsc arch_perfmon pebs bts rep_good nopl xtopology nonstop_tsc aperfmperf eagerfpu pni pclmulqdq dtes64 monitor ds_cpl vmx smx est tm2 ssse3 cx16 xtpr pdcm pcid sse4_1 sse4_2 x2apic popcnt tsc_deadline_timer aes xsave avx f16c rdrand lahf_lm ida arat epb xsaveopt pln pts dtherm tpr_shadow vnmi flexpriority ept vpid fsgsbase smep erms
bogomips	: 5187.62
clflush size	: 64
cache_alignment	: 64
address sizes	: 36 bits physical, 48 bits virtual
power management:



Memory: 4k page, physical 3766904k(253572k free), swap 0k(0k free)

vm_info: OpenJDK 64-Bit Server VM (24.65-b04) for linux-amd64 JRE (1.7.0_65-b32), built on Oct 22 2014 04:20:25 by "buildd" with gcc 4.9.1

time: Wed Jan 14 16:04:30 2015
elapsed time: 0 seconds

