#
# There is insufficient memory for the Java Runtime Environment to continue.
# Native memory allocation (malloc) failed to allocate 536870912 bytes for committing reserved memory.
# Possible reasons:
#   The system is out of physical RAM or swap space
#   In 32 bit mode, the process size limit was hit
# Possible solutions:
#   Reduce memory load on the system
#   Increase physical memory or swap space
#   Check if swap backing store is full
#   Use 64 bit Java on a 64 bit OS
#   Decrease Java heap size (-Xmx/-Xms)
#   Decrease number of Java threads
#   Decrease Java thread stack sizes (-Xss)
#   Set larger code cache with -XX:ReservedCodeCacheSize=
# This output file may be truncated or incomplete.
#
#  Out of Memory Error (os_linux.cpp:2798), pid=6452, tid=140347958535936
#
# JRE version:  (7.0_65-b32) (build )
# Java VM: OpenJDK 64-Bit Server VM (24.65-b04 mixed mode linux-amd64 compressed oops)
# Derivative: IcedTea 2.5.3
# Distribution: Ubuntu 14.10, package 7u71-2.5.3-0ubuntu1
# Failed to write core dump. Core dumps have been disabled. To enable core dumping, try "ulimit -c unlimited" before starting Java again
#

---------------  T H R E A D  ---------------

Current thread (0x00007fa54400c000):  JavaThread "Unknown thread" [_thread_in_vm, id=6453, stack(0x00007fa54e26a000,0x00007fa54e36b000)]

Stack: [0x00007fa54e26a000,0x00007fa54e36b000],  sp=0x00007fa54e369570,  free space=1021k
Native frames: (J=compiled Java code, j=interpreted, Vv=VM code, C=native code)
V  [libjvm.so+0x980aa6]  VMError::report_and_die()+0x186
V  [libjvm.so+0x48fed2]  report_vm_out_of_memory(char const*, int, unsigned long, char const*)+0x92
V  [libjvm.so+0x7f480b]  os::pd_commit_memory(char*, unsigned long, unsigned long, bool)+0xeb
V  [libjvm.so+0x7eef1e]  os::commit_memory(char*, unsigned long, unsigned long, bool)+0x2e
V  [libjvm.so+0x86100b]  PSVirtualSpace::expand_by(unsigned long)+0x5b
V  [libjvm.so+0x84ff3b]  PSOldGen::initialize(ReservedSpace, unsigned long, char const*, int)+0xab
V  [libjvm.so+0x2a4a55]  AdjoiningGenerations::AdjoiningGenerations(ReservedSpace, unsigned long, unsigned long, unsigned long, unsigned long, unsigned long, unsigned long, unsigned long)+0x365
V  [libjvm.so+0x815364]  ParallelScavengeHeap::initialize()+0x594
V  [libjvm.so+0x94b067]  Universe::initialize_heap()+0xc7
V  [libjvm.so+0x94b3b6]  universe_init()+0x76
V  [libjvm.so+0x5b025f]  init_globals()+0x5f
V  [libjvm.so+0x92c4ef]  Threads::create_vm(JavaVMInitArgs*, bool*)+0x36f
V  [libjvm.so+0x61f360]  JNI_CreateJavaVM+0x60
C  [libjli.so+0x2b8e]


---------------  P R O C E S S  ---------------

Java Threads: ( => current thread )

Other Threads:

=>0x00007fa54400c000 (exited) JavaThread "Unknown thread" [_thread_in_vm, id=6453, stack(0x00007fa54e26a000,0x00007fa54e36b000)]

VM state:not at safepoint (not fully initialized)

VM Mutex/Monitor currently owned by a thread: None

GC Heap History (0 events):
No events

Deoptimization events (0 events):
No events

Internal exceptions (0 events):
No events

Events (0 events):
No events


Dynamic libraries:
00400000-00401000 r-xp 00000000 08:01 2233750                            /usr/lib/jvm/java-7-openjdk-amd64/jre/bin/java
00600000-00601000 r--p 00000000 08:01 2233750                            /usr/lib/jvm/java-7-openjdk-amd64/jre/bin/java
00601000-00602000 rw-p 00001000 08:01 2233750                            /usr/lib/jvm/java-7-openjdk-amd64/jre/bin/java
010e0000-01101000 rw-p 00000000 00:00 0                                  [heap]
c0000000-d0000000 rw-p 00000000 00:00 0 
f0000000-100000000 rw-p 00000000 00:00 0 
7fa541000000-7fa541270000 rwxp 00000000 00:00 0 
7fa541270000-7fa544025000 rw-p 00000000 00:00 0 
7fa544025000-7fa548000000 ---p 00000000 00:00 0 
7fa54a81f000-7fa54aa58000 rw-p 00000000 00:00 0 
7fa54aa58000-7fa54abd8000 rw-p 00000000 00:00 0 
7fa54abd8000-7fa54ac59000 rw-p 00000000 00:00 0 
7fa54ac59000-7fa54ac61000 r-xp 00000000 08:01 2231804                    /usr/lib/jvm/java-7-openjdk-amd64/jre/lib/amd64/libzip.so
7fa54ac61000-7fa54ae60000 ---p 00008000 08:01 2231804                    /usr/lib/jvm/java-7-openjdk-amd64/jre/lib/amd64/libzip.so
7fa54ae60000-7fa54ae61000 r--p 00007000 08:01 2231804                    /usr/lib/jvm/java-7-openjdk-amd64/jre/lib/amd64/libzip.so
7fa54ae61000-7fa54ae62000 rw-p 00008000 08:01 2231804                    /usr/lib/jvm/java-7-openjdk-amd64/jre/lib/amd64/libzip.so
7fa54ae62000-7fa54ae6d000 r-xp 00000000 08:01 8655213                    /lib/x86_64-linux-gnu/libnss_files-2.19.so
7fa54ae6d000-7fa54b06c000 ---p 0000b000 08:01 8655213                    /lib/x86_64-linux-gnu/libnss_files-2.19.so
7fa54b06c000-7fa54b06d000 r--p 0000a000 08:01 8655213                    /lib/x86_64-linux-gnu/libnss_files-2.19.so
7fa54b06d000-7fa54b06e000 rw-p 0000b000 08:01 8655213                    /lib/x86_64-linux-gnu/libnss_files-2.19.so
7fa54b06e000-7fa54b079000 r-xp 00000000 08:01 8655205                    /lib/x86_64-linux-gnu/libnss_nis-2.19.so
7fa54b079000-7fa54b278000 ---p 0000b000 08:01 8655205                    /lib/x86_64-linux-gnu/libnss_nis-2.19.so
7fa54b278000-7fa54b279000 r--p 0000a000 08:01 8655205                    /lib/x86_64-linux-gnu/libnss_nis-2.19.so
7fa54b279000-7fa54b27a000 rw-p 0000b000 08:01 8655205                    /lib/x86_64-linux-gnu/libnss_nis-2.19.so
7fa54b27a000-7fa54b291000 r-xp 00000000 08:01 8650771                    /lib/x86_64-linux-gnu/libnsl-2.19.so
7fa54b291000-7fa54b490000 ---p 00017000 08:01 8650771                    /lib/x86_64-linux-gnu/libnsl-2.19.so
7fa54b490000-7fa54b491000 r--p 00016000 08:01 8650771                    /lib/x86_64-linux-gnu/libnsl-2.19.so
7fa54b491000-7fa54b492000 rw-p 00017000 08:01 8650771                    /lib/x86_64-linux-gnu/libnsl-2.19.so
7fa54b492000-7fa54b494000 rw-p 00000000 00:00 0 
7fa54b494000-7fa54b49d000 r-xp 00000000 08:01 8655023                    /lib/x86_64-linux-gnu/libnss_compat-2.19.so
7fa54b49d000-7fa54b69c000 ---p 00009000 08:01 8655023                    /lib/x86_64-linux-gnu/libnss_compat-2.19.so
7fa54b69c000-7fa54b69d000 r--p 00008000 08:01 8655023                    /lib/x86_64-linux-gnu/libnss_compat-2.19.so
7fa54b69d000-7fa54b69e000 rw-p 00009000 08:01 8655023                    /lib/x86_64-linux-gnu/libnss_compat-2.19.so
7fa54b69e000-7fa54b6a8000 r-xp 00000000 08:01 2233685                    /usr/lib/jvm/java-7-openjdk-amd64/jre/lib/amd64/libinstrument.so
7fa54b6a8000-7fa54b8a7000 ---p 0000a000 08:01 2233685                    /usr/lib/jvm/java-7-openjdk-amd64/jre/lib/amd64/libinstrument.so
7fa54b8a7000-7fa54b8a8000 r--p 00009000 08:01 2233685                    /usr/lib/jvm/java-7-openjdk-amd64/jre/lib/amd64/libinstrument.so
7fa54b8a8000-7fa54b8a9000 rw-p 0000a000 08:01 2233685                    /usr/lib/jvm/java-7-openjdk-amd64/jre/lib/amd64/libinstrument.so
7fa54b8a9000-7fa54b8d6000 r-xp 00000000 08:01 2231787                    /usr/lib/jvm/java-7-openjdk-amd64/jre/lib/amd64/libjava.so
7fa54b8d6000-7fa54bad5000 ---p 0002d000 08:01 2231787                    /usr/lib/jvm/java-7-openjdk-amd64/jre/lib/amd64/libjava.so
7fa54bad5000-7fa54bad6000 r--p 0002c000 08:01 2231787                    /usr/lib/jvm/java-7-openjdk-amd64/jre/lib/amd64/libjava.so
7fa54bad6000-7fa54bad8000 rw-p 0002d000 08:01 2231787                    /usr/lib/jvm/java-7-openjdk-amd64/jre/lib/amd64/libjava.so
7fa54bad8000-7fa54bae9000 r-xp 00000000 08:01 2233677                    /usr/lib/jvm/java-7-openjdk-amd64/jre/lib/amd64/libverify.so
7fa54bae9000-7fa54bce8000 ---p 00011000 08:01 2233677                    /usr/lib/jvm/java-7-openjdk-amd64/jre/lib/amd64/libverify.so
7fa54bce8000-7fa54bcea000 r--p 00010000 08:01 2233677                    /usr/lib/jvm/java-7-openjdk-amd64/jre/lib/amd64/libverify.so
7fa54bcea000-7fa54bceb000 rw-p 00012000 08:01 2233677                    /usr/lib/jvm/java-7-openjdk-amd64/jre/lib/amd64/libverify.so
7fa54bceb000-7fa54bcf2000 r-xp 00000000 08:01 8655204                    /lib/x86_64-linux-gnu/librt-2.19.so
7fa54bcf2000-7fa54bef1000 ---p 00007000 08:01 8655204                    /lib/x86_64-linux-gnu/librt-2.19.so
7fa54bef1000-7fa54bef2000 r--p 00006000 08:01 8655204                    /lib/x86_64-linux-gnu/librt-2.19.so
7fa54bef2000-7fa54bef3000 rw-p 00007000 08:01 8655204                    /lib/x86_64-linux-gnu/librt-2.19.so
7fa54bef3000-7fa54bf09000 r-xp 00000000 08:01 8654949                    /lib/x86_64-linux-gnu/libgcc_s.so.1
7fa54bf09000-7fa54c108000 ---p 00016000 08:01 8654949                    /lib/x86_64-linux-gnu/libgcc_s.so.1
7fa54c108000-7fa54c109000 r--p 00015000 08:01 8654949                    /lib/x86_64-linux-gnu/libgcc_s.so.1
7fa54c109000-7fa54c10a000 rw-p 00016000 08:01 8654949                    /lib/x86_64-linux-gnu/libgcc_s.so.1
7fa54c10a000-7fa54c20f000 r-xp 00000000 08:01 8655206                    /lib/x86_64-linux-gnu/libm-2.19.so
7fa54c20f000-7fa54c40e000 ---p 00105000 08:01 8655206                    /lib/x86_64-linux-gnu/libm-2.19.so
7fa54c40e000-7fa54c40f000 r--p 00104000 08:01 8655206                    /lib/x86_64-linux-gnu/libm-2.19.so
7fa54c40f000-7fa54c410000 rw-p 00105000 08:01 8655206                    /lib/x86_64-linux-gnu/libm-2.19.so
7fa54c410000-7fa54c500000 r-xp 00000000 08:01 2237967                    /usr/lib/x86_64-linux-gnu/libstdc++.so.6.0.20
7fa54c500000-7fa54c700000 ---p 000f0000 08:01 2237967                    /usr/lib/x86_64-linux-gnu/libstdc++.so.6.0.20
7fa54c700000-7fa54c708000 r--p 000f0000 08:01 2237967                    /usr/lib/x86_64-linux-gnu/libstdc++.so.6.0.20
7fa54c708000-7fa54c70a000 rw-p 000f8000 08:01 2237967                    /usr/lib/x86_64-linux-gnu/libstdc++.so.6.0.20
7fa54c70a000-7fa54c71f000 rw-p 00000000 00:00 0 
7fa54c71f000-7fa54d26c000 r-xp 00000000 08:01 2233690                    /usr/lib/jvm/java-7-openjdk-amd64/jre/lib/amd64/server/libjvm.so
7fa54d26c000-7fa54d46c000 ---p 00b4d000 08:01 2233690                    /usr/lib/jvm/java-7-openjdk-amd64/jre/lib/amd64/server/libjvm.so
7fa54d46c000-7fa54d50b000 r--p 00b4d000 08:01 2233690                    /usr/lib/jvm/java-7-openjdk-amd64/jre/lib/amd64/server/libjvm.so
7fa54d50b000-7fa54d52e000 rw-p 00bec000 08:01 2233690                    /usr/lib/jvm/java-7-openjdk-amd64/jre/lib/amd64/server/libjvm.so
7fa54d52e000-7fa54d55b000 rw-p 00000000 00:00 0 
7fa54d55b000-7fa54d573000 r-xp 00000000 08:01 8655093                    /lib/x86_64-linux-gnu/libz.so.1.2.8
7fa54d573000-7fa54d772000 ---p 00018000 08:01 8655093                    /lib/x86_64-linux-gnu/libz.so.1.2.8
7fa54d772000-7fa54d773000 r--p 00017000 08:01 8655093                    /lib/x86_64-linux-gnu/libz.so.1.2.8
7fa54d773000-7fa54d774000 rw-p 00018000 08:01 8655093                    /lib/x86_64-linux-gnu/libz.so.1.2.8
7fa54d774000-7fa54d78c000 r-xp 00000000 08:01 8655024                    /lib/x86_64-linux-gnu/libpthread-2.19.so
7fa54d78c000-7fa54d98c000 ---p 00018000 08:01 8655024                    /lib/x86_64-linux-gnu/libpthread-2.19.so
7fa54d98c000-7fa54d98d000 r--p 00018000 08:01 8655024                    /lib/x86_64-linux-gnu/libpthread-2.19.so
7fa54d98d000-7fa54d98e000 rw-p 00019000 08:01 8655024                    /lib/x86_64-linux-gnu/libpthread-2.19.so
7fa54d98e000-7fa54d992000 rw-p 00000000 00:00 0 
7fa54d992000-7fa54d995000 r-xp 00000000 08:01 8655217                    /lib/x86_64-linux-gnu/libdl-2.19.so
7fa54d995000-7fa54db94000 ---p 00003000 08:01 8655217                    /lib/x86_64-linux-gnu/libdl-2.19.so
7fa54db94000-7fa54db95000 r--p 00002000 08:01 8655217                    /lib/x86_64-linux-gnu/libdl-2.19.so
7fa54db95000-7fa54db96000 rw-p 00003000 08:01 8655217                    /lib/x86_64-linux-gnu/libdl-2.19.so
7fa54db96000-7fa54dd50000 r-xp 00000000 08:01 8650767                    /lib/x86_64-linux-gnu/libc-2.19.so
7fa54dd50000-7fa54df50000 ---p 001ba000 08:01 8650767                    /lib/x86_64-linux-gnu/libc-2.19.so
7fa54df50000-7fa54df54000 r--p 001ba000 08:01 8650767                    /lib/x86_64-linux-gnu/libc-2.19.so
7fa54df54000-7fa54df56000 rw-p 001be000 08:01 8650767                    /lib/x86_64-linux-gnu/libc-2.19.so
7fa54df56000-7fa54df5b000 rw-p 00000000 00:00 0 
7fa54df5b000-7fa54df68000 r-xp 00000000 08:01 2233695                    /usr/lib/jvm/java-7-openjdk-amd64/jre/lib/amd64/jli/libjli.so
7fa54df68000-7fa54e167000 ---p 0000d000 08:01 2233695                    /usr/lib/jvm/java-7-openjdk-amd64/jre/lib/amd64/jli/libjli.so
7fa54e167000-7fa54e168000 r--p 0000c000 08:01 2233695                    /usr/lib/jvm/java-7-openjdk-amd64/jre/lib/amd64/jli/libjli.so
7fa54e168000-7fa54e169000 rw-p 0000d000 08:01 2233695                    /usr/lib/jvm/java-7-openjdk-amd64/jre/lib/amd64/jli/libjli.so
7fa54e169000-7fa54e18c000 r-xp 00000000 08:01 8655208                    /lib/x86_64-linux-gnu/ld-2.19.so
7fa54e1aa000-7fa54e1b4000 rw-p 00000000 00:00 0 
7fa54e1b4000-7fa54e26a000 rw-p 00000000 00:00 0 
7fa54e26a000-7fa54e26d000 ---p 00000000 00:00 0 
7fa54e26d000-7fa54e370000 rw-p 00000000 00:00 0                          [stack:6453]
7fa54e37d000-7fa54e37f000 rw-p 00000000 00:00 0 
7fa54e37f000-7fa54e387000 rw-s 00000000 08:01 6422558                    /tmp/hsperfdata_mohammed/6452
7fa54e387000-7fa54e388000 rw-p 00000000 00:00 0 
7fa54e388000-7fa54e389000 r--p 00000000 00:00 0 
7fa54e389000-7fa54e38b000 rw-p 00000000 00:00 0 
7fa54e38b000-7fa54e38c000 r--p 00022000 08:01 8655208                    /lib/x86_64-linux-gnu/ld-2.19.so
7fa54e38c000-7fa54e38d000 rw-p 00023000 08:01 8655208                    /lib/x86_64-linux-gnu/ld-2.19.so
7fa54e38d000-7fa54e38e000 rw-p 00000000 00:00 0 
7fff35e4c000-7fff35e6d000 rw-p 00000000 00:00 0                          [stack]
7fff35ffc000-7fff35ffe000 r-xp 00000000 00:00 0                          [vdso]
7fff35ffe000-7fff36000000 r--p 00000000 00:00 0                          [vvar]
ffffffffff600000-ffffffffff601000 r-xp 00000000 00:00 0                  [vsyscall]

VM Arguments:
jvm_args: -Dgrails.home=/home/mohammed/Téléchargements/grails-2.4.3 -Dbase.dir=/home/mohammed/IdeaProjects/stackOverFLow -Dtools.jar=/usr/lib/jvm/java-7-openjdk-amd64/lib/tools.jar -Dgroovy.starter.conf=/home/mohammed/Téléchargements/grails-2.4.3/conf/groovy-starter.conf -Xmx768M -Xms768M -XX:MaxPermSize=256m -XX:PermSize=256m -javaagent:/home/mohammed/Téléchargements/grails-2.4.3/lib/org.springframework/springloaded/jars/springloaded-1.2.0.RELEASE.jar -Xverify:none -Dspringloaded=profile=grails -Didea.launcher.port=7534 -Didea.launcher.bin.path=/home/mohammed/Téléchargements/idea-IU-139.659.2/bin -Dfile.encoding=UTF-8 
java_command: com.intellij.rt.execution.application.AppMain org.codehaus.groovy.grails.cli.support.GrailsStarter --main org.codehaus.groovy.grails.cli.GrailsScriptRunner --conf /home/mohammed/Téléchargements/grails-2.4.3/conf/groovy-starter.conf run-app -plain-output
Launcher Type: SUN_STANDARD

Environment Variables:
JAVA_HOME=/usr/lib/jvm/java-7-openjdk-amd64
CLASSPATH=/home/mohammed/Téléchargements/idea-IU-139.659.2/bin/../lib/bootstrap.jar:/home/mohammed/Téléchargements/idea-IU-139.659.2/bin/../lib/extensions.jar:/home/mohammed/Téléchargements/idea-IU-139.659.2/bin/../lib/util.jar:/home/mohammed/Téléchargements/idea-IU-139.659.2/bin/../lib/jdom.jar:/home/mohammed/Téléchargements/idea-IU-139.659.2/bin/../lib/log4j.jar:/home/mohammed/Téléchargements/idea-IU-139.659.2/bin/../lib/trove4j.jar:/home/mohammed/Téléchargements/idea-IU-139.659.2/bin/../lib/jna.jar:/usr/lib/jvm/java-7-openjdk-amd64/lib/tools.jar
PATH=/usr/local/sbin:/usr/local/bin:/usr/sbin:/usr/bin:/sbin:/bin:/usr/games:/usr/local/games
LD_LIBRARY_PATH=/home/mohammed/Téléchargements/idea-IU-139.659.2/bin:
SHELL=/bin/bash
DISPLAY=:0

Signal Handlers:
SIGSEGV: [libjvm.so+0x981590], sa_mask[0]=0x7ffbfeff, sa_flags=0x10000004
SIGBUS: [libjvm.so+0x981590], sa_mask[0]=0x7ffbfeff, sa_flags=0x10000004
SIGFPE: [libjvm.so+0x7efd60], sa_mask[0]=0x7ffbfeff, sa_flags=0x10000004
SIGPIPE: [libjvm.so+0x7efd60], sa_mask[0]=0x7ffbfeff, sa_flags=0x10000004
SIGXFSZ: [libjvm.so+0x7efd60], sa_mask[0]=0x7ffbfeff, sa_flags=0x10000004
SIGILL: [libjvm.so+0x7efd60], sa_mask[0]=0x7ffbfeff, sa_flags=0x10000004
SIGUSR1: SIG_DFL, sa_mask[0]=0x00000000, sa_flags=0x00000000
SIGUSR2: [libjvm.so+0x7efbe0], sa_mask[0]=0x00000004, sa_flags=0x10000004
SIGHUP: SIG_DFL, sa_mask[0]=0x00000000, sa_flags=0x00000000
SIGINT: SIG_DFL, sa_mask[0]=0x00000000, sa_flags=0x00000000
SIGTERM: SIG_DFL, sa_mask[0]=0x00000000, sa_flags=0x00000000
SIGQUIT: SIG_DFL, sa_mask[0]=0x00000000, sa_flags=0x00000000
SIGTRAP: SIG_DFL, sa_mask[0]=0x00000000, sa_flags=0x00000000


---------------  S Y S T E M  ---------------

OS:Ubuntu 14.10 (utopic)
uname:Linux 3.16.0-23-generic #31-Ubuntu SMP Tue Oct 21 17:56:17 UTC 2014 x86_64
libc:glibc 2.19 NPTL 2.19 
rlimit: STACK 8192k, CORE 0k, NPROC 14594, NOFILE 4096, AS infinity
load average:1.07 1.04 0.89

/proc/meminfo:
MemTotal:        3766904 kB
MemFree:          309528 kB
MemAvailable:     430348 kB
Buffers:           20372 kB
Cached:           365400 kB
SwapCached:            0 kB
Active:          3022112 kB
Inactive:         259896 kB
Active(anon):    2909196 kB
Inactive(anon):   103112 kB
Active(file):     112916 kB
Inactive(file):   156784 kB
Unevictable:          64 kB
Mlocked:              64 kB
SwapTotal:             0 kB
SwapFree:              0 kB
Dirty:               108 kB
Writeback:             0 kB
AnonPages:       2896588 kB
Mapped:           172404 kB
Shmem:            115800 kB
Slab:              73604 kB
SReclaimable:      40108 kB
SUnreclaim:        33496 kB
KernelStack:        8704 kB
PageTables:        31052 kB
NFS_Unstable:          0 kB
Bounce:                0 kB
WritebackTmp:          0 kB
CommitLimit:     1883452 kB
Committed_AS:    5078236 kB
VmallocTotal:   34359738367 kB
VmallocUsed:      348000 kB
VmallocChunk:   34359347964 kB
HardwareCorrupted:     0 kB
AnonHugePages:   1949696 kB
HugePages_Total:       0
HugePages_Free:        0
HugePages_Rsvd:        0
HugePages_Surp:        0
Hugepagesize:       2048 kB
DirectMap4k:       80232 kB
DirectMap2M:     3831808 kB


CPU:total 4 (2 cores per cpu, 2 threads per core) family 6 model 58 stepping 9, cmov, cx8, fxsr, mmx, sse, sse2, sse3, ssse3, sse4.1, sse4.2, popcnt, avx, aes, erms, ht, tsc, tscinvbit, tscinv

/proc/cpuinfo:
processor	: 0
vendor_id	: GenuineIntel
cpu family	: 6
model		: 58
model name	: Intel(R) Core(TM) i5-3320M CPU @ 2.60GHz
stepping	: 9
microcode	: 0x12
cpu MHz		: 1535.015
cache size	: 3072 KB
physical id	: 0
siblings	: 4
core id		: 0
cpu cores	: 2
apicid		: 0
initial apicid	: 0
fpu		: yes
fpu_exception	: yes
cpuid level	: 13
wp		: yes
flags		: fpu vme de pse tsc msr pae mce cx8 apic sep mtrr pge mca cmov pat pse36 clflush dts acpi mmx fxsr sse sse2 ss ht tm pbe syscall nx rdtscp lm constant_tsc arch_perfmon pebs bts rep_good nopl xtopology nonstop_tsc aperfmperf eagerfpu pni pclmulqdq dtes64 monitor ds_cpl vmx smx est tm2 ssse3 cx16 xtpr pdcm pcid sse4_1 sse4_2 x2apic popcnt tsc_deadline_timer aes xsave avx f16c rdrand lahf_lm ida arat epb xsaveopt pln pts dtherm tpr_shadow vnmi flexpriority ept vpid fsgsbase smep erms
bogomips	: 5187.62
clflush size	: 64
cache_alignment	: 64
address sizes	: 36 bits physical, 48 bits virtual
power management:

processor	: 1
vendor_id	: GenuineIntel
cpu family	: 6
model		: 58
model name	: Intel(R) Core(TM) i5-3320M CPU @ 2.60GHz
stepping	: 9
microcode	: 0x12
cpu MHz		: 1532.375
cache size	: 3072 KB
physical id	: 0
siblings	: 4
core id		: 0
cpu cores	: 2
apicid		: 1
initial apicid	: 1
fpu		: yes
fpu_exception	: yes
cpuid level	: 13
wp		: yes
flags		: fpu vme de pse tsc msr pae mce cx8 apic sep mtrr pge mca cmov pat pse36 clflush dts acpi mmx fxsr sse sse2 ss ht tm pbe syscall nx rdtscp lm constant_tsc arch_perfmon pebs bts rep_good nopl xtopology nonstop_tsc aperfmperf eagerfpu pni pclmulqdq dtes64 monitor ds_cpl vmx smx est tm2 ssse3 cx16 xtpr pdcm pcid sse4_1 sse4_2 x2apic popcnt tsc_deadline_timer aes xsave avx f16c rdrand lahf_lm ida arat epb xsaveopt pln pts dtherm tpr_shadow vnmi flexpriority ept vpid fsgsbase smep erms
bogomips	: 5187.62
clflush size	: 64
cache_alignment	: 64
address sizes	: 36 bits physical, 48 bits virtual
power management:

processor	: 2
vendor_id	: GenuineIntel
cpu family	: 6
model		: 58
model name	: Intel(R) Core(TM) i5-3320M CPU @ 2.60GHz
stepping	: 9
microcode	: 0x12
cpu MHz		: 1560.101
cache size	: 3072 KB
physical id	: 0
siblings	: 4
core id		: 1
cpu cores	: 2
apicid		: 2
initial apicid	: 2
fpu		: yes
fpu_exception	: yes
cpuid level	: 13
wp		: yes
flags		: fpu vme de pse tsc msr pae mce cx8 apic sep mtrr pge mca cmov pat pse36 clflush dts acpi mmx fxsr sse sse2 ss ht tm pbe syscall nx rdtscp lm constant_tsc arch_perfmon pebs bts rep_good nopl xtopology nonstop_tsc aperfmperf eagerfpu pni pclmulqdq dtes64 monitor ds_cpl vmx smx est tm2 ssse3 cx16 xtpr pdcm pcid sse4_1 sse4_2 x2apic popcnt tsc_deadline_timer aes xsave avx f16c rdrand lahf_lm ida arat epb xsaveopt pln pts dtherm tpr_shadow vnmi flexpriority ept vpid fsgsbase smep erms
bogomips	: 5187.62
clflush size	: 64
cache_alignment	: 64
address sizes	: 36 bits physical, 48 bits virtual
power management:

processor	: 3
vendor_id	: GenuineIntel
cpu family	: 6
model		: 58
model name	: Intel(R) Core(TM) i5-3320M CPU @ 2.60GHz
stepping	: 9
microcode	: 0x12
cpu MHz		: 1281.718
cache size	: 3072 KB
physical id	: 0
siblings	: 4
core id		: 1
cpu cores	: 2
apicid		: 3
initial apicid	: 3
fpu		: yes
fpu_exception	: yes
cpuid level	: 13
wp		: yes
flags		: fpu vme de pse tsc msr pae mce cx8 apic sep mtrr pge mca cmov pat pse36 clflush dts acpi mmx fxsr sse sse2 ss ht tm pbe syscall nx rdtscp lm constant_tsc arch_perfmon pebs bts rep_good nopl xtopology nonstop_tsc aperfmperf eagerfpu pni pclmulqdq dtes64 monitor ds_cpl vmx smx est tm2 ssse3 cx16 xtpr pdcm pcid sse4_1 sse4_2 x2apic popcnt tsc_deadline_timer aes xsave avx f16c rdrand lahf_lm ida arat epb xsaveopt pln pts dtherm tpr_shadow vnmi flexpriority ept vpid fsgsbase smep erms
bogomips	: 5187.62
clflush size	: 64
cache_alignment	: 64
address sizes	: 36 bits physical, 48 bits virtual
power management:



Memory: 4k page, physical 3766904k(309528k free), swap 0k(0k free)

vm_info: OpenJDK 64-Bit Server VM (24.65-b04) for linux-amd64 JRE (1.7.0_65-b32), built on Oct 22 2014 04:20:25 by "buildd" with gcc 4.9.1

time: Wed Jan 14 16:02:16 2015
elapsed time: 0 seconds

