#
# There is insufficient memory for the Java Runtime Environment to continue.
# Native memory allocation (malloc) failed to allocate 536870912 bytes for committing reserved memory.
# Possible reasons:
#   The system is out of physical RAM or swap space
#   In 32 bit mode, the process size limit was hit
# Possible solutions:
#   Reduce memory load on the system
#   Increase physical memory or swap space
#   Check if swap backing store is full
#   Use 64 bit Java on a 64 bit OS
#   Decrease Java heap size (-Xmx/-Xms)
#   Decrease number of Java threads
#   Decrease Java thread stack sizes (-Xss)
#   Set larger code cache with -XX:ReservedCodeCacheSize=
# This output file may be truncated or incomplete.
#
#  Out of Memory Error (os_linux.cpp:2798), pid=6627, tid=140393719486208
#
# JRE version:  (7.0_65-b32) (build )
# Java VM: OpenJDK 64-Bit Server VM (24.65-b04 mixed mode linux-amd64 compressed oops)
# Derivative: IcedTea 2.5.3
# Distribution: Ubuntu 14.10, package 7u71-2.5.3-0ubuntu1
# Failed to write core dump. Core dumps have been disabled. To enable core dumping, try "ulimit -c unlimited" before starting Java again
#

---------------  T H R E A D  ---------------

Current thread (0x00007fafec00a800):  JavaThread "Unknown thread" [_thread_in_vm, id=6629, stack(0x00007faff5b75000,0x00007faff5c76000)]

Stack: [0x00007faff5b75000,0x00007faff5c76000],  sp=0x00007faff5c74570,  free space=1021k
Native frames: (J=compiled Java code, j=interpreted, Vv=VM code, C=native code)
V  [libjvm.so+0x980aa6]  VMError::report_and_die()+0x186
V  [libjvm.so+0x48fed2]  report_vm_out_of_memory(char const*, int, unsigned long, char const*)+0x92
V  [libjvm.so+0x7f480b]  os::pd_commit_memory(char*, unsigned long, unsigned long, bool)+0xeb
V  [libjvm.so+0x7eef1e]  os::commit_memory(char*, unsigned long, unsigned long, bool)+0x2e
V  [libjvm.so+0x86100b]  PSVirtualSpace::expand_by(unsigned long)+0x5b
V  [libjvm.so+0x84ff3b]  PSOldGen::initialize(ReservedSpace, unsigned long, char const*, int)+0xab
V  [libjvm.so+0x2a4a55]  AdjoiningGenerations::AdjoiningGenerations(ReservedSpace, unsigned long, unsigned long, unsigned long, unsigned long, unsigned long, unsigned long, unsigned long)+0x365
V  [libjvm.so+0x815364]  ParallelScavengeHeap::initialize()+0x594
V  [libjvm.so+0x94b067]  Universe::initialize_heap()+0xc7
V  [libjvm.so+0x94b3b6]  universe_init()+0x76
V  [libjvm.so+0x5b025f]  init_globals()+0x5f
V  [libjvm.so+0x92c4ef]  Threads::create_vm(JavaVMInitArgs*, bool*)+0x36f
V  [libjvm.so+0x61f360]  JNI_CreateJavaVM+0x60
C  [libjli.so+0x2b8e]


---------------  P R O C E S S  ---------------

Java Threads: ( => current thread )

Other Threads:

=>0x00007fafec00a800 (exited) JavaThread "Unknown thread" [_thread_in_vm, id=6629, stack(0x00007faff5b75000,0x00007faff5c76000)]

VM state:not at safepoint (not fully initialized)

VM Mutex/Monitor currently owned by a thread: None

GC Heap History (0 events):
No events

Deoptimization events (0 events):
No events

Internal exceptions (0 events):
No events

Events (0 events):
No events


Dynamic libraries:
00400000-00401000 r-xp 00000000 08:01 2233750                            /usr/lib/jvm/java-7-openjdk-amd64/jre/bin/java
00600000-00601000 r--p 00000000 08:01 2233750                            /usr/lib/jvm/java-7-openjdk-amd64/jre/bin/java
00601000-00602000 rw-p 00001000 08:01 2233750                            /usr/lib/jvm/java-7-openjdk-amd64/jre/bin/java
0078e000-007af000 rw-p 00000000 00:00 0                                  [heap]
c0000000-d0000000 rw-p 00000000 00:00 0 
f0000000-100000000 rw-p 00000000 00:00 0 
7fafe9000000-7fafe9270000 rwxp 00000000 00:00 0 
7fafe9270000-7fafec023000 rw-p 00000000 00:00 0 
7fafec023000-7faff0000000 ---p 00000000 00:00 0 
7faff2335000-7faff256e000 rw-p 00000000 00:00 0 
7faff256e000-7faff26ee000 rw-p 00000000 00:00 0 
7faff26ee000-7faff276f000 rw-p 00000000 00:00 0 
7faff276f000-7faff2777000 r-xp 00000000 08:01 2231804                    /usr/lib/jvm/java-7-openjdk-amd64/jre/lib/amd64/libzip.so
7faff2777000-7faff2976000 ---p 00008000 08:01 2231804                    /usr/lib/jvm/java-7-openjdk-amd64/jre/lib/amd64/libzip.so
7faff2976000-7faff2977000 r--p 00007000 08:01 2231804                    /usr/lib/jvm/java-7-openjdk-amd64/jre/lib/amd64/libzip.so
7faff2977000-7faff2978000 rw-p 00008000 08:01 2231804                    /usr/lib/jvm/java-7-openjdk-amd64/jre/lib/amd64/libzip.so
7faff2978000-7faff2983000 r-xp 00000000 08:01 8655213                    /lib/x86_64-linux-gnu/libnss_files-2.19.so
7faff2983000-7faff2b82000 ---p 0000b000 08:01 8655213                    /lib/x86_64-linux-gnu/libnss_files-2.19.so
7faff2b82000-7faff2b83000 r--p 0000a000 08:01 8655213                    /lib/x86_64-linux-gnu/libnss_files-2.19.so
7faff2b83000-7faff2b84000 rw-p 0000b000 08:01 8655213                    /lib/x86_64-linux-gnu/libnss_files-2.19.so
7faff2b84000-7faff2b8f000 r-xp 00000000 08:01 8655205                    /lib/x86_64-linux-gnu/libnss_nis-2.19.so
7faff2b8f000-7faff2d8e000 ---p 0000b000 08:01 8655205                    /lib/x86_64-linux-gnu/libnss_nis-2.19.so
7faff2d8e000-7faff2d8f000 r--p 0000a000 08:01 8655205                    /lib/x86_64-linux-gnu/libnss_nis-2.19.so
7faff2d8f000-7faff2d90000 rw-p 0000b000 08:01 8655205                    /lib/x86_64-linux-gnu/libnss_nis-2.19.so
7faff2d90000-7faff2da7000 r-xp 00000000 08:01 8650771                    /lib/x86_64-linux-gnu/libnsl-2.19.so
7faff2da7000-7faff2fa6000 ---p 00017000 08:01 8650771                    /lib/x86_64-linux-gnu/libnsl-2.19.so
7faff2fa6000-7faff2fa7000 r--p 00016000 08:01 8650771                    /lib/x86_64-linux-gnu/libnsl-2.19.so
7faff2fa7000-7faff2fa8000 rw-p 00017000 08:01 8650771                    /lib/x86_64-linux-gnu/libnsl-2.19.so
7faff2fa8000-7faff2faa000 rw-p 00000000 00:00 0 
7faff2faa000-7faff2fb3000 r-xp 00000000 08:01 8655023                    /lib/x86_64-linux-gnu/libnss_compat-2.19.so
7faff2fb3000-7faff31b2000 ---p 00009000 08:01 8655023                    /lib/x86_64-linux-gnu/libnss_compat-2.19.so
7faff31b2000-7faff31b3000 r--p 00008000 08:01 8655023                    /lib/x86_64-linux-gnu/libnss_compat-2.19.so
7faff31b3000-7faff31b4000 rw-p 00009000 08:01 8655023                    /lib/x86_64-linux-gnu/libnss_compat-2.19.so
7faff31b4000-7faff31e1000 r-xp 00000000 08:01 2231787                    /usr/lib/jvm/java-7-openjdk-amd64/jre/lib/amd64/libjava.so
7faff31e1000-7faff33e0000 ---p 0002d000 08:01 2231787                    /usr/lib/jvm/java-7-openjdk-amd64/jre/lib/amd64/libjava.so
7faff33e0000-7faff33e1000 r--p 0002c000 08:01 2231787                    /usr/lib/jvm/java-7-openjdk-amd64/jre/lib/amd64/libjava.so
7faff33e1000-7faff33e3000 rw-p 0002d000 08:01 2231787                    /usr/lib/jvm/java-7-openjdk-amd64/jre/lib/amd64/libjava.so
7faff33e3000-7faff33f4000 r-xp 00000000 08:01 2233677                    /usr/lib/jvm/java-7-openjdk-amd64/jre/lib/amd64/libverify.so
7faff33f4000-7faff35f3000 ---p 00011000 08:01 2233677                    /usr/lib/jvm/java-7-openjdk-amd64/jre/lib/amd64/libverify.so
7faff35f3000-7faff35f5000 r--p 00010000 08:01 2233677                    /usr/lib/jvm/java-7-openjdk-amd64/jre/lib/amd64/libverify.so
7faff35f5000-7faff35f6000 rw-p 00012000 08:01 2233677                    /usr/lib/jvm/java-7-openjdk-amd64/jre/lib/amd64/libverify.so
7faff35f6000-7faff35fd000 r-xp 00000000 08:01 8655204                    /lib/x86_64-linux-gnu/librt-2.19.so
7faff35fd000-7faff37fc000 ---p 00007000 08:01 8655204                    /lib/x86_64-linux-gnu/librt-2.19.so
7faff37fc000-7faff37fd000 r--p 00006000 08:01 8655204                    /lib/x86_64-linux-gnu/librt-2.19.so
7faff37fd000-7faff37fe000 rw-p 00007000 08:01 8655204                    /lib/x86_64-linux-gnu/librt-2.19.so
7faff37fe000-7faff3814000 r-xp 00000000 08:01 8654949                    /lib/x86_64-linux-gnu/libgcc_s.so.1
7faff3814000-7faff3a13000 ---p 00016000 08:01 8654949                    /lib/x86_64-linux-gnu/libgcc_s.so.1
7faff3a13000-7faff3a14000 r--p 00015000 08:01 8654949                    /lib/x86_64-linux-gnu/libgcc_s.so.1
7faff3a14000-7faff3a15000 rw-p 00016000 08:01 8654949                    /lib/x86_64-linux-gnu/libgcc_s.so.1
7faff3a15000-7faff3b1a000 r-xp 00000000 08:01 8655206                    /lib/x86_64-linux-gnu/libm-2.19.so
7faff3b1a000-7faff3d19000 ---p 00105000 08:01 8655206                    /lib/x86_64-linux-gnu/libm-2.19.so
7faff3d19000-7faff3d1a000 r--p 00104000 08:01 8655206                    /lib/x86_64-linux-gnu/libm-2.19.so
7faff3d1a000-7faff3d1b000 rw-p 00105000 08:01 8655206                    /lib/x86_64-linux-gnu/libm-2.19.so
7faff3d1b000-7faff3e0b000 r-xp 00000000 08:01 2237967                    /usr/lib/x86_64-linux-gnu/libstdc++.so.6.0.20
7faff3e0b000-7faff400b000 ---p 000f0000 08:01 2237967                    /usr/lib/x86_64-linux-gnu/libstdc++.so.6.0.20
7faff400b000-7faff4013000 r--p 000f0000 08:01 2237967                    /usr/lib/x86_64-linux-gnu/libstdc++.so.6.0.20
7faff4013000-7faff4015000 rw-p 000f8000 08:01 2237967                    /usr/lib/x86_64-linux-gnu/libstdc++.so.6.0.20
7faff4015000-7faff402a000 rw-p 00000000 00:00 0 
7faff402a000-7faff4b77000 r-xp 00000000 08:01 2233690                    /usr/lib/jvm/java-7-openjdk-amd64/jre/lib/amd64/server/libjvm.so
7faff4b77000-7faff4d77000 ---p 00b4d000 08:01 2233690                    /usr/lib/jvm/java-7-openjdk-amd64/jre/lib/amd64/server/libjvm.so
7faff4d77000-7faff4e16000 r--p 00b4d000 08:01 2233690                    /usr/lib/jvm/java-7-openjdk-amd64/jre/lib/amd64/server/libjvm.so
7faff4e16000-7faff4e39000 rw-p 00bec000 08:01 2233690                    /usr/lib/jvm/java-7-openjdk-amd64/jre/lib/amd64/server/libjvm.so
7faff4e39000-7faff4e66000 rw-p 00000000 00:00 0 
7faff4e66000-7faff4e7e000 r-xp 00000000 08:01 8655093                    /lib/x86_64-linux-gnu/libz.so.1.2.8
7faff4e7e000-7faff507d000 ---p 00018000 08:01 8655093                    /lib/x86_64-linux-gnu/libz.so.1.2.8
7faff507d000-7faff507e000 r--p 00017000 08:01 8655093                    /lib/x86_64-linux-gnu/libz.so.1.2.8
7faff507e000-7faff507f000 rw-p 00018000 08:01 8655093                    /lib/x86_64-linux-gnu/libz.so.1.2.8
7faff507f000-7faff5097000 r-xp 00000000 08:01 8655024                    /lib/x86_64-linux-gnu/libpthread-2.19.so
7faff5097000-7faff5297000 ---p 00018000 08:01 8655024                    /lib/x86_64-linux-gnu/libpthread-2.19.so
7faff5297000-7faff5298000 r--p 00018000 08:01 8655024                    /lib/x86_64-linux-gnu/libpthread-2.19.so
7faff5298000-7faff5299000 rw-p 00019000 08:01 8655024                    /lib/x86_64-linux-gnu/libpthread-2.19.so
7faff5299000-7faff529d000 rw-p 00000000 00:00 0 
7faff529d000-7faff52a0000 r-xp 00000000 08:01 8655217                    /lib/x86_64-linux-gnu/libdl-2.19.so
7faff52a0000-7faff549f000 ---p 00003000 08:01 8655217                    /lib/x86_64-linux-gnu/libdl-2.19.so
7faff549f000-7faff54a0000 r--p 00002000 08:01 8655217                    /lib/x86_64-linux-gnu/libdl-2.19.so
7faff54a0000-7faff54a1000 rw-p 00003000 08:01 8655217                    /lib/x86_64-linux-gnu/libdl-2.19.so
7faff54a1000-7faff565b000 r-xp 00000000 08:01 8650767                    /lib/x86_64-linux-gnu/libc-2.19.so
7faff565b000-7faff585b000 ---p 001ba000 08:01 8650767                    /lib/x86_64-linux-gnu/libc-2.19.so
7faff585b000-7faff585f000 r--p 001ba000 08:01 8650767                    /lib/x86_64-linux-gnu/libc-2.19.so
7faff585f000-7faff5861000 rw-p 001be000 08:01 8650767                    /lib/x86_64-linux-gnu/libc-2.19.so
7faff5861000-7faff5866000 rw-p 00000000 00:00 0 
7faff5866000-7faff5873000 r-xp 00000000 08:01 2233695                    /usr/lib/jvm/java-7-openjdk-amd64/jre/lib/amd64/jli/libjli.so
7faff5873000-7faff5a72000 ---p 0000d000 08:01 2233695                    /usr/lib/jvm/java-7-openjdk-amd64/jre/lib/amd64/jli/libjli.so
7faff5a72000-7faff5a73000 r--p 0000c000 08:01 2233695                    /usr/lib/jvm/java-7-openjdk-amd64/jre/lib/amd64/jli/libjli.so
7faff5a73000-7faff5a74000 rw-p 0000d000 08:01 2233695                    /usr/lib/jvm/java-7-openjdk-amd64/jre/lib/amd64/jli/libjli.so
7faff5a74000-7faff5a97000 r-xp 00000000 08:01 8655208                    /lib/x86_64-linux-gnu/ld-2.19.so
7faff5ab5000-7faff5abf000 rw-p 00000000 00:00 0 
7faff5abf000-7faff5b75000 rw-p 00000000 00:00 0 
7faff5b75000-7faff5b78000 ---p 00000000 00:00 0 
7faff5b78000-7faff5c7b000 rw-p 00000000 00:00 0                          [stack:6629]
7faff5c88000-7faff5c8a000 rw-p 00000000 00:00 0 
7faff5c8a000-7faff5c92000 rw-s 00000000 08:01 6422558                    /tmp/hsperfdata_mohammed/6627
7faff5c92000-7faff5c93000 rw-p 00000000 00:00 0 
7faff5c93000-7faff5c94000 r--p 00000000 00:00 0 
7faff5c94000-7faff5c96000 rw-p 00000000 00:00 0 
7faff5c96000-7faff5c97000 r--p 00022000 08:01 8655208                    /lib/x86_64-linux-gnu/ld-2.19.so
7faff5c97000-7faff5c98000 rw-p 00023000 08:01 8655208                    /lib/x86_64-linux-gnu/ld-2.19.so
7faff5c98000-7faff5c99000 rw-p 00000000 00:00 0 
7fffe62d6000-7fffe62f7000 rw-p 00000000 00:00 0                          [stack]
7fffe63d2000-7fffe63d4000 r-xp 00000000 00:00 0                          [vdso]
7fffe63d4000-7fffe63d6000 r--p 00000000 00:00 0                          [vvar]
ffffffffff600000-ffffffffff601000 r-xp 00000000 00:00 0                  [vsyscall]

VM Arguments:
jvm_args: -Dgrails.home=/home/mohammed/Téléchargements/grails-2.4.3 -Dbase.dir=/home/mohammed/IdeaProjects/stackOverFLow -Dtools.jar=/usr/lib/jvm/java-7-openjdk-amd64/lib/tools.jar -Dgroovy.starter.conf=/home/mohammed/Téléchargements/grails-2.4.3/conf/groovy-starter.conf -Xmx768M -Xms768M -XX:MaxPermSize=256m -XX:PermSize=256m -Dfile.encoding=UTF-8 
java_command: org.codehaus.groovy.grails.cli.support.GrailsStarter --main org.codehaus.groovy.grails.cli.GrailsScriptRunner --conf /home/mohammed/Téléchargements/grails-2.4.3/conf/groovy-starter.conf idea-print-project-settings -plain-output
Launcher Type: SUN_STANDARD

Environment Variables:
JAVA_HOME=/usr/lib/jvm/java-7-openjdk-amd64
CLASSPATH=/home/mohammed/Téléchargements/idea-IU-139.659.2/bin/../lib/bootstrap.jar:/home/mohammed/Téléchargements/idea-IU-139.659.2/bin/../lib/extensions.jar:/home/mohammed/Téléchargements/idea-IU-139.659.2/bin/../lib/util.jar:/home/mohammed/Téléchargements/idea-IU-139.659.2/bin/../lib/jdom.jar:/home/mohammed/Téléchargements/idea-IU-139.659.2/bin/../lib/log4j.jar:/home/mohammed/Téléchargements/idea-IU-139.659.2/bin/../lib/trove4j.jar:/home/mohammed/Téléchargements/idea-IU-139.659.2/bin/../lib/jna.jar:/usr/lib/jvm/java-7-openjdk-amd64/lib/tools.jar
PATH=/usr/local/sbin:/usr/local/bin:/usr/sbin:/usr/bin:/sbin:/bin:/usr/games:/usr/local/games
LD_LIBRARY_PATH=/home/mohammed/Téléchargements/idea-IU-139.659.2/bin:
SHELL=/bin/bash
DISPLAY=:0

Signal Handlers:
SIGSEGV: [libjvm.so+0x981590], sa_mask[0]=0x7ffbfeff, sa_flags=0x10000004
SIGBUS: [libjvm.so+0x981590], sa_mask[0]=0x7ffbfeff, sa_flags=0x10000004
SIGFPE: [libjvm.so+0x7efd60], sa_mask[0]=0x7ffbfeff, sa_flags=0x10000004
SIGPIPE: [libjvm.so+0x7efd60], sa_mask[0]=0x7ffbfeff, sa_flags=0x10000004
SIGXFSZ: [libjvm.so+0x7efd60], sa_mask[0]=0x7ffbfeff, sa_flags=0x10000004
SIGILL: [libjvm.so+0x7efd60], sa_mask[0]=0x7ffbfeff, sa_flags=0x10000004
SIGUSR1: SIG_DFL, sa_mask[0]=0x00000000, sa_flags=0x00000000
SIGUSR2: [libjvm.so+0x7efbe0], sa_mask[0]=0x00000004, sa_flags=0x10000004
SIGHUP: SIG_DFL, sa_mask[0]=0x00000000, sa_flags=0x00000000
SIGINT: SIG_DFL, sa_mask[0]=0x00000000, sa_flags=0x00000000
SIGTERM: SIG_DFL, sa_mask[0]=0x00000000, sa_flags=0x00000000
SIGQUIT: SIG_DFL, sa_mask[0]=0x00000000, sa_flags=0x00000000
SIGTRAP: SIG_DFL, sa_mask[0]=0x00000000, sa_flags=0x00000000


---------------  S Y S T E M  ---------------

OS:Ubuntu 14.10 (utopic)
uname:Linux 3.16.0-23-generic #31-Ubuntu SMP Tue Oct 21 17:56:17 UTC 2014 x86_64
libc:glibc 2.19 NPTL 2.19 
rlimit: STACK 8192k, CORE 0k, NPROC 14594, NOFILE 4096, AS infinity
load average:0.75 0.93 0.86

/proc/meminfo:
MemTotal:        3766904 kB
MemFree:          266636 kB
MemAvailable:     428508 kB
Buffers:           24276 kB
Cached:           388760 kB
SwapCached:            0 kB
Active:          3063528 kB
Inactive:         260960 kB
Active(anon):    2924196 kB
Inactive(anon):    89512 kB
Active(file):     139332 kB
Inactive(file):   171448 kB
Unevictable:          64 kB
Mlocked:              64 kB
SwapTotal:             0 kB
SwapFree:              0 kB
Dirty:               468 kB
Writeback:             0 kB
AnonPages:       2911608 kB
Mapped:           172336 kB
Shmem:            102192 kB
Slab:              73364 kB
SReclaimable:      40052 kB
SUnreclaim:        33312 kB
KernelStack:        8672 kB
PageTables:        31448 kB
NFS_Unstable:          0 kB
Bounce:                0 kB
WritebackTmp:          0 kB
CommitLimit:     1883452 kB
Committed_AS:    5002416 kB
VmallocTotal:   34359738367 kB
VmallocUsed:      348032 kB
VmallocChunk:   34359347964 kB
HardwareCorrupted:     0 kB
AnonHugePages:   1830912 kB
HugePages_Total:       0
HugePages_Free:        0
HugePages_Rsvd:        0
HugePages_Surp:        0
Hugepagesize:       2048 kB
DirectMap4k:       80232 kB
DirectMap2M:     3831808 kB


CPU:total 4 (2 cores per cpu, 2 threads per core) family 6 model 58 stepping 9, cmov, cx8, fxsr, mmx, sse, sse2, sse3, ssse3, sse4.1, sse4.2, popcnt, avx, aes, erms, ht, tsc, tscinvbit, tscinv

/proc/cpuinfo:
processor	: 0
vendor_id	: GenuineIntel
cpu family	: 6
model		: 58
model name	: Intel(R) Core(TM) i5-3320M CPU @ 2.60GHz
stepping	: 9
microcode	: 0x12
cpu MHz		: 1590.671
cache size	: 3072 KB
physical id	: 0
siblings	: 4
core id		: 0
cpu cores	: 2
apicid		: 0
initial apicid	: 0
fpu		: yes
fpu_exception	: yes
cpuid level	: 13
wp		: yes
flags		: fpu vme de pse tsc msr pae mce cx8 apic sep mtrr pge mca cmov pat pse36 clflush dts acpi mmx fxsr sse sse2 ss ht tm pbe syscall nx rdtscp lm constant_tsc arch_perfmon pebs bts rep_good nopl xtopology nonstop_tsc aperfmperf eagerfpu pni pclmulqdq dtes64 monitor ds_cpl vmx smx est tm2 ssse3 cx16 xtpr pdcm pcid sse4_1 sse4_2 x2apic popcnt tsc_deadline_timer aes xsave avx f16c rdrand lahf_lm ida arat epb xsaveopt pln pts dtherm tpr_shadow vnmi flexpriority ept vpid fsgsbase smep erms
bogomips	: 5187.62
clflush size	: 64
cache_alignment	: 64
address sizes	: 36 bits physical, 48 bits virtual
power management:

processor	: 1
vendor_id	: GenuineIntel
cpu family	: 6
model		: 58
model name	: Intel(R) Core(TM) i5-3320M CPU @ 2.60GHz
stepping	: 9
microcode	: 0x12
cpu MHz		: 1599.812
cache size	: 3072 KB
physical id	: 0
siblings	: 4
core id		: 0
cpu cores	: 2
apicid		: 1
initial apicid	: 1
fpu		: yes
fpu_exception	: yes
cpuid level	: 13
wp		: yes
flags		: fpu vme de pse tsc msr pae mce cx8 apic sep mtrr pge mca cmov pat pse36 clflush dts acpi mmx fxsr sse sse2 ss ht tm pbe syscall nx rdtscp lm constant_tsc arch_perfmon pebs bts rep_good nopl xtopology nonstop_tsc aperfmperf eagerfpu pni pclmulqdq dtes64 monitor ds_cpl vmx smx est tm2 ssse3 cx16 xtpr pdcm pcid sse4_1 sse4_2 x2apic popcnt tsc_deadline_timer aes xsave avx f16c rdrand lahf_lm ida arat epb xsaveopt pln pts dtherm tpr_shadow vnmi flexpriority ept vpid fsgsbase smep erms
bogomips	: 5187.62
clflush size	: 64
cache_alignment	: 64
address sizes	: 36 bits physical, 48 bits virtual
power management:

processor	: 2
vendor_id	: GenuineIntel
cpu family	: 6
model		: 58
model name	: Intel(R) Core(TM) i5-3320M CPU @ 2.60GHz
stepping	: 9
microcode	: 0x12
cpu MHz		: 1599.812
cache size	: 3072 KB
physical id	: 0
siblings	: 4
core id		: 1
cpu cores	: 2
apicid		: 2
initial apicid	: 2
fpu		: yes
fpu_exception	: yes
cpuid level	: 13
wp		: yes
flags		: fpu vme de pse tsc msr pae mce cx8 apic sep mtrr pge mca cmov pat pse36 clflush dts acpi mmx fxsr sse sse2 ss ht tm pbe syscall nx rdtscp lm constant_tsc arch_perfmon pebs bts rep_good nopl xtopology nonstop_tsc aperfmperf eagerfpu pni pclmulqdq dtes64 monitor ds_cpl vmx smx est tm2 ssse3 cx16 xtpr pdcm pcid sse4_1 sse4_2 x2apic popcnt tsc_deadline_timer aes xsave avx f16c rdrand lahf_lm ida arat epb xsaveopt pln pts dtherm tpr_shadow vnmi flexpriority ept vpid fsgsbase smep erms
bogomips	: 5187.62
clflush size	: 64
cache_alignment	: 64
address sizes	: 36 bits physical, 48 bits virtual
power management:

processor	: 3
vendor_id	: GenuineIntel
cpu family	: 6
model		: 58
model name	: Intel(R) Core(TM) i5-3320M CPU @ 2.60GHz
stepping	: 9
microcode	: 0x12
cpu MHz		: 1700.664
cache size	: 3072 KB
physical id	: 0
siblings	: 4
core id		: 1
cpu cores	: 2
apicid		: 3
initial apicid	: 3
fpu		: yes
fpu_exception	: yes
cpuid level	: 13
wp		: yes
flags		: fpu vme de pse tsc msr pae mce cx8 apic sep mtrr pge mca cmov pat pse36 clflush dts acpi mmx fxsr sse sse2 ss ht tm pbe syscall nx rdtscp lm constant_tsc arch_perfmon pebs bts rep_good nopl xtopology nonstop_tsc aperfmperf eagerfpu pni pclmulqdq dtes64 monitor ds_cpl vmx smx est tm2 ssse3 cx16 xtpr pdcm pcid sse4_1 sse4_2 x2apic popcnt tsc_deadline_timer aes xsave avx f16c rdrand lahf_lm ida arat epb xsaveopt pln pts dtherm tpr_shadow vnmi flexpriority ept vpid fsgsbase smep erms
bogomips	: 5187.62
clflush size	: 64
cache_alignment	: 64
address sizes	: 36 bits physical, 48 bits virtual
power management:



Memory: 4k page, physical 3766904k(266636k free), swap 0k(0k free)

vm_info: OpenJDK 64-Bit Server VM (24.65-b04) for linux-amd64 JRE (1.7.0_65-b32), built on Oct 22 2014 04:20:25 by "buildd" with gcc 4.9.1

time: Wed Jan 14 16:03:47 2015
elapsed time: 0 seconds

