#
# There is insufficient memory for the Java Runtime Environment to continue.
# Native memory allocation (malloc) failed to allocate 536870912 bytes for committing reserved memory.
# Possible reasons:
#   The system is out of physical RAM or swap space
#   In 32 bit mode, the process size limit was hit
# Possible solutions:
#   Reduce memory load on the system
#   Increase physical memory or swap space
#   Check if swap backing store is full
#   Use 64 bit Java on a 64 bit OS
#   Decrease Java heap size (-Xmx/-Xms)
#   Decrease number of Java threads
#   Decrease Java thread stack sizes (-Xss)
#   Set larger code cache with -XX:ReservedCodeCacheSize=
# This output file may be truncated or incomplete.
#
#  Out of Memory Error (os_linux.cpp:2798), pid=19740, tid=140316414723840
#
# JRE version:  (7.0_65-b32) (build )
# Java VM: OpenJDK 64-Bit Server VM (24.65-b04 mixed mode linux-amd64 compressed oops)
# Derivative: IcedTea 2.5.3
# Distribution: Ubuntu 14.10, package 7u71-2.5.3-0ubuntu1
# Failed to write core dump. Core dumps have been disabled. To enable core dumping, try "ulimit -c unlimited" before starting Java again
#

---------------  T H R E A D  ---------------

Current thread (0x00007f9dec00a800):  JavaThread "Unknown thread" [_thread_in_vm, id=19742, stack(0x00007f9df5fe4000,0x00007f9df60e5000)]

Stack: [0x00007f9df5fe4000,0x00007f9df60e5000],  sp=0x00007f9df60e3570,  free space=1021k
Native frames: (J=compiled Java code, j=interpreted, Vv=VM code, C=native code)
V  [libjvm.so+0x980aa6]  VMError::report_and_die()+0x186
V  [libjvm.so+0x48fed2]  report_vm_out_of_memory(char const*, int, unsigned long, char const*)+0x92
V  [libjvm.so+0x7f480b]  os::pd_commit_memory(char*, unsigned long, unsigned long, bool)+0xeb
V  [libjvm.so+0x7eef1e]  os::commit_memory(char*, unsigned long, unsigned long, bool)+0x2e
V  [libjvm.so+0x86100b]  PSVirtualSpace::expand_by(unsigned long)+0x5b
V  [libjvm.so+0x84ff3b]  PSOldGen::initialize(ReservedSpace, unsigned long, char const*, int)+0xab
V  [libjvm.so+0x2a4a55]  AdjoiningGenerations::AdjoiningGenerations(ReservedSpace, unsigned long, unsigned long, unsigned long, unsigned long, unsigned long, unsigned long, unsigned long)+0x365
V  [libjvm.so+0x815364]  ParallelScavengeHeap::initialize()+0x594
V  [libjvm.so+0x94b067]  Universe::initialize_heap()+0xc7
V  [libjvm.so+0x94b3b6]  universe_init()+0x76
V  [libjvm.so+0x5b025f]  init_globals()+0x5f
V  [libjvm.so+0x92c4ef]  Threads::create_vm(JavaVMInitArgs*, bool*)+0x36f
V  [libjvm.so+0x61f360]  JNI_CreateJavaVM+0x60
C  [libjli.so+0x2b8e]


---------------  P R O C E S S  ---------------

Java Threads: ( => current thread )

Other Threads:

=>0x00007f9dec00a800 (exited) JavaThread "Unknown thread" [_thread_in_vm, id=19742, stack(0x00007f9df5fe4000,0x00007f9df60e5000)]

VM state:not at safepoint (not fully initialized)

VM Mutex/Monitor currently owned by a thread: None

GC Heap History (0 events):
No events

Deoptimization events (0 events):
No events

Internal exceptions (0 events):
No events

Events (0 events):
No events


Dynamic libraries:
00400000-00401000 r-xp 00000000 08:01 2233750                            /usr/lib/jvm/java-7-openjdk-amd64/jre/bin/java
00600000-00601000 r--p 00000000 08:01 2233750                            /usr/lib/jvm/java-7-openjdk-amd64/jre/bin/java
00601000-00602000 rw-p 00001000 08:01 2233750                            /usr/lib/jvm/java-7-openjdk-amd64/jre/bin/java
01059000-0107a000 rw-p 00000000 00:00 0                                  [heap]
c0000000-d0000000 rw-p 00000000 00:00 0 
f0000000-100000000 rw-p 00000000 00:00 0 
7f9de9000000-7f9de9270000 rwxp 00000000 00:00 0 
7f9de9270000-7f9dec023000 rw-p 00000000 00:00 0 
7f9dec023000-7f9df0000000 ---p 00000000 00:00 0 
7f9df27a6000-7f9df29df000 rw-p 00000000 00:00 0 
7f9df29df000-7f9df2b5f000 rw-p 00000000 00:00 0 
7f9df2b5f000-7f9df2be0000 rw-p 00000000 00:00 0 
7f9df2be0000-7f9df2be8000 r-xp 00000000 08:01 2231804                    /usr/lib/jvm/java-7-openjdk-amd64/jre/lib/amd64/libzip.so
7f9df2be8000-7f9df2de7000 ---p 00008000 08:01 2231804                    /usr/lib/jvm/java-7-openjdk-amd64/jre/lib/amd64/libzip.so
7f9df2de7000-7f9df2de8000 r--p 00007000 08:01 2231804                    /usr/lib/jvm/java-7-openjdk-amd64/jre/lib/amd64/libzip.so
7f9df2de8000-7f9df2de9000 rw-p 00008000 08:01 2231804                    /usr/lib/jvm/java-7-openjdk-amd64/jre/lib/amd64/libzip.so
7f9df2de9000-7f9df2df4000 r-xp 00000000 08:01 8654976                    /lib/x86_64-linux-gnu/libnss_files-2.19.so
7f9df2df4000-7f9df2ff3000 ---p 0000b000 08:01 8654976                    /lib/x86_64-linux-gnu/libnss_files-2.19.so
7f9df2ff3000-7f9df2ff4000 r--p 0000a000 08:01 8654976                    /lib/x86_64-linux-gnu/libnss_files-2.19.so
7f9df2ff4000-7f9df2ff5000 rw-p 0000b000 08:01 8654976                    /lib/x86_64-linux-gnu/libnss_files-2.19.so
7f9df2ff5000-7f9df3000000 r-xp 00000000 08:01 8654897                    /lib/x86_64-linux-gnu/libnss_nis-2.19.so
7f9df3000000-7f9df31ff000 ---p 0000b000 08:01 8654897                    /lib/x86_64-linux-gnu/libnss_nis-2.19.so
7f9df31ff000-7f9df3200000 r--p 0000a000 08:01 8654897                    /lib/x86_64-linux-gnu/libnss_nis-2.19.so
7f9df3200000-7f9df3201000 rw-p 0000b000 08:01 8654897                    /lib/x86_64-linux-gnu/libnss_nis-2.19.so
7f9df3201000-7f9df3218000 r-xp 00000000 08:01 8654996                    /lib/x86_64-linux-gnu/libnsl-2.19.so
7f9df3218000-7f9df3417000 ---p 00017000 08:01 8654996                    /lib/x86_64-linux-gnu/libnsl-2.19.so
7f9df3417000-7f9df3418000 r--p 00016000 08:01 8654996                    /lib/x86_64-linux-gnu/libnsl-2.19.so
7f9df3418000-7f9df3419000 rw-p 00017000 08:01 8654996                    /lib/x86_64-linux-gnu/libnsl-2.19.so
7f9df3419000-7f9df341b000 rw-p 00000000 00:00 0 
7f9df341b000-7f9df3424000 r-xp 00000000 08:01 8654933                    /lib/x86_64-linux-gnu/libnss_compat-2.19.so
7f9df3424000-7f9df3623000 ---p 00009000 08:01 8654933                    /lib/x86_64-linux-gnu/libnss_compat-2.19.so
7f9df3623000-7f9df3624000 r--p 00008000 08:01 8654933                    /lib/x86_64-linux-gnu/libnss_compat-2.19.so
7f9df3624000-7f9df3625000 rw-p 00009000 08:01 8654933                    /lib/x86_64-linux-gnu/libnss_compat-2.19.so
7f9df3625000-7f9df3652000 r-xp 00000000 08:01 2231787                    /usr/lib/jvm/java-7-openjdk-amd64/jre/lib/amd64/libjava.so
7f9df3652000-7f9df3851000 ---p 0002d000 08:01 2231787                    /usr/lib/jvm/java-7-openjdk-amd64/jre/lib/amd64/libjava.so
7f9df3851000-7f9df3852000 r--p 0002c000 08:01 2231787                    /usr/lib/jvm/java-7-openjdk-amd64/jre/lib/amd64/libjava.so
7f9df3852000-7f9df3854000 rw-p 0002d000 08:01 2231787                    /usr/lib/jvm/java-7-openjdk-amd64/jre/lib/amd64/libjava.so
7f9df3854000-7f9df3865000 r-xp 00000000 08:01 2233677                    /usr/lib/jvm/java-7-openjdk-amd64/jre/lib/amd64/libverify.so
7f9df3865000-7f9df3a64000 ---p 00011000 08:01 2233677                    /usr/lib/jvm/java-7-openjdk-amd64/jre/lib/amd64/libverify.so
7f9df3a64000-7f9df3a66000 r--p 00010000 08:01 2233677                    /usr/lib/jvm/java-7-openjdk-amd64/jre/lib/amd64/libverify.so
7f9df3a66000-7f9df3a67000 rw-p 00012000 08:01 2233677                    /usr/lib/jvm/java-7-openjdk-amd64/jre/lib/amd64/libverify.so
7f9df3a67000-7f9df3a6e000 r-xp 00000000 08:01 8654974                    /lib/x86_64-linux-gnu/librt-2.19.so
7f9df3a6e000-7f9df3c6d000 ---p 00007000 08:01 8654974                    /lib/x86_64-linux-gnu/librt-2.19.so
7f9df3c6d000-7f9df3c6e000 r--p 00006000 08:01 8654974                    /lib/x86_64-linux-gnu/librt-2.19.so
7f9df3c6e000-7f9df3c6f000 rw-p 00007000 08:01 8654974                    /lib/x86_64-linux-gnu/librt-2.19.so
7f9df3c6f000-7f9df3c85000 r-xp 00000000 08:01 8654949                    /lib/x86_64-linux-gnu/libgcc_s.so.1
7f9df3c85000-7f9df3e84000 ---p 00016000 08:01 8654949                    /lib/x86_64-linux-gnu/libgcc_s.so.1
7f9df3e84000-7f9df3e85000 r--p 00015000 08:01 8654949                    /lib/x86_64-linux-gnu/libgcc_s.so.1
7f9df3e85000-7f9df3e86000 rw-p 00016000 08:01 8654949                    /lib/x86_64-linux-gnu/libgcc_s.so.1
7f9df3e86000-7f9df3f8b000 r-xp 00000000 08:01 8654975                    /lib/x86_64-linux-gnu/libm-2.19.so
7f9df3f8b000-7f9df418a000 ---p 00105000 08:01 8654975                    /lib/x86_64-linux-gnu/libm-2.19.so
7f9df418a000-7f9df418b000 r--p 00104000 08:01 8654975                    /lib/x86_64-linux-gnu/libm-2.19.so
7f9df418b000-7f9df418c000 rw-p 00105000 08:01 8654975                    /lib/x86_64-linux-gnu/libm-2.19.so
7f9df418c000-7f9df427c000 r-xp 00000000 08:01 2237967                    /usr/lib/x86_64-linux-gnu/libstdc++.so.6.0.20
7f9df427c000-7f9df447c000 ---p 000f0000 08:01 2237967                    /usr/lib/x86_64-linux-gnu/libstdc++.so.6.0.20
7f9df447c000-7f9df4484000 r--p 000f0000 08:01 2237967                    /usr/lib/x86_64-linux-gnu/libstdc++.so.6.0.20
7f9df4484000-7f9df4486000 rw-p 000f8000 08:01 2237967                    /usr/lib/x86_64-linux-gnu/libstdc++.so.6.0.20
7f9df4486000-7f9df449b000 rw-p 00000000 00:00 0 
7f9df449b000-7f9df4fe8000 r-xp 00000000 08:01 2233690                    /usr/lib/jvm/java-7-openjdk-amd64/jre/lib/amd64/server/libjvm.so
7f9df4fe8000-7f9df51e8000 ---p 00b4d000 08:01 2233690                    /usr/lib/jvm/java-7-openjdk-amd64/jre/lib/amd64/server/libjvm.so
7f9df51e8000-7f9df5287000 r--p 00b4d000 08:01 2233690                    /usr/lib/jvm/java-7-openjdk-amd64/jre/lib/amd64/server/libjvm.so
7f9df5287000-7f9df52aa000 rw-p 00bec000 08:01 2233690                    /usr/lib/jvm/java-7-openjdk-amd64/jre/lib/amd64/server/libjvm.so
7f9df52aa000-7f9df52d7000 rw-p 00000000 00:00 0 
7f9df52d7000-7f9df52ef000 r-xp 00000000 08:01 8655093                    /lib/x86_64-linux-gnu/libz.so.1.2.8
7f9df52ef000-7f9df54ee000 ---p 00018000 08:01 8655093                    /lib/x86_64-linux-gnu/libz.so.1.2.8
7f9df54ee000-7f9df54ef000 r--p 00017000 08:01 8655093                    /lib/x86_64-linux-gnu/libz.so.1.2.8
7f9df54ef000-7f9df54f0000 rw-p 00018000 08:01 8655093                    /lib/x86_64-linux-gnu/libz.so.1.2.8
7f9df54f0000-7f9df5509000 r-xp 00000000 08:01 8654999                    /lib/x86_64-linux-gnu/libpthread-2.19.so
7f9df5509000-7f9df5708000 ---p 00019000 08:01 8654999                    /lib/x86_64-linux-gnu/libpthread-2.19.so
7f9df5708000-7f9df5709000 r--p 00018000 08:01 8654999                    /lib/x86_64-linux-gnu/libpthread-2.19.so
7f9df5709000-7f9df570a000 rw-p 00019000 08:01 8654999                    /lib/x86_64-linux-gnu/libpthread-2.19.so
7f9df570a000-7f9df570e000 rw-p 00000000 00:00 0 
7f9df570e000-7f9df5711000 r-xp 00000000 08:01 8654928                    /lib/x86_64-linux-gnu/libdl-2.19.so
7f9df5711000-7f9df5910000 ---p 00003000 08:01 8654928                    /lib/x86_64-linux-gnu/libdl-2.19.so
7f9df5910000-7f9df5911000 r--p 00002000 08:01 8654928                    /lib/x86_64-linux-gnu/libdl-2.19.so
7f9df5911000-7f9df5912000 rw-p 00003000 08:01 8654928                    /lib/x86_64-linux-gnu/libdl-2.19.so
7f9df5912000-7f9df5acc000 r-xp 00000000 08:01 8654997                    /lib/x86_64-linux-gnu/libc-2.19.so
7f9df5acc000-7f9df5ccc000 ---p 001ba000 08:01 8654997                    /lib/x86_64-linux-gnu/libc-2.19.so
7f9df5ccc000-7f9df5cd0000 r--p 001ba000 08:01 8654997                    /lib/x86_64-linux-gnu/libc-2.19.so
7f9df5cd0000-7f9df5cd2000 rw-p 001be000 08:01 8654997                    /lib/x86_64-linux-gnu/libc-2.19.so
7f9df5cd2000-7f9df5cd7000 rw-p 00000000 00:00 0 
7f9df5cd7000-7f9df5ce4000 r-xp 00000000 08:01 2233695                    /usr/lib/jvm/java-7-openjdk-amd64/jre/lib/amd64/jli/libjli.so
7f9df5ce4000-7f9df5ee3000 ---p 0000d000 08:01 2233695                    /usr/lib/jvm/java-7-openjdk-amd64/jre/lib/amd64/jli/libjli.so
7f9df5ee3000-7f9df5ee4000 r--p 0000c000 08:01 2233695                    /usr/lib/jvm/java-7-openjdk-amd64/jre/lib/amd64/jli/libjli.so
7f9df5ee4000-7f9df5ee5000 rw-p 0000d000 08:01 2233695                    /usr/lib/jvm/java-7-openjdk-amd64/jre/lib/amd64/jli/libjli.so
7f9df5ee5000-7f9df5f08000 r-xp 00000000 08:01 8654923                    /lib/x86_64-linux-gnu/ld-2.19.so
7f9df5f24000-7f9df5f2e000 rw-p 00000000 00:00 0 
7f9df5f2e000-7f9df5fe4000 rw-p 00000000 00:00 0 
7f9df5fe4000-7f9df5fe7000 ---p 00000000 00:00 0 
7f9df5fe7000-7f9df60ea000 rw-p 00000000 00:00 0                          [stack:19742]
7f9df60f9000-7f9df60fb000 rw-p 00000000 00:00 0 
7f9df60fb000-7f9df6103000 rw-s 00000000 08:01 6422590                    /tmp/hsperfdata_mohammed/19740
7f9df6103000-7f9df6104000 rw-p 00000000 00:00 0 
7f9df6104000-7f9df6105000 r--p 00000000 00:00 0 
7f9df6105000-7f9df6107000 rw-p 00000000 00:00 0 
7f9df6107000-7f9df6108000 r--p 00022000 08:01 8654923                    /lib/x86_64-linux-gnu/ld-2.19.so
7f9df6108000-7f9df6109000 rw-p 00023000 08:01 8654923                    /lib/x86_64-linux-gnu/ld-2.19.so
7f9df6109000-7f9df610a000 rw-p 00000000 00:00 0 
7fff151e1000-7fff15202000 rw-p 00000000 00:00 0                          [stack]
7fff1522e000-7fff15230000 r-xp 00000000 00:00 0                          [vdso]
7fff15230000-7fff15232000 r--p 00000000 00:00 0                          [vvar]
ffffffffff600000-ffffffffff601000 r-xp 00000000 00:00 0                  [vsyscall]

VM Arguments:
jvm_args: -Dgrails.home=/home/mohammed/Téléchargements/grails-2.4.3 -Dbase.dir=/home/mohammed/IdeaProjects/stackOverFLow -Dtools.jar=/usr/lib/jvm/java-7-openjdk-amd64/lib/tools.jar -Dgroovy.starter.conf=/home/mohammed/Téléchargements/grails-2.4.3/conf/groovy-starter.conf -Xmx768M -Xms768M -XX:MaxPermSize=256m -XX:PermSize=256m -Dfile.encoding=UTF-8 
java_command: org.codehaus.groovy.grails.cli.support.GrailsStarter --main org.codehaus.groovy.grails.cli.GrailsScriptRunner --conf /home/mohammed/Téléchargements/grails-2.4.3/conf/groovy-starter.conf idea-print-project-settings -plain-output
Launcher Type: SUN_STANDARD

Environment Variables:
JAVA_HOME=/usr/lib/jvm/java-7-openjdk-amd64
CLASSPATH=/home/mohammed/Téléchargements/idea-IU-139.659.2/bin/../lib/bootstrap.jar:/home/mohammed/Téléchargements/idea-IU-139.659.2/bin/../lib/extensions.jar:/home/mohammed/Téléchargements/idea-IU-139.659.2/bin/../lib/util.jar:/home/mohammed/Téléchargements/idea-IU-139.659.2/bin/../lib/jdom.jar:/home/mohammed/Téléchargements/idea-IU-139.659.2/bin/../lib/log4j.jar:/home/mohammed/Téléchargements/idea-IU-139.659.2/bin/../lib/trove4j.jar:/home/mohammed/Téléchargements/idea-IU-139.659.2/bin/../lib/jna.jar:/usr/lib/jvm/java-7-openjdk-amd64/lib/tools.jar
PATH=/usr/local/sbin:/usr/local/bin:/usr/sbin:/usr/bin:/sbin:/bin:/usr/games:/usr/local/games
LD_LIBRARY_PATH=/home/mohammed/Téléchargements/idea-IU-139.659.2/bin:
SHELL=/bin/bash
DISPLAY=:0

Signal Handlers:
SIGSEGV: [libjvm.so+0x981590], sa_mask[0]=0x7ffbfeff, sa_flags=0x10000004
SIGBUS: [libjvm.so+0x981590], sa_mask[0]=0x7ffbfeff, sa_flags=0x10000004
SIGFPE: [libjvm.so+0x7efd60], sa_mask[0]=0x7ffbfeff, sa_flags=0x10000004
SIGPIPE: [libjvm.so+0x7efd60], sa_mask[0]=0x7ffbfeff, sa_flags=0x10000004
SIGXFSZ: [libjvm.so+0x7efd60], sa_mask[0]=0x7ffbfeff, sa_flags=0x10000004
SIGILL: [libjvm.so+0x7efd60], sa_mask[0]=0x7ffbfeff, sa_flags=0x10000004
SIGUSR1: SIG_DFL, sa_mask[0]=0x00000000, sa_flags=0x00000000
SIGUSR2: [libjvm.so+0x7efbe0], sa_mask[0]=0x00000004, sa_flags=0x10000004
SIGHUP: SIG_DFL, sa_mask[0]=0x00000000, sa_flags=0x00000000
SIGINT: SIG_DFL, sa_mask[0]=0x00000000, sa_flags=0x00000000
SIGTERM: SIG_DFL, sa_mask[0]=0x00000000, sa_flags=0x00000000
SIGQUIT: SIG_DFL, sa_mask[0]=0x00000000, sa_flags=0x00000000
SIGTRAP: SIG_DFL, sa_mask[0]=0x00000000, sa_flags=0x00000000


---------------  S Y S T E M  ---------------

OS:Ubuntu 14.10 (utopic)
uname:Linux 3.16.0-23-generic #31-Ubuntu SMP Tue Oct 21 17:56:17 UTC 2014 x86_64
libc:glibc 2.19 NPTL 2.19 
rlimit: STACK 8192k, CORE 0k, NPROC 14594, NOFILE 4096, AS infinity
load average:1.82 1.17 0.88

/proc/meminfo:
MemTotal:        3766904 kB
MemFree:          174016 kB
MemAvailable:     200876 kB
Buffers:            8432 kB
Cached:           301760 kB
SwapCached:            0 kB
Active:          3237492 kB
Inactive:         160804 kB
Active(anon):    3116716 kB
Inactive(anon):   108132 kB
Active(file):     120776 kB
Inactive(file):    52672 kB
Unevictable:          64 kB
Mlocked:              64 kB
SwapTotal:             0 kB
SwapFree:              0 kB
Dirty:               616 kB
Writeback:             0 kB
AnonPages:       3088524 kB
Mapped:           174304 kB
Shmem:            136276 kB
Slab:              78920 kB
SReclaimable:      44692 kB
SUnreclaim:        34228 kB
KernelStack:        9072 kB
PageTables:        34080 kB
NFS_Unstable:          0 kB
Bounce:                0 kB
WritebackTmp:          0 kB
CommitLimit:     1883452 kB
Committed_AS:    5245116 kB
VmallocTotal:   34359738367 kB
VmallocUsed:      348064 kB
VmallocChunk:   34359310760 kB
HardwareCorrupted:     0 kB
AnonHugePages:   1751040 kB
HugePages_Total:       0
HugePages_Free:        0
HugePages_Rsvd:        0
HugePages_Surp:        0
Hugepagesize:       2048 kB
DirectMap4k:       86376 kB
DirectMap2M:     3825664 kB


CPU:total 4 (2 cores per cpu, 2 threads per core) family 6 model 58 stepping 9, cmov, cx8, fxsr, mmx, sse, sse2, sse3, ssse3, sse4.1, sse4.2, popcnt, avx, aes, erms, ht, tsc, tscinvbit, tscinv

/proc/cpuinfo:
processor	: 0
vendor_id	: GenuineIntel
cpu family	: 6
model		: 58
model name	: Intel(R) Core(TM) i5-3320M CPU @ 2.60GHz
stepping	: 9
microcode	: 0x12
cpu MHz		: 1417.203
cache size	: 3072 KB
physical id	: 0
siblings	: 4
core id		: 0
cpu cores	: 2
apicid		: 0
initial apicid	: 0
fpu		: yes
fpu_exception	: yes
cpuid level	: 13
wp		: yes
flags		: fpu vme de pse tsc msr pae mce cx8 apic sep mtrr pge mca cmov pat pse36 clflush dts acpi mmx fxsr sse sse2 ss ht tm pbe syscall nx rdtscp lm constant_tsc arch_perfmon pebs bts rep_good nopl xtopology nonstop_tsc aperfmperf eagerfpu pni pclmulqdq dtes64 monitor ds_cpl vmx smx est tm2 ssse3 cx16 xtpr pdcm pcid sse4_1 sse4_2 x2apic popcnt tsc_deadline_timer aes xsave avx f16c rdrand lahf_lm ida arat epb xsaveopt pln pts dtherm tpr_shadow vnmi flexpriority ept vpid fsgsbase smep erms
bogomips	: 5188.44
clflush size	: 64
cache_alignment	: 64
address sizes	: 36 bits physical, 48 bits virtual
power management:

processor	: 1
vendor_id	: GenuineIntel
cpu family	: 6
model		: 58
model name	: Intel(R) Core(TM) i5-3320M CPU @ 2.60GHz
stepping	: 9
microcode	: 0x12
cpu MHz		: 1491.953
cache size	: 3072 KB
physical id	: 0
siblings	: 4
core id		: 0
cpu cores	: 2
apicid		: 1
initial apicid	: 1
fpu		: yes
fpu_exception	: yes
cpuid level	: 13
wp		: yes
flags		: fpu vme de pse tsc msr pae mce cx8 apic sep mtrr pge mca cmov pat pse36 clflush dts acpi mmx fxsr sse sse2 ss ht tm pbe syscall nx rdtscp lm constant_tsc arch_perfmon pebs bts rep_good nopl xtopology nonstop_tsc aperfmperf eagerfpu pni pclmulqdq dtes64 monitor ds_cpl vmx smx est tm2 ssse3 cx16 xtpr pdcm pcid sse4_1 sse4_2 x2apic popcnt tsc_deadline_timer aes xsave avx f16c rdrand lahf_lm ida arat epb xsaveopt pln pts dtherm tpr_shadow vnmi flexpriority ept vpid fsgsbase smep erms
bogomips	: 5188.44
clflush size	: 64
cache_alignment	: 64
address sizes	: 36 bits physical, 48 bits virtual
power management:

processor	: 2
vendor_id	: GenuineIntel
cpu family	: 6
model		: 58
model name	: Intel(R) Core(TM) i5-3320M CPU @ 2.60GHz
stepping	: 9
microcode	: 0x12
cpu MHz		: 1583.156
cache size	: 3072 KB
physical id	: 0
siblings	: 4
core id		: 1
cpu cores	: 2
apicid		: 2
initial apicid	: 2
fpu		: yes
fpu_exception	: yes
cpuid level	: 13
wp		: yes
flags		: fpu vme de pse tsc msr pae mce cx8 apic sep mtrr pge mca cmov pat pse36 clflush dts acpi mmx fxsr sse sse2 ss ht tm pbe syscall nx rdtscp lm constant_tsc arch_perfmon pebs bts rep_good nopl xtopology nonstop_tsc aperfmperf eagerfpu pni pclmulqdq dtes64 monitor ds_cpl vmx smx est tm2 ssse3 cx16 xtpr pdcm pcid sse4_1 sse4_2 x2apic popcnt tsc_deadline_timer aes xsave avx f16c rdrand lahf_lm ida arat epb xsaveopt pln pts dtherm tpr_shadow vnmi flexpriority ept vpid fsgsbase smep erms
bogomips	: 5188.44
clflush size	: 64
cache_alignment	: 64
address sizes	: 36 bits physical, 48 bits virtual
power management:

processor	: 3
vendor_id	: GenuineIntel
cpu family	: 6
model		: 58
model name	: Intel(R) Core(TM) i5-3320M CPU @ 2.60GHz
stepping	: 9
microcode	: 0x12
cpu MHz		: 1327.421
cache size	: 3072 KB
physical id	: 0
siblings	: 4
core id		: 1
cpu cores	: 2
apicid		: 3
initial apicid	: 3
fpu		: yes
fpu_exception	: yes
cpuid level	: 13
wp		: yes
flags		: fpu vme de pse tsc msr pae mce cx8 apic sep mtrr pge mca cmov pat pse36 clflush dts acpi mmx fxsr sse sse2 ss ht tm pbe syscall nx rdtscp lm constant_tsc arch_perfmon pebs bts rep_good nopl xtopology nonstop_tsc aperfmperf eagerfpu pni pclmulqdq dtes64 monitor ds_cpl vmx smx est tm2 ssse3 cx16 xtpr pdcm pcid sse4_1 sse4_2 x2apic popcnt tsc_deadline_timer aes xsave avx f16c rdrand lahf_lm ida arat epb xsaveopt pln pts dtherm tpr_shadow vnmi flexpriority ept vpid fsgsbase smep erms
bogomips	: 5188.44
clflush size	: 64
cache_alignment	: 64
address sizes	: 36 bits physical, 48 bits virtual
power management:



Memory: 4k page, physical 3766904k(174016k free), swap 0k(0k free)

vm_info: OpenJDK 64-Bit Server VM (24.65-b04) for linux-amd64 JRE (1.7.0_65-b32), built on Oct 22 2014 04:20:25 by "buildd" with gcc 4.9.1

time: Thu Jan 22 10:53:10 2015
elapsed time: 0 seconds

