#
# There is insufficient memory for the Java Runtime Environment to continue.
# Native memory allocation (malloc) failed to allocate 536870912 bytes for committing reserved memory.
# Possible reasons:
#   The system is out of physical RAM or swap space
#   In 32 bit mode, the process size limit was hit
# Possible solutions:
#   Reduce memory load on the system
#   Increase physical memory or swap space
#   Check if swap backing store is full
#   Use 64 bit Java on a 64 bit OS
#   Decrease Java heap size (-Xmx/-Xms)
#   Decrease number of Java threads
#   Decrease Java thread stack sizes (-Xss)
#   Set larger code cache with -XX:ReservedCodeCacheSize=
# This output file may be truncated or incomplete.
#
#  Out of Memory Error (os_linux.cpp:2798), pid=6466, tid=139849191651072
#
# JRE version:  (7.0_65-b32) (build )
# Java VM: OpenJDK 64-Bit Server VM (24.65-b04 mixed mode linux-amd64 compressed oops)
# Derivative: IcedTea 2.5.3
# Distribution: Ubuntu 14.10, package 7u71-2.5.3-0ubuntu1
# Failed to write core dump. Core dumps have been disabled. To enable core dumping, try "ulimit -c unlimited" before starting Java again
#

---------------  T H R E A D  ---------------

Current thread (0x00007f312400c000):  JavaThread "Unknown thread" [_thread_in_vm, id=6467, stack(0x00007f312d53f000,0x00007f312d640000)]

Stack: [0x00007f312d53f000,0x00007f312d640000],  sp=0x00007f312d63e570,  free space=1021k
Native frames: (J=compiled Java code, j=interpreted, Vv=VM code, C=native code)
V  [libjvm.so+0x980aa6]  VMError::report_and_die()+0x186
V  [libjvm.so+0x48fed2]  report_vm_out_of_memory(char const*, int, unsigned long, char const*)+0x92
V  [libjvm.so+0x7f480b]  os::pd_commit_memory(char*, unsigned long, unsigned long, bool)+0xeb
V  [libjvm.so+0x7eef1e]  os::commit_memory(char*, unsigned long, unsigned long, bool)+0x2e
V  [libjvm.so+0x86100b]  PSVirtualSpace::expand_by(unsigned long)+0x5b
V  [libjvm.so+0x84ff3b]  PSOldGen::initialize(ReservedSpace, unsigned long, char const*, int)+0xab
V  [libjvm.so+0x2a4a55]  AdjoiningGenerations::AdjoiningGenerations(ReservedSpace, unsigned long, unsigned long, unsigned long, unsigned long, unsigned long, unsigned long, unsigned long)+0x365
V  [libjvm.so+0x815364]  ParallelScavengeHeap::initialize()+0x594
V  [libjvm.so+0x94b067]  Universe::initialize_heap()+0xc7
V  [libjvm.so+0x94b3b6]  universe_init()+0x76
V  [libjvm.so+0x5b025f]  init_globals()+0x5f
V  [libjvm.so+0x92c4ef]  Threads::create_vm(JavaVMInitArgs*, bool*)+0x36f
V  [libjvm.so+0x61f360]  JNI_CreateJavaVM+0x60
C  [libjli.so+0x2b8e]


---------------  P R O C E S S  ---------------

Java Threads: ( => current thread )

Other Threads:

=>0x00007f312400c000 (exited) JavaThread "Unknown thread" [_thread_in_vm, id=6467, stack(0x00007f312d53f000,0x00007f312d640000)]

VM state:not at safepoint (not fully initialized)

VM Mutex/Monitor currently owned by a thread: None

GC Heap History (0 events):
No events

Deoptimization events (0 events):
No events

Internal exceptions (0 events):
No events

Events (0 events):
No events


Dynamic libraries:
00400000-00401000 r-xp 00000000 08:01 2233750                            /usr/lib/jvm/java-7-openjdk-amd64/jre/bin/java
00600000-00601000 r--p 00000000 08:01 2233750                            /usr/lib/jvm/java-7-openjdk-amd64/jre/bin/java
00601000-00602000 rw-p 00001000 08:01 2233750                            /usr/lib/jvm/java-7-openjdk-amd64/jre/bin/java
01e50000-01e71000 rw-p 00000000 00:00 0                                  [heap]
c0000000-d0000000 rw-p 00000000 00:00 0 
f0000000-100000000 rw-p 00000000 00:00 0 
7f3121000000-7f3121270000 rwxp 00000000 00:00 0 
7f3121270000-7f3124025000 rw-p 00000000 00:00 0 
7f3124025000-7f3128000000 ---p 00000000 00:00 0 
7f3129af4000-7f3129d2d000 rw-p 00000000 00:00 0 
7f3129d2d000-7f3129ead000 rw-p 00000000 00:00 0 
7f3129ead000-7f3129f2e000 rw-p 00000000 00:00 0 
7f3129f2e000-7f3129f36000 r-xp 00000000 08:01 2231804                    /usr/lib/jvm/java-7-openjdk-amd64/jre/lib/amd64/libzip.so
7f3129f36000-7f312a135000 ---p 00008000 08:01 2231804                    /usr/lib/jvm/java-7-openjdk-amd64/jre/lib/amd64/libzip.so
7f312a135000-7f312a136000 r--p 00007000 08:01 2231804                    /usr/lib/jvm/java-7-openjdk-amd64/jre/lib/amd64/libzip.so
7f312a136000-7f312a137000 rw-p 00008000 08:01 2231804                    /usr/lib/jvm/java-7-openjdk-amd64/jre/lib/amd64/libzip.so
7f312a137000-7f312a142000 r-xp 00000000 08:01 8655213                    /lib/x86_64-linux-gnu/libnss_files-2.19.so
7f312a142000-7f312a341000 ---p 0000b000 08:01 8655213                    /lib/x86_64-linux-gnu/libnss_files-2.19.so
7f312a341000-7f312a342000 r--p 0000a000 08:01 8655213                    /lib/x86_64-linux-gnu/libnss_files-2.19.so
7f312a342000-7f312a343000 rw-p 0000b000 08:01 8655213                    /lib/x86_64-linux-gnu/libnss_files-2.19.so
7f312a343000-7f312a34e000 r-xp 00000000 08:01 8655205                    /lib/x86_64-linux-gnu/libnss_nis-2.19.so
7f312a34e000-7f312a54d000 ---p 0000b000 08:01 8655205                    /lib/x86_64-linux-gnu/libnss_nis-2.19.so
7f312a54d000-7f312a54e000 r--p 0000a000 08:01 8655205                    /lib/x86_64-linux-gnu/libnss_nis-2.19.so
7f312a54e000-7f312a54f000 rw-p 0000b000 08:01 8655205                    /lib/x86_64-linux-gnu/libnss_nis-2.19.so
7f312a54f000-7f312a566000 r-xp 00000000 08:01 8650771                    /lib/x86_64-linux-gnu/libnsl-2.19.so
7f312a566000-7f312a765000 ---p 00017000 08:01 8650771                    /lib/x86_64-linux-gnu/libnsl-2.19.so
7f312a765000-7f312a766000 r--p 00016000 08:01 8650771                    /lib/x86_64-linux-gnu/libnsl-2.19.so
7f312a766000-7f312a767000 rw-p 00017000 08:01 8650771                    /lib/x86_64-linux-gnu/libnsl-2.19.so
7f312a767000-7f312a769000 rw-p 00000000 00:00 0 
7f312a769000-7f312a772000 r-xp 00000000 08:01 8655023                    /lib/x86_64-linux-gnu/libnss_compat-2.19.so
7f312a772000-7f312a971000 ---p 00009000 08:01 8655023                    /lib/x86_64-linux-gnu/libnss_compat-2.19.so
7f312a971000-7f312a972000 r--p 00008000 08:01 8655023                    /lib/x86_64-linux-gnu/libnss_compat-2.19.so
7f312a972000-7f312a973000 rw-p 00009000 08:01 8655023                    /lib/x86_64-linux-gnu/libnss_compat-2.19.so
7f312a973000-7f312a97d000 r-xp 00000000 08:01 2233685                    /usr/lib/jvm/java-7-openjdk-amd64/jre/lib/amd64/libinstrument.so
7f312a97d000-7f312ab7c000 ---p 0000a000 08:01 2233685                    /usr/lib/jvm/java-7-openjdk-amd64/jre/lib/amd64/libinstrument.so
7f312ab7c000-7f312ab7d000 r--p 00009000 08:01 2233685                    /usr/lib/jvm/java-7-openjdk-amd64/jre/lib/amd64/libinstrument.so
7f312ab7d000-7f312ab7e000 rw-p 0000a000 08:01 2233685                    /usr/lib/jvm/java-7-openjdk-amd64/jre/lib/amd64/libinstrument.so
7f312ab7e000-7f312abab000 r-xp 00000000 08:01 2231787                    /usr/lib/jvm/java-7-openjdk-amd64/jre/lib/amd64/libjava.so
7f312abab000-7f312adaa000 ---p 0002d000 08:01 2231787                    /usr/lib/jvm/java-7-openjdk-amd64/jre/lib/amd64/libjava.so
7f312adaa000-7f312adab000 r--p 0002c000 08:01 2231787                    /usr/lib/jvm/java-7-openjdk-amd64/jre/lib/amd64/libjava.so
7f312adab000-7f312adad000 rw-p 0002d000 08:01 2231787                    /usr/lib/jvm/java-7-openjdk-amd64/jre/lib/amd64/libjava.so
7f312adad000-7f312adbe000 r-xp 00000000 08:01 2233677                    /usr/lib/jvm/java-7-openjdk-amd64/jre/lib/amd64/libverify.so
7f312adbe000-7f312afbd000 ---p 00011000 08:01 2233677                    /usr/lib/jvm/java-7-openjdk-amd64/jre/lib/amd64/libverify.so
7f312afbd000-7f312afbf000 r--p 00010000 08:01 2233677                    /usr/lib/jvm/java-7-openjdk-amd64/jre/lib/amd64/libverify.so
7f312afbf000-7f312afc0000 rw-p 00012000 08:01 2233677                    /usr/lib/jvm/java-7-openjdk-amd64/jre/lib/amd64/libverify.so
7f312afc0000-7f312afc7000 r-xp 00000000 08:01 8655204                    /lib/x86_64-linux-gnu/librt-2.19.so
7f312afc7000-7f312b1c6000 ---p 00007000 08:01 8655204                    /lib/x86_64-linux-gnu/librt-2.19.so
7f312b1c6000-7f312b1c7000 r--p 00006000 08:01 8655204                    /lib/x86_64-linux-gnu/librt-2.19.so
7f312b1c7000-7f312b1c8000 rw-p 00007000 08:01 8655204                    /lib/x86_64-linux-gnu/librt-2.19.so
7f312b1c8000-7f312b1de000 r-xp 00000000 08:01 8654949                    /lib/x86_64-linux-gnu/libgcc_s.so.1
7f312b1de000-7f312b3dd000 ---p 00016000 08:01 8654949                    /lib/x86_64-linux-gnu/libgcc_s.so.1
7f312b3dd000-7f312b3de000 r--p 00015000 08:01 8654949                    /lib/x86_64-linux-gnu/libgcc_s.so.1
7f312b3de000-7f312b3df000 rw-p 00016000 08:01 8654949                    /lib/x86_64-linux-gnu/libgcc_s.so.1
7f312b3df000-7f312b4e4000 r-xp 00000000 08:01 8655206                    /lib/x86_64-linux-gnu/libm-2.19.so
7f312b4e4000-7f312b6e3000 ---p 00105000 08:01 8655206                    /lib/x86_64-linux-gnu/libm-2.19.so
7f312b6e3000-7f312b6e4000 r--p 00104000 08:01 8655206                    /lib/x86_64-linux-gnu/libm-2.19.so
7f312b6e4000-7f312b6e5000 rw-p 00105000 08:01 8655206                    /lib/x86_64-linux-gnu/libm-2.19.so
7f312b6e5000-7f312b7d5000 r-xp 00000000 08:01 2237967                    /usr/lib/x86_64-linux-gnu/libstdc++.so.6.0.20
7f312b7d5000-7f312b9d5000 ---p 000f0000 08:01 2237967                    /usr/lib/x86_64-linux-gnu/libstdc++.so.6.0.20
7f312b9d5000-7f312b9dd000 r--p 000f0000 08:01 2237967                    /usr/lib/x86_64-linux-gnu/libstdc++.so.6.0.20
7f312b9dd000-7f312b9df000 rw-p 000f8000 08:01 2237967                    /usr/lib/x86_64-linux-gnu/libstdc++.so.6.0.20
7f312b9df000-7f312b9f4000 rw-p 00000000 00:00 0 
7f312b9f4000-7f312c541000 r-xp 00000000 08:01 2233690                    /usr/lib/jvm/java-7-openjdk-amd64/jre/lib/amd64/server/libjvm.so
7f312c541000-7f312c741000 ---p 00b4d000 08:01 2233690                    /usr/lib/jvm/java-7-openjdk-amd64/jre/lib/amd64/server/libjvm.so
7f312c741000-7f312c7e0000 r--p 00b4d000 08:01 2233690                    /usr/lib/jvm/java-7-openjdk-amd64/jre/lib/amd64/server/libjvm.so
7f312c7e0000-7f312c803000 rw-p 00bec000 08:01 2233690                    /usr/lib/jvm/java-7-openjdk-amd64/jre/lib/amd64/server/libjvm.so
7f312c803000-7f312c830000 rw-p 00000000 00:00 0 
7f312c830000-7f312c848000 r-xp 00000000 08:01 8655093                    /lib/x86_64-linux-gnu/libz.so.1.2.8
7f312c848000-7f312ca47000 ---p 00018000 08:01 8655093                    /lib/x86_64-linux-gnu/libz.so.1.2.8
7f312ca47000-7f312ca48000 r--p 00017000 08:01 8655093                    /lib/x86_64-linux-gnu/libz.so.1.2.8
7f312ca48000-7f312ca49000 rw-p 00018000 08:01 8655093                    /lib/x86_64-linux-gnu/libz.so.1.2.8
7f312ca49000-7f312ca61000 r-xp 00000000 08:01 8655024                    /lib/x86_64-linux-gnu/libpthread-2.19.so
7f312ca61000-7f312cc61000 ---p 00018000 08:01 8655024                    /lib/x86_64-linux-gnu/libpthread-2.19.so
7f312cc61000-7f312cc62000 r--p 00018000 08:01 8655024                    /lib/x86_64-linux-gnu/libpthread-2.19.so
7f312cc62000-7f312cc63000 rw-p 00019000 08:01 8655024                    /lib/x86_64-linux-gnu/libpthread-2.19.so
7f312cc63000-7f312cc67000 rw-p 00000000 00:00 0 
7f312cc67000-7f312cc6a000 r-xp 00000000 08:01 8655217                    /lib/x86_64-linux-gnu/libdl-2.19.so
7f312cc6a000-7f312ce69000 ---p 00003000 08:01 8655217                    /lib/x86_64-linux-gnu/libdl-2.19.so
7f312ce69000-7f312ce6a000 r--p 00002000 08:01 8655217                    /lib/x86_64-linux-gnu/libdl-2.19.so
7f312ce6a000-7f312ce6b000 rw-p 00003000 08:01 8655217                    /lib/x86_64-linux-gnu/libdl-2.19.so
7f312ce6b000-7f312d025000 r-xp 00000000 08:01 8650767                    /lib/x86_64-linux-gnu/libc-2.19.so
7f312d025000-7f312d225000 ---p 001ba000 08:01 8650767                    /lib/x86_64-linux-gnu/libc-2.19.so
7f312d225000-7f312d229000 r--p 001ba000 08:01 8650767                    /lib/x86_64-linux-gnu/libc-2.19.so
7f312d229000-7f312d22b000 rw-p 001be000 08:01 8650767                    /lib/x86_64-linux-gnu/libc-2.19.so
7f312d22b000-7f312d230000 rw-p 00000000 00:00 0 
7f312d230000-7f312d23d000 r-xp 00000000 08:01 2233695                    /usr/lib/jvm/java-7-openjdk-amd64/jre/lib/amd64/jli/libjli.so
7f312d23d000-7f312d43c000 ---p 0000d000 08:01 2233695                    /usr/lib/jvm/java-7-openjdk-amd64/jre/lib/amd64/jli/libjli.so
7f312d43c000-7f312d43d000 r--p 0000c000 08:01 2233695                    /usr/lib/jvm/java-7-openjdk-amd64/jre/lib/amd64/jli/libjli.so
7f312d43d000-7f312d43e000 rw-p 0000d000 08:01 2233695                    /usr/lib/jvm/java-7-openjdk-amd64/jre/lib/amd64/jli/libjli.so
7f312d43e000-7f312d461000 r-xp 00000000 08:01 8655208                    /lib/x86_64-linux-gnu/ld-2.19.so
7f312d47f000-7f312d489000 rw-p 00000000 00:00 0 
7f312d489000-7f312d53f000 rw-p 00000000 00:00 0 
7f312d53f000-7f312d542000 ---p 00000000 00:00 0 
7f312d542000-7f312d645000 rw-p 00000000 00:00 0                          [stack:6467]
7f312d652000-7f312d654000 rw-p 00000000 00:00 0 
7f312d654000-7f312d65c000 rw-s 00000000 08:01 6422558                    /tmp/hsperfdata_mohammed/6466
7f312d65c000-7f312d65d000 rw-p 00000000 00:00 0 
7f312d65d000-7f312d65e000 r--p 00000000 00:00 0 
7f312d65e000-7f312d660000 rw-p 00000000 00:00 0 
7f312d660000-7f312d661000 r--p 00022000 08:01 8655208                    /lib/x86_64-linux-gnu/ld-2.19.so
7f312d661000-7f312d662000 rw-p 00023000 08:01 8655208                    /lib/x86_64-linux-gnu/ld-2.19.so
7f312d662000-7f312d663000 rw-p 00000000 00:00 0 
7fff52fcb000-7fff52fec000 rw-p 00000000 00:00 0                          [stack]
7fff52ffc000-7fff52ffe000 r-xp 00000000 00:00 0                          [vdso]
7fff52ffe000-7fff53000000 r--p 00000000 00:00 0                          [vvar]
ffffffffff600000-ffffffffff601000 r-xp 00000000 00:00 0                  [vsyscall]

VM Arguments:
jvm_args: -Dgrails.home=/home/mohammed/Téléchargements/grails-2.4.3 -Dbase.dir=/home/mohammed/IdeaProjects/stackOverFLow -Dtools.jar=/usr/lib/jvm/java-7-openjdk-amd64/lib/tools.jar -Dgroovy.starter.conf=/home/mohammed/Téléchargements/grails-2.4.3/conf/groovy-starter.conf -Xmx768M -Xms768M -XX:MaxPermSize=256m -XX:PermSize=256m -javaagent:/home/mohammed/Téléchargements/grails-2.4.3/lib/org.springframework/springloaded/jars/springloaded-1.2.0.RELEASE.jar -Xverify:none -Dspringloaded=profile=grails -Didea.launcher.port=7536 -Didea.launcher.bin.path=/home/mohammed/Téléchargements/idea-IU-139.659.2/bin -Dfile.encoding=UTF-8 
java_command: com.intellij.rt.execution.application.AppMain org.codehaus.groovy.grails.cli.support.GrailsStarter --main org.codehaus.groovy.grails.cli.GrailsScriptRunner --conf /home/mohammed/Téléchargements/grails-2.4.3/conf/groovy-starter.conf run-app -plain-output
Launcher Type: SUN_STANDARD

Environment Variables:
JAVA_HOME=/usr/lib/jvm/java-7-openjdk-amd64
CLASSPATH=/home/mohammed/Téléchargements/idea-IU-139.659.2/bin/../lib/bootstrap.jar:/home/mohammed/Téléchargements/idea-IU-139.659.2/bin/../lib/extensions.jar:/home/mohammed/Téléchargements/idea-IU-139.659.2/bin/../lib/util.jar:/home/mohammed/Téléchargements/idea-IU-139.659.2/bin/../lib/jdom.jar:/home/mohammed/Téléchargements/idea-IU-139.659.2/bin/../lib/log4j.jar:/home/mohammed/Téléchargements/idea-IU-139.659.2/bin/../lib/trove4j.jar:/home/mohammed/Téléchargements/idea-IU-139.659.2/bin/../lib/jna.jar:/usr/lib/jvm/java-7-openjdk-amd64/lib/tools.jar
PATH=/usr/local/sbin:/usr/local/bin:/usr/sbin:/usr/bin:/sbin:/bin:/usr/games:/usr/local/games
LD_LIBRARY_PATH=/home/mohammed/Téléchargements/idea-IU-139.659.2/bin:
SHELL=/bin/bash
DISPLAY=:0

Signal Handlers:
SIGSEGV: [libjvm.so+0x981590], sa_mask[0]=0x7ffbfeff, sa_flags=0x10000004
SIGBUS: [libjvm.so+0x981590], sa_mask[0]=0x7ffbfeff, sa_flags=0x10000004
SIGFPE: [libjvm.so+0x7efd60], sa_mask[0]=0x7ffbfeff, sa_flags=0x10000004
SIGPIPE: [libjvm.so+0x7efd60], sa_mask[0]=0x7ffbfeff, sa_flags=0x10000004
SIGXFSZ: [libjvm.so+0x7efd60], sa_mask[0]=0x7ffbfeff, sa_flags=0x10000004
SIGILL: [libjvm.so+0x7efd60], sa_mask[0]=0x7ffbfeff, sa_flags=0x10000004
SIGUSR1: SIG_DFL, sa_mask[0]=0x00000000, sa_flags=0x00000000
SIGUSR2: [libjvm.so+0x7efbe0], sa_mask[0]=0x00000004, sa_flags=0x10000004
SIGHUP: SIG_DFL, sa_mask[0]=0x00000000, sa_flags=0x00000000
SIGINT: SIG_DFL, sa_mask[0]=0x00000000, sa_flags=0x00000000
SIGTERM: SIG_DFL, sa_mask[0]=0x00000000, sa_flags=0x00000000
SIGQUIT: SIG_DFL, sa_mask[0]=0x00000000, sa_flags=0x00000000
SIGTRAP: SIG_DFL, sa_mask[0]=0x00000000, sa_flags=0x00000000


---------------  S Y S T E M  ---------------

OS:Ubuntu 14.10 (utopic)
uname:Linux 3.16.0-23-generic #31-Ubuntu SMP Tue Oct 21 17:56:17 UTC 2014 x86_64
libc:glibc 2.19 NPTL 2.19 
rlimit: STACK 8192k, CORE 0k, NPROC 14594, NOFILE 4096, AS infinity
load average:0.92 1.01 0.88

/proc/meminfo:
MemTotal:        3766904 kB
MemFree:          322888 kB
MemAvailable:     444640 kB
Buffers:           20468 kB
Cached:           349100 kB
SwapCached:            0 kB
Active:          3030264 kB
Inactive:         238744 kB
Active(anon):    2912124 kB
Inactive(anon):    86212 kB
Active(file):     118140 kB
Inactive(file):   152532 kB
Unevictable:          64 kB
Mlocked:              64 kB
SwapTotal:             0 kB
SwapFree:              0 kB
Dirty:              1300 kB
Writeback:             0 kB
AnonPages:       2899524 kB
Mapped:           166712 kB
Shmem:             98896 kB
Slab:              73416 kB
SReclaimable:      40032 kB
SUnreclaim:        33384 kB
KernelStack:        8768 kB
PageTables:        31032 kB
NFS_Unstable:          0 kB
Bounce:                0 kB
WritebackTmp:          0 kB
CommitLimit:     1883452 kB
Committed_AS:    5060976 kB
VmallocTotal:   34359738367 kB
VmallocUsed:      348000 kB
VmallocChunk:   34359347964 kB
HardwareCorrupted:     0 kB
AnonHugePages:   1949696 kB
HugePages_Total:       0
HugePages_Free:        0
HugePages_Rsvd:        0
HugePages_Surp:        0
Hugepagesize:       2048 kB
DirectMap4k:       80232 kB
DirectMap2M:     3831808 kB


CPU:total 4 (2 cores per cpu, 2 threads per core) family 6 model 58 stepping 9, cmov, cx8, fxsr, mmx, sse, sse2, sse3, ssse3, sse4.1, sse4.2, popcnt, avx, aes, erms, ht, tsc, tscinvbit, tscinv

/proc/cpuinfo:
processor	: 0
vendor_id	: GenuineIntel
cpu family	: 6
model		: 58
model name	: Intel(R) Core(TM) i5-3320M CPU @ 2.60GHz
stepping	: 9
microcode	: 0x12
cpu MHz		: 1477.429
cache size	: 3072 KB
physical id	: 0
siblings	: 4
core id		: 0
cpu cores	: 2
apicid		: 0
initial apicid	: 0
fpu		: yes
fpu_exception	: yes
cpuid level	: 13
wp		: yes
flags		: fpu vme de pse tsc msr pae mce cx8 apic sep mtrr pge mca cmov pat pse36 clflush dts acpi mmx fxsr sse sse2 ss ht tm pbe syscall nx rdtscp lm constant_tsc arch_perfmon pebs bts rep_good nopl xtopology nonstop_tsc aperfmperf eagerfpu pni pclmulqdq dtes64 monitor ds_cpl vmx smx est tm2 ssse3 cx16 xtpr pdcm pcid sse4_1 sse4_2 x2apic popcnt tsc_deadline_timer aes xsave avx f16c rdrand lahf_lm ida arat epb xsaveopt pln pts dtherm tpr_shadow vnmi flexpriority ept vpid fsgsbase smep erms
bogomips	: 5187.62
clflush size	: 64
cache_alignment	: 64
address sizes	: 36 bits physical, 48 bits virtual
power management:

processor	: 1
vendor_id	: GenuineIntel
cpu family	: 6
model		: 58
model name	: Intel(R) Core(TM) i5-3320M CPU @ 2.60GHz
stepping	: 9
microcode	: 0x12
cpu MHz		: 1575.742
cache size	: 3072 KB
physical id	: 0
siblings	: 4
core id		: 0
cpu cores	: 2
apicid		: 1
initial apicid	: 1
fpu		: yes
fpu_exception	: yes
cpuid level	: 13
wp		: yes
flags		: fpu vme de pse tsc msr pae mce cx8 apic sep mtrr pge mca cmov pat pse36 clflush dts acpi mmx fxsr sse sse2 ss ht tm pbe syscall nx rdtscp lm constant_tsc arch_perfmon pebs bts rep_good nopl xtopology nonstop_tsc aperfmperf eagerfpu pni pclmulqdq dtes64 monitor ds_cpl vmx smx est tm2 ssse3 cx16 xtpr pdcm pcid sse4_1 sse4_2 x2apic popcnt tsc_deadline_timer aes xsave avx f16c rdrand lahf_lm ida arat epb xsaveopt pln pts dtherm tpr_shadow vnmi flexpriority ept vpid fsgsbase smep erms
bogomips	: 5187.62
clflush size	: 64
cache_alignment	: 64
address sizes	: 36 bits physical, 48 bits virtual
power management:

processor	: 2
vendor_id	: GenuineIntel
cpu family	: 6
model		: 58
model name	: Intel(R) Core(TM) i5-3320M CPU @ 2.60GHz
stepping	: 9
microcode	: 0x12
cpu MHz		: 1593.820
cache size	: 3072 KB
physical id	: 0
siblings	: 4
core id		: 1
cpu cores	: 2
apicid		: 2
initial apicid	: 2
fpu		: yes
fpu_exception	: yes
cpuid level	: 13
wp		: yes
flags		: fpu vme de pse tsc msr pae mce cx8 apic sep mtrr pge mca cmov pat pse36 clflush dts acpi mmx fxsr sse sse2 ss ht tm pbe syscall nx rdtscp lm constant_tsc arch_perfmon pebs bts rep_good nopl xtopology nonstop_tsc aperfmperf eagerfpu pni pclmulqdq dtes64 monitor ds_cpl vmx smx est tm2 ssse3 cx16 xtpr pdcm pcid sse4_1 sse4_2 x2apic popcnt tsc_deadline_timer aes xsave avx f16c rdrand lahf_lm ida arat epb xsaveopt pln pts dtherm tpr_shadow vnmi flexpriority ept vpid fsgsbase smep erms
bogomips	: 5187.62
clflush size	: 64
cache_alignment	: 64
address sizes	: 36 bits physical, 48 bits virtual
power management:

processor	: 3
vendor_id	: GenuineIntel
cpu family	: 6
model		: 58
model name	: Intel(R) Core(TM) i5-3320M CPU @ 2.60GHz
stepping	: 9
microcode	: 0x12
cpu MHz		: 1607.734
cache size	: 3072 KB
physical id	: 0
siblings	: 4
core id		: 1
cpu cores	: 2
apicid		: 3
initial apicid	: 3
fpu		: yes
fpu_exception	: yes
cpuid level	: 13
wp		: yes
flags		: fpu vme de pse tsc msr pae mce cx8 apic sep mtrr pge mca cmov pat pse36 clflush dts acpi mmx fxsr sse sse2 ss ht tm pbe syscall nx rdtscp lm constant_tsc arch_perfmon pebs bts rep_good nopl xtopology nonstop_tsc aperfmperf eagerfpu pni pclmulqdq dtes64 monitor ds_cpl vmx smx est tm2 ssse3 cx16 xtpr pdcm pcid sse4_1 sse4_2 x2apic popcnt tsc_deadline_timer aes xsave avx f16c rdrand lahf_lm ida arat epb xsaveopt pln pts dtherm tpr_shadow vnmi flexpriority ept vpid fsgsbase smep erms
bogomips	: 5187.62
clflush size	: 64
cache_alignment	: 64
address sizes	: 36 bits physical, 48 bits virtual
power management:



Memory: 4k page, physical 3766904k(322888k free), swap 0k(0k free)

vm_info: OpenJDK 64-Bit Server VM (24.65-b04) for linux-amd64 JRE (1.7.0_65-b32), built on Oct 22 2014 04:20:25 by "buildd" with gcc 4.9.1

time: Wed Jan 14 16:02:33 2015
elapsed time: 0 seconds

